
test.axf:     file format elf32-bigmips
test.axf
architecture: mips1, flags 0x00000002:
EXEC_P
start address 0x00000000

Program Header:
    LOAD off    0x00000094 vaddr 0x00000000 paddr 0x00000000 align 2**2
         filesz 0x000012e0 memsz 0x000012e0 flags rwx
    LOAD off    0x00001374 vaddr 0x000012f8 paddr 0x000012f8 align 2**2
         filesz 0x00000003 memsz 0x00000003 flags r--
    LOAD off    0x0000137b vaddr 0x000012fb paddr 0x000012fb align 2**4
         filesz 0x00000041 memsz 0x00000845 flags rw-

Sections:
Idx Name          Size      VMA       LMA       File off  Algn
  0 .text         000012e0  00000000  00000000  00000094  2**2
                  CONTENTS, ALLOC, LOAD, CODE
  1 .reginfo      00000018  000012e0  000012e0  000013c0  2**2
                  CONTENTS, READONLY
  2 .rodata       00000003  000012f8  000012f8  00001374  2**2
                  CONTENTS, ALLOC, LOAD, READONLY, DATA
  3 .data         00000028  000012fb  000012fb  0000137b  2**2
                  CONTENTS, ALLOC, LOAD, DATA
  4 .sdata        00000018  00001324  00001324  000013a4  2**2
                  CONTENTS, ALLOC, LOAD, DATA
  5 .bss          00000800  00001340  00001340  000013c0  2**4
                  ALLOC
No symbols in "test.axf".
Contents of section .text:
 0000 3c1c0001 279c9313 3c050000 24a51340  <...'...<...$..@
 0010 3c040000 24841b40 3c1d0000 27bd1528  <...$..@<...'..(
 0020 aca00000 00a4182a 1460fffd 24a50004  .......*.`..$...
 0030 3c020000 2442004c 3c032000 ac62004c  <...$B.L<. ..b.L
 0040 0c00047e 00000000 08000012 3c022000  ...~........<. .
 0050 03e00008 ac440044 23bdff98 afa10010  .....D.D#.......
 0060 afa20014 afa30018 afa4001c afa50020  ............... 
 0070 afa60024 afa70028 afa8002c afa90030  ...$...(...,...0
 0080 afaa0034 afab0038 afac003c afad0040  ...4...8...<...@
 0090 afae0044 afaf0048 afb8004c afb90050  ...D...H...L...P
 00a0 afbf0054 401a7000 235afffc afba0058  ...T@.p.#Z.....X
 00b0 0000d810 afbb005c 0000d812 afbb0060  .......\.......`
 00c0 3c062000 8cc40040 8cc5004c 8cc60050  <. ....@...L...P
 00d0 00862024 00a0f809 23a50000 8fa10010  .. $....#.......
 00e0 8fa20014 8fa30018 8fa4001c 8fa50020  ............... 
 00f0 8fa60024 8fa70028 8fa8002c 8fa90030  ...$...(...,...0
 0100 8faa0034 8fab0038 8fac003c 8fad0040  ...4...8...<...@
 0110 8fae0044 8faf0048 8fb8004c 8fb90050  ...D...H...L...P
 0120 8fbf0054 8fba0058 8fbb005c 03600011  ...T...X...\.`..
 0130 8fbb0060 03600013 23bd0068 341b0001  ...`.`..#..h4...
 0140 03400008 409b6000 40026000 03e00008  .@..@.`.@.`.....
 0150 40846000 ac900000 ac910004 ac920008  @.`.............
 0160 ac93000c ac940010 ac950014 ac960018  ................
 0170 ac97001c ac9e0020 ac9c0024 ac9d0028  ....... ...$...(
 0180 ac9f002c 03e00008 34020000 8c900000  ...,....4.......
 0190 8c910004 8c920008 8c93000c 8c940010  ................
 01a0 8c950014 8c960018 8c97001c 8c9e0020  ............... 
 01b0 8c9c0024 8c9d0028 8c9f002c 03e00008  ...$...(...,....
 01c0 34a20000 00850019 00001012 00002010  4............. .
 01d0 03e00008 acc40000 0000000c 03e00008  ................
 01e0 00000000 90820000 00000000 10400009  .............@..
 01f0 00000000 3c032000 304200ff ac620000  ....<. .0B...b..
 0200 24840001 90820000 00000000 1440fffa  $............@..
 0210 00000000 03e00008 00000000 27bdffe8  ............'...
 0220 afbf0010 0c000079 00000000 3c040000  .......y....<...
 0230 0c000079 248412f8 8fbf0010 00000000  ...y$...........
 0240 03e00008 27bd0018 27bdffe0 afbf001c  ....'...'.......
 0250 afb20018 afb10014 afb00010 00008025  ...............%
 0260 00a08825 1a200008 00809025 02501021  ...%. .....%.P.!
 0270 90440000 0c0000cf 26100001 0211102a  .D......&......*
 0280 1440fffb 02501021 02201025 8fbf001c  .@...P.!. .%....
 0290 8fb20018 8fb10014 8fb00010 03e00008  ................
 02a0 27bd0020 18a00011 00003025 3c082000  '.. ......0%<. .
 02b0 35080008 3c072000 34e70004 8d020000  5...<. .4.......
 02c0 00000000 30420008 10400008 00000000  ....0B...@......
 02d0 8ce30000 00861021 24c60001 a0430000  .......!$....C..
 02e0 00c5102a 1440fff5 00000000 03e00008  ...*.@..........
 02f0 00c01025 3c022000 34420008 8c420000  ...%<. .4B...B..
 0300 00000000 30420008 14400008 3c022000  ....0B...@..<. .
 0310 3c032000 34630008 8c620000 00000000  <. .4c...b......
 0320 30420008 1040fffc 3c022000 34420004  0B...@..<. .4B..
 0330 8c420000 03e00008 304200ff 3c022000  .B......0B..<. .
 0340 34420008 8c420000 00000000 30420001  4B...B......0B..
 0350 10400008 308400ff 3c032000 34630008  .@..0...<. .4c..
 0360 8c620000 00000000 30420001 1440fffc  .b......0B...@..
 0370 00000000 3c022000 03e00008 ac440000  ....<. ......D..
 0380 3c032000 346300c0 24020002 ac620000  <. .4c..$....b..
 0390 24020001 2442ffff 0441ffff 2442ffff  $...$B...A..$B..
 03a0 3c022000 344200c0 03e00008 ac400000  <. .4B.......@..
 03b0 3c020000 24421314 00c21021 90420000  <...$B.....!.B..
 03c0 00005025 01404025 3c032000 346300c8  ..P%.@@%<. .4c..
 03d0 01403825 000528c0 00c52807 ac620000  .@8%..(...(..b..
 03e0 18a00028 3c020000 24421318 00c26821  ...(<...$B....h!
 03f0 3c0c2000 358c00c4 3c020000 2442131c  <. .5...<...$B..
 0400 00c25821 3c092000 352900c0 240e0001  ..X!<. .5)..$...
 0410 3c020000 24421310 00c23021 91a20000  <...$B....0!....
 0420 00000000 00e21024 14400003 008a1021  .......$.@.....!
 0430 90480000 254a0001 91620000 00000000  .H..%J...b......
 0440 00481007 ad820000 ad2e0000 90c20000  .H..............
 0450 24030001 00481004 304200ff 00404025  $....H..0B...@@%
 0460 2463ffff 0461ffff 2463ffff 24630001  $c...a..$c..$c..
 0470 ad200000 24e70001 00e5102a 1440ffe7  . ..$......*.@..
 0480 00000000 03e00008 00000000 27bdffe0  ............'...
 0490 afbf0018 a3a40010 00a03025 27a40010  ..........0%'...
 04a0 0c0000ec 24050001 8fbf0018 00000000  ....$...........
 04b0 03e00008 27bd0020 27bdffe0 afbf0018  ....'.. '.......
 04c0 00041403 a3a20010 00041203 a3a20011  ................
 04d0 a3a40012 00a03025 27a40010 0c0000ec  ......0%'.......
 04e0 24050003 8fbf0018 00000000 03e00008  $...............
 04f0 27bd0020 00001825 000528c0 18a00021  '.. ...%..(....!
 0500 00603025 3c092000 352900c8 240c000f  .`0%<. .5)..$...
 0510 3c072000 34e700c0 240b0001 3c082000  <. .4...$...<. .
 0520 350800c4 240a0007 24020001 ad2c0000  5...$...$....,..
 0530 aceb0000 2442ffff 0441ffff 2442ffff  ....$B...A..$B..
 0540 8d020000 ace00000 00031840 00021042  ...........@...B
 0550 30420001 00431021 304300ff 30c20007  0B...C.!0C..0...
 0560 144a0004 000610c3 00821021 a0430000  .J.........!.C..
 0570 00001825 24c60001 00c5102a 1440ffeb  ...%$......*.@..
 0580 24020001 03e00008 00000000 3c032000  $...........<. .
 0590 346300c0 24020002 03e00008 ac620000  4c..$........b..
 05a0 27bdffc8 afb20018 8fb20054 afb60028  '..........T...(
 05b0 8fb60048 afb7002c 8fb70050 afbf0030  ...H...,...P...0
 05c0 afb50024 afb40020 afb3001c afb10014  ...$... ........
 05d0 afb00010 00808025 00a0a025 00c08825  .......%...%...%
 05e0 00e0a825 321000ff 325300ff 0c0000e0  ...%2...2S......
 05f0 02602025 02002025 0c000123 02402825  .` %.. %...#.@(%
 0600 1a200003 02802025 0c00012e 02402825  . .... %.....@(%
 0610 1ac00004 02a02025 02c02825 0c0000ec  ...... %..(%....
 0620 02403025 1ae00004 02e02825 8fa4004c  .@0%......(%...L
 0630 0c00013d 02603025 0c000163 00000000  ...=.`0%...c....
 0640 8fbf0030 8fb7002c 8fb60028 8fb50024  ...0...,...(...$
 0650 8fb40020 8fb3001c 8fb20018 8fb10014  ... ............
 0660 8fb00010 03e00008 27bd0038 27bdffd8  ........'..8'...
 0670 8fa20038 afbf0020 afa00010 afa70014  ...8... ........
 0680 afa0001c 308400ff 00003825 0c000168  ....0.....8%...h
 0690 afa20018 8fbf0020 00000000 03e00008  ....... ........
 06a0 27bd0028 27bdffd8 8fa20038 308400ff  '..('......80...
 06b0 afbf0020 afa00014 afa00018 afa0001c  ... ............
 06c0 0c000168 afa20010 8fbf0020 00000000  ...h....... ....
 06d0 03e00008 27bd0028 27bdffe0 afbf0018  ....'..('.......
 06e0 afa60010 00801025 00a03825 24040003  .......%..8%$...
 06f0 00402825 0c00019b 00803025 8fbf0018  .@(%......0%....
 0700 00000000 03e00008 27bd0020 27bdffe0  ........'.. '...
 0710 afbf0018 afa00010 24040006 00002825  ........$.....(%
 0720 00a03025 0c0001a9 00a03825 8fbf0018  ..0%......8%....
 0730 00000000 03e00008 27bd0020 27bdffe0  ........'.. '...
 0740 afbf0018 afa00010 24040004 00002825  ........$.....(%
 0750 00a03025 0c0001a9 00a03825 8fbf0018  ..0%......8%....
 0760 00000000 03e00008 27bd0020 27bdffd8  ........'.. '...
 0770 afbf0024 afb00020 24100002 afb00010  ...$... $.......
 0780 24040085 00002825 00a03025 0c00019b  $.....(%..0%....
 0790 27a70018 afb00010 24040065 00002825  '.......$..e..(%
 07a0 00a03025 0c00019b 27a7001a 93a20018  ..0%....'.......
 07b0 93a30019 93a4001a 93a5001b 8fbf0024  ...............$
 07c0 8fb00020 00021600 00031c00 00431021  ... .........C.!
 07d0 00042200 00441021 00451025 03e00008  .."..D.!.E.%....
 07e0 27bd0028 27bdffd8 afbf0020 24020002  '..('...... $...
 07f0 afa20010 240400b5 00002825 00a03025  ....$.....(%..0%
 0800 0c00019b 27a70018 93a20018 93a30019  ....'...........
 0810 8fbf0020 00021200 00431025 03e00008  ... .....C.%....
 0820 27bd0028 27bdffe0 afbf001c afb00018  '..('...........
 0830 3c100000 261012fc 92040007 0c0000e0  <...&...........
 0840 00000000 8e050004 0c000123 24040065  ...........#$..e
 0850 92060007 27a40010 0c00013d 24050001  ....'......=$...
 0860 0c000163 00000000 93a20010 8fbf001c  ...c............
 0870 8fb00018 03e00008 27bd0020 27bdffe0  ........'.. '...
 0880 afbf001c afb00018 3c100000 261012fc  ........<...&...
 0890 9204000b 0c0000e0 00000000 8e050008  ................
 08a0 0c000123 24040065 9206000b 27a40010  ...#$..e....'...
 08b0 0c00013d 24050001 0c000163 00000000  ...=$......c....
 08c0 93a20010 8fbf001c 8fb00018 03e00008  ................
 08d0 27bd0020 27bdffe0 afbf001c afb00018  '.. '...........
 08e0 3c100000 261012fc 92040013 0c0000e0  <...&...........
 08f0 00000000 8e050010 0c000123 24040065  ...........#$..e
 0900 92060013 27a40010 0c00013d 24050001  ....'......=$...
 0910 0c000163 00000000 93a20010 8fbf001c  ...c............
 0920 8fb00018 03e00008 27bd0020 27bdffe8  ........'.. '...
 0930 afbf0010 0c000209 00000000 00402025  .............@ %
 0940 308300c0 240200c0 1062000a 00801025  0...$....b.....%
 0950 0c00021f 00000000 00402025 304300c0  .........@ %0C..
 0960 24020080 10620003 00801025 0c000209  $....b.....%....
 0970 00000000 8fbf0010 00000000 03e00008  ................
 0980 27bd0018 27bdffc8 afbf0030 afb1002c  '...'......0...,
 0990 0c00024b afb00028 a3828011 304400e0  ...K...(....0D..
 09a0 38820040 2c420001 2c830001 00431025  8..@,B..,....C.%
 09b0 14400005 24020004 24020080 14820002  .@..$...$.......
 09c0 24020001 24020002 a3828013 240200ff  $...$.......$...
 09d0 a3a20020 93828013 afa00010 afa00014  ... ............
 09e0 afa00018 24040006 00002825 00a03025  ....$.....(%..0%
 09f0 3c100000 261012fc 00021080 00501021  <...&........P.!
 0a00 8c420000 00a03825 0c000168 afa2001c  .B....8%...h....
 0a10 93828013 24110001 afb10010 afa00014  ....$...........
 0a20 afa00018 24040061 00002825 00a03025  ....$..a..(%..0%
 0a30 00021080 00501021 8c420000 27a70020  .....P.!.B..'.. 
 0a40 0c000168 afa2001c 0c00024b 00000000  ...h.......K....
 0a50 a3828011 304400e0 38820040 2c420001  ....0D..8..@,B..
 0a60 2c830001 00431025 10400004 24020004  ,....C.%.@..$...
 0a70 a3828013 10000008 00000000 24020080  ............$...
 0a80 14820004 24020002 a3828013 10000002  ....$...........
 0a90 00000000 a3918013 8fbf0030 8fb1002c  ...........0...,
 0aa0 8fb00028 03e00008 27bd0038 af848015  ...(....'..8....
 0ab0 03e00008 00000000 90820018 90830019  ................
 0ac0 9086001a 9087001b 00021600 00031c00  ................
 0ad0 00431021 00063200 00461021 00471021  .C.!..2..F.!.G.!
 0ae0 aca20000 9082001c 9083001d 9086001e  ................
 0af0 9087001f 00021600 00031c00 00431021  .............C.!
 0b00 00063200 00461021 00471021 aca20004  ..2..F.!.G.!....
 0b10 90820020 90830021 90860022 90870023  ... ...!..."...#
 0b20 00021600 00031c00 00431021 00063200  .........C.!..2.
 0b30 00461021 00471021 aca20008 9082002a  .F.!.G.!.......*
 0b40 9083002b 00021200 00621821 a4a3000c  ...+.....b.!....
 0b50 9082002c 9083002d 00021200 00621821  ...,...-.....b.!
 0b60 a4a3000e 9082002e 9083002f 00021200  .........../....
 0b70 00621821 a4a30010 90820030 90830031  .b.!.......0...1
 0b80 00021200 00621821 03e00008 a4a30012  .....b.!........
 0b90 90830000 90820001 90850002 90860003  ................
 0ba0 90870004 90880005 27bdfff8 00031e00  ........'.......
 0bb0 00021400 00621821 00052a00 00651821  .....b.!..*..e.!
 0bc0 00661821 afa30000 a3a70004 a3a80005  .f.!............
 0bd0 90820012 90840013 8f858019 00021200  ................
 0be0 00822021 10650003 a7a40006 10000010  .. !.e..........
 0bf0 24020001 9383801d 30e200ff 1443000c  $.......0....C..
 0c00 24020002 9383801e 310200ff 14430007  $.......1....C..
 0c10 3082ffff 9783801f 00000000 00431026  0............C.&
 0c20 0002102b 10000002 00021080 24020003  ...+........$...
 0c30 03e00008 27bd0008 27bdffd0 00003025  ....'...'.....0%
 0c40 afbe0028 afb70024 afb60020 afb5001c  ...(...$... ....
 0c50 afb40018 afb30014 afb20010 afb1000c  ................
 0c60 afb00008 18a0005e afa50034 afa40000  .......^...4....
 0c70 3c020000 24421540 245e000c 24970013  <...$B.@$^..$...
 0c80 24960012 24950011 24940010 24530008  $...$...$...$S..
 0c90 2492000b 2491000a 24900009 24990008  $...$...$...$...
 0ca0 24580004 248f0007 248e0006 248d0005  $X..$...$...$...
 0cb0 248c0004 00405825 248a0003 24890002  $....@X%$...$...
 0cc0 24880001 91450000 91240000 91030000  $....E...$......
 0cd0 8fa70000 254a0020 25290020 25080020  ....%J. %). %.. 
 0ce0 24c60001 90e20000 24e70020 afa70000  $.......$.. ....
 0cf0 00031c00 00042200 00021600 00431021  ......"......C.!
 0d00 00441021 00451021 ad620000 91e50000  .D.!.E.!.b......
 0d10 91c40000 91a30000 91820000 25ef0020  ............%.. 
 0d20 25ce0020 25ad0020 258c0020 256b0010  %.. %.. %.. %k..
 0d30 00021600 00031c00 00431021 00042200  .........C.!..".
 0d40 00441021 00451021 af020000 92450000  .D.!.E.!.....E..
 0d50 92240000 92030000 93220000 26520020  .$......."..&R. 
 0d60 26310020 26100020 27390020 27180010  &1. &.. '9. '...
 0d70 00021600 00031c00 00431021 00042200  .........C.!..".
 0d80 00441021 00451021 ae620000 92e50000  .D.!.E.!.b......
 0d90 92c40000 92a30000 92820000 26f70020  ............&.. 
 0da0 26d60020 26b50020 26940020 26730010  &.. &.. &.. &s..
 0db0 00021600 00031c00 00431021 00042200  .........C.!..".
 0dc0 00441021 00451021 afc20000 8fa70034  .D.!.E.!.......4
 0dd0 00000000 00c7102a 1440ffba 27de0010  .......*.@..'...
 0de0 8fbe0028 8fb70024 8fb60020 8fb5001c  ...(...$... ....
 0df0 8fb40018 8fb30014 8fb20010 8fb1000c  ................
 0e00 8fb00008 03e00008 27bd0030 27bdffd8  ........'..0'...
 0e10 afbf0020 afb3001c afb20018 afb10014  ... ............
 0e20 afb00010 00a08825 00c09025 0232102a  .......%...%.2.*
 0e30 1040000e 00809825 02518023 2a020401  .@.....%.Q.#*...
 0e40 14400002 00000000 24100400 8f828015  .@......$.......
 0e50 02602025 0040f809 02002825 02308821  .` %.@....(%.0.!
 0e60 0232102a 1440fff5 02518023 02201025  .2.*.@...Q.#. .%
 0e70 8fbf0020 8fb3001c 8fb20018 8fb10014  ... ............
 0e80 8fb00010 03e00008 27bd0028 8f828015  ........'..(....
 0e90 27bdffb0 afbf004c afbe0048 afb70044  '......L...H...D
 0ea0 afb60040 afb5003c afb40038 afb30034  ...@...<...8...4
 0eb0 afb20030 afb1002c afb00028 3c110000  ...0...,...(<...
 0ec0 26301740 02002025 0040f809 24050034  &0.@.. %.@..$..4
 0ed0 0c0002e4 02002025 1440007c 02002025  ...... %.@.|.. %
 0ee0 0c0002ae 27a50010 97a3001c 24020020  ....'.......$.. 
 0ef0 14620076 2402000a 97a2001e 00000000  .b.v$...........
 0f00 2c420021 14400003 24020028 1000006f  ,B.!.@..$..(...o
 0f10 2402000b 97a30020 00000000 1462006b  $...... .....b.k
 0f20 2402000c 8fa20010 00000000 2c422000  $...........,B .
 0f30 14400066 2402000d 8fa60014 02002025  .@.f$......... %
 0f40 0c000383 24050034 00409025 97a2001e  ....$..4.@.%....
 0f50 02002025 0002a940 8f828015 00000000  .. %...@........
 0f60 0040f809 02a02825 97a5001e 02559021  .@....(%.....U.!
 0f70 0c00030e 02002025 97a2001e 00000000  ...... %........
 0f80 10400040 0000a825 0220f025 3c020000  .@.@...%. .%<...
 0f90 24561540 26d7000c 26d40004 8e860000  $V.@&...&.......
 0fa0 27c41740 02402825 0c000383 00009825  '..@.@(%.......%
 0fb0 8e830000 8ee40000 00409025 00641821  .........@.%.d.!
 0fc0 0243182b 10600028 00000000 02c08825  .C.+.`.(.......%
 0fd0 8e220004 8e23000c 00000000 00431021  ."...#.......C.!
 0fe0 00528023 2a020401 14400002 00000000  .R.#*....@......
 0ff0 24100400 8f828015 27c41740 0040f809  $.......'..@.@..
 1000 02002825 8e220000 24070001 1447000f  ..(%."..$....G..
 1010 02509021 1a00000d 00002825 8e220008  .P.!......(%."..
 1020 3c070000 24e71740 00a71821 8c630000  <...$..@...!.c..
 1030 02652021 24a50004 00822021 ac830000  .e !$..... !....
 1040 00b0102a 1440fff5 00000000 8e220004  ...*.@......."..
 1050 8e23000c 00000000 00431021 0242102b  .#.......C.!.B.+
 1060 1440ffdb 02709821 97a2001e 26d60010  .@...p.!....&...
 1070 26f70010 26b50001 02a2102a 1440ffc7  &...&......*.@..
 1080 26940010 8fa60018 3c100000 26101740  &.......<...&..@
 1090 02002025 0c000383 02402825 00409025  .. %.....@(%.@.%
 10a0 97a20022 02002025 02402825 00023080  ...".. %.@(%..0.
 10b0 00c23021 000630c0 0c000383 00a63021  ..0!..0.......0!
 10c0 8fa30010 00001025 af838021 8fbf004c  .......%...!...L
 10d0 8fbe0048 8fb70044 8fb60040 8fb5003c  ...H...D...@...<
 10e0 8fb40038 8fb30034 8fb20030 8fb1002c  ...8...4...0...,
 10f0 8fb00028 03e00008 27bd0050 8f828021  ...(....'..P...!
 1100 27bdffe8 afbf0010 0040f809 00000000  '........@......
 1110 8fbf0010 00000000 03e00008 27bd0018  ............'...
 1120 27bdffe8 afbf0010 3c020018 af828025  '.......<......%
 1130 0c000261 00000000 8fbf0010 00000000  ...a............
 1140 03e00008 27bd0018 00801025 8f848025  ....'......%...%
 1150 27bdffe8 afbf0014 afb00010 00a08025  '..............%
 1160 00402825 0c0001b6 02003025 8f828025  .@(%......0%...%
 1170 8fbf0014 00501021 8fb00010 af828025  .....P.!.......%
 1180 03e00008 27bd0018 27bdffd8 afbf0020  ....'...'...... 
 1190 afb3001c afb20018 afb10014 afb00010  ................
 11a0 00008025 00a08825 1a20000c 00809825  ...%...%. .....%
 11b0 3c122000 0c0000bd 00000000 02701821  <. ..........p.!
 11c0 a0620000 304200ff ae420000 26100001  .b..0B...B..&...
 11d0 0211102a 1440fff7 00000000 8fbf0020  ...*.@......... 
 11e0 8fb3001c 8fb20018 8fb10014 8fb00010  ................
 11f0 03e00008 27bd0028 27bdffe8 afbf0010  ....'..('.......
 1200 3c032000 34630010 24020001 ac620000  <. .4c..$....b..
 1210 3c032000 34630060 24020054 ac620000  <. .4c.`$..T.b..
 1220 3c022000 34420074 8c420000 00000000  <. .4B.t.B......
 1230 30420008 10400005 24020066 ac620000  0B...@..$..f.b..
 1240 3c040000 10000005 24841188 0c000448  <.......$......H
 1250 00000000 3c040000 24841148 0c0002ab  ....<...$..H....
 1260 00000000 0c0003a3 00000000 00403825  .............@8%
 1270 14e00008 3c052000 3c032000 34630060  ....<. .<. .4c.`
 1280 240200ff 0c00043f ac620000 00403825  $......?.b...@8%
 1290 3c052000 34a50060 3c06001e 34c6847f  <. .4..`<...4...
 12a0 aca70000 00001825 24630001 00c3102a  .......%$c.....*
 12b0 1040fffe 24630001 aca00000 00001825  .@..$c.........%
 12c0 3c04001e 3484847f 24630001 0083102a  <...4...$c.....*
 12d0 1040fffe 24630001 1000fff1 00000000  .@..$c..........
Contents of section .reginfo:
 12e0 fffffffe 00000000 00000000 00000000  ................
 12f0 00000000 00009313                    ........        
Contents of section .rodata:
 12f8 0a0d00                               ...             
Contents of section .data:
 12fb 00000000 00000000 00000000 01000000  ................
 130b 00000000 02010204 000e0c00 00070301  ................
 131b 00070604 00080402                    ........        
Contents of section .sdata:
 1324 ffff0100 00000000 7f454c46 01020008  .........ELF....
 1334 00000000 00000000                    ........        
Disassembly of section .text:

00000000 <.text>:
       0:	3c1c0001 	lui	$gp,0x1
       4:	279c9313 	addiu	$gp,$gp,-27885
       8:	3c050000 	lui	$a1,0x0
       c:	24a51340 	addiu	$a1,$a1,4928
      10:	3c040000 	lui	$a0,0x0
      14:	24841b40 	addiu	$a0,$a0,6976
      18:	3c1d0000 	lui	$sp,0x0
      1c:	27bd1528 	addiu	$sp,$sp,5416
      20:	aca00000 	sw	$zero,0($a1)
      24:	00a4182a 	slt	$v1,$a1,$a0
      28:	1460fffd 	bnez	$v1,0x20
      2c:	24a50004 	addiu	$a1,$a1,4
      30:	3c020000 	lui	$v0,0x0
      34:	2442004c 	addiu	$v0,$v0,76
      38:	3c032000 	lui	$v1,0x2000
      3c:	ac62004c 	sw	$v0,76($v1)
      40:	0c00047e 	jal	0x11f8
      44:	00000000 	nop
      48:	08000012 	j	0x48
      4c:	3c022000 	lui	$v0,0x2000
      50:	03e00008 	jr	$ra
      54:	ac440044 	sw	$a0,68($v0)
      58:	23bdff98 	addi	$sp,$sp,-104
      5c:	afa10010 	sw	$at,16($sp)
      60:	afa20014 	sw	$v0,20($sp)
      64:	afa30018 	sw	$v1,24($sp)
      68:	afa4001c 	sw	$a0,28($sp)
      6c:	afa50020 	sw	$a1,32($sp)
      70:	afa60024 	sw	$a2,36($sp)
      74:	afa70028 	sw	$a3,40($sp)
      78:	afa8002c 	sw	$t0,44($sp)
      7c:	afa90030 	sw	$t1,48($sp)
      80:	afaa0034 	sw	$t2,52($sp)
      84:	afab0038 	sw	$t3,56($sp)
      88:	afac003c 	sw	$t4,60($sp)
      8c:	afad0040 	sw	$t5,64($sp)
      90:	afae0044 	sw	$t6,68($sp)
      94:	afaf0048 	sw	$t7,72($sp)
      98:	afb8004c 	sw	$t8,76($sp)
      9c:	afb90050 	sw	$t9,80($sp)
      a0:	afbf0054 	sw	$ra,84($sp)
      a4:	401a7000 	mfc0	$k0,$epc
      a8:	235afffc 	addi	$k0,$k0,-4
      ac:	afba0058 	sw	$k0,88($sp)
      b0:	0000d810 	mfhi	$k1
      b4:	afbb005c 	sw	$k1,92($sp)
      b8:	0000d812 	mflo	$k1
      bc:	afbb0060 	sw	$k1,96($sp)
      c0:	3c062000 	lui	$a2,0x2000
      c4:	8cc40040 	lw	$a0,64($a2)
      c8:	8cc5004c 	lw	$a1,76($a2)
      cc:	8cc60050 	lw	$a2,80($a2)
      d0:	00862024 	and	$a0,$a0,$a2
      d4:	00a0f809 	jalr	$a1
      d8:	23a50000 	addi	$a1,$sp,0
      dc:	8fa10010 	lw	$at,16($sp)
      e0:	8fa20014 	lw	$v0,20($sp)
      e4:	8fa30018 	lw	$v1,24($sp)
      e8:	8fa4001c 	lw	$a0,28($sp)
      ec:	8fa50020 	lw	$a1,32($sp)
      f0:	8fa60024 	lw	$a2,36($sp)
      f4:	8fa70028 	lw	$a3,40($sp)
      f8:	8fa8002c 	lw	$t0,44($sp)
      fc:	8fa90030 	lw	$t1,48($sp)
     100:	8faa0034 	lw	$t2,52($sp)
     104:	8fab0038 	lw	$t3,56($sp)
     108:	8fac003c 	lw	$t4,60($sp)
     10c:	8fad0040 	lw	$t5,64($sp)
     110:	8fae0044 	lw	$t6,68($sp)
     114:	8faf0048 	lw	$t7,72($sp)
     118:	8fb8004c 	lw	$t8,76($sp)
     11c:	8fb90050 	lw	$t9,80($sp)
     120:	8fbf0054 	lw	$ra,84($sp)
     124:	8fba0058 	lw	$k0,88($sp)
     128:	8fbb005c 	lw	$k1,92($sp)
     12c:	03600011 	mthi	$k1
     130:	8fbb0060 	lw	$k1,96($sp)
     134:	03600013 	mtlo	$k1
     138:	23bd0068 	addi	$sp,$sp,104
     13c:	341b0001 	li	$k1,0x1
     140:	03400008 	jr	$k0
     144:	409b6000 	mtc0	$k1,$status
     148:	40026000 	mfc0	$v0,$status
     14c:	03e00008 	jr	$ra
     150:	40846000 	mtc0	$a0,$status
     154:	ac900000 	sw	$s0,0($a0)
     158:	ac910004 	sw	$s1,4($a0)
     15c:	ac920008 	sw	$s2,8($a0)
     160:	ac93000c 	sw	$s3,12($a0)
     164:	ac940010 	sw	$s4,16($a0)
     168:	ac950014 	sw	$s5,20($a0)
     16c:	ac960018 	sw	$s6,24($a0)
     170:	ac97001c 	sw	$s7,28($a0)
     174:	ac9e0020 	sw	$s8,32($a0)
     178:	ac9c0024 	sw	$gp,36($a0)
     17c:	ac9d0028 	sw	$sp,40($a0)
     180:	ac9f002c 	sw	$ra,44($a0)
     184:	03e00008 	jr	$ra
     188:	34020000 	li	$v0,0x0
     18c:	8c900000 	lw	$s0,0($a0)
     190:	8c910004 	lw	$s1,4($a0)
     194:	8c920008 	lw	$s2,8($a0)
     198:	8c93000c 	lw	$s3,12($a0)
     19c:	8c940010 	lw	$s4,16($a0)
     1a0:	8c950014 	lw	$s5,20($a0)
     1a4:	8c960018 	lw	$s6,24($a0)
     1a8:	8c97001c 	lw	$s7,28($a0)
     1ac:	8c9e0020 	lw	$s8,32($a0)
     1b0:	8c9c0024 	lw	$gp,36($a0)
     1b4:	8c9d0028 	lw	$sp,40($a0)
     1b8:	8c9f002c 	lw	$ra,44($a0)
     1bc:	03e00008 	jr	$ra
     1c0:	34a20000 	ori	$v0,$a1,0x0
     1c4:	00850019 	multu	$a0,$a1
     1c8:	00001012 	mflo	$v0
     1cc:	00002010 	mfhi	$a0
     1d0:	03e00008 	jr	$ra
     1d4:	acc40000 	sw	$a0,0($a2)
     1d8:	0000000c 	syscall
     1dc:	03e00008 	jr	$ra
     1e0:	00000000 	nop
     1e4:	90820000 	lbu	$v0,0($a0)
     1e8:	00000000 	nop
     1ec:	10400009 	beqz	$v0,0x214
     1f0:	00000000 	nop
     1f4:	3c032000 	lui	$v1,0x2000
     1f8:	304200ff 	andi	$v0,$v0,0xff
     1fc:	ac620000 	sw	$v0,0($v1)
     200:	24840001 	addiu	$a0,$a0,1
     204:	90820000 	lbu	$v0,0($a0)
     208:	00000000 	nop
     20c:	1440fffa 	bnez	$v0,0x1f8
     210:	00000000 	nop
     214:	03e00008 	jr	$ra
     218:	00000000 	nop
     21c:	27bdffe8 	addiu	$sp,$sp,-24
     220:	afbf0010 	sw	$ra,16($sp)
     224:	0c000079 	jal	0x1e4
     228:	00000000 	nop
     22c:	3c040000 	lui	$a0,0x0
     230:	0c000079 	jal	0x1e4
     234:	248412f8 	addiu	$a0,$a0,4856
     238:	8fbf0010 	lw	$ra,16($sp)
     23c:	00000000 	nop
     240:	03e00008 	jr	$ra
     244:	27bd0018 	addiu	$sp,$sp,24
     248:	27bdffe0 	addiu	$sp,$sp,-32
     24c:	afbf001c 	sw	$ra,28($sp)
     250:	afb20018 	sw	$s2,24($sp)
     254:	afb10014 	sw	$s1,20($sp)
     258:	afb00010 	sw	$s0,16($sp)
     25c:	00008025 	move	$s0,$zero
     260:	00a08825 	move	$s1,$a1
     264:	1a200008 	blez	$s1,0x288
     268:	00809025 	move	$s2,$a0
     26c:	02501021 	addu	$v0,$s2,$s0
     270:	90440000 	lbu	$a0,0($v0)
     274:	0c0000cf 	jal	0x33c
     278:	26100001 	addiu	$s0,$s0,1
     27c:	0211102a 	slt	$v0,$s0,$s1
     280:	1440fffb 	bnez	$v0,0x270
     284:	02501021 	addu	$v0,$s2,$s0
     288:	02201025 	move	$v0,$s1
     28c:	8fbf001c 	lw	$ra,28($sp)
     290:	8fb20018 	lw	$s2,24($sp)
     294:	8fb10014 	lw	$s1,20($sp)
     298:	8fb00010 	lw	$s0,16($sp)
     29c:	03e00008 	jr	$ra
     2a0:	27bd0020 	addiu	$sp,$sp,32
     2a4:	18a00011 	blez	$a1,0x2ec
     2a8:	00003025 	move	$a2,$zero
     2ac:	3c082000 	lui	$t0,0x2000
     2b0:	35080008 	ori	$t0,$t0,0x8
     2b4:	3c072000 	lui	$a3,0x2000
     2b8:	34e70004 	ori	$a3,$a3,0x4
     2bc:	8d020000 	lw	$v0,0($t0)
     2c0:	00000000 	nop
     2c4:	30420008 	andi	$v0,$v0,0x8
     2c8:	10400008 	beqz	$v0,0x2ec
     2cc:	00000000 	nop
     2d0:	8ce30000 	lw	$v1,0($a3)
     2d4:	00861021 	addu	$v0,$a0,$a2
     2d8:	24c60001 	addiu	$a2,$a2,1
     2dc:	a0430000 	sb	$v1,0($v0)
     2e0:	00c5102a 	slt	$v0,$a2,$a1
     2e4:	1440fff5 	bnez	$v0,0x2bc
     2e8:	00000000 	nop
     2ec:	03e00008 	jr	$ra
     2f0:	00c01025 	move	$v0,$a2
     2f4:	3c022000 	lui	$v0,0x2000
     2f8:	34420008 	ori	$v0,$v0,0x8
     2fc:	8c420000 	lw	$v0,0($v0)
     300:	00000000 	nop
     304:	30420008 	andi	$v0,$v0,0x8
     308:	14400008 	bnez	$v0,0x32c
     30c:	3c022000 	lui	$v0,0x2000
     310:	3c032000 	lui	$v1,0x2000
     314:	34630008 	ori	$v1,$v1,0x8
     318:	8c620000 	lw	$v0,0($v1)
     31c:	00000000 	nop
     320:	30420008 	andi	$v0,$v0,0x8
     324:	1040fffc 	beqz	$v0,0x318
     328:	3c022000 	lui	$v0,0x2000
     32c:	34420004 	ori	$v0,$v0,0x4
     330:	8c420000 	lw	$v0,0($v0)
     334:	03e00008 	jr	$ra
     338:	304200ff 	andi	$v0,$v0,0xff
     33c:	3c022000 	lui	$v0,0x2000
     340:	34420008 	ori	$v0,$v0,0x8
     344:	8c420000 	lw	$v0,0($v0)
     348:	00000000 	nop
     34c:	30420001 	andi	$v0,$v0,0x1
     350:	10400008 	beqz	$v0,0x374
     354:	308400ff 	andi	$a0,$a0,0xff
     358:	3c032000 	lui	$v1,0x2000
     35c:	34630008 	ori	$v1,$v1,0x8
     360:	8c620000 	lw	$v0,0($v1)
     364:	00000000 	nop
     368:	30420001 	andi	$v0,$v0,0x1
     36c:	1440fffc 	bnez	$v0,0x360
     370:	00000000 	nop
     374:	3c022000 	lui	$v0,0x2000
     378:	03e00008 	jr	$ra
     37c:	ac440000 	sw	$a0,0($v0)
     380:	3c032000 	lui	$v1,0x2000
     384:	346300c0 	ori	$v1,$v1,0xc0
     388:	24020002 	li	$v0,2
     38c:	ac620000 	sw	$v0,0($v1)
     390:	24020001 	li	$v0,1
     394:	2442ffff 	addiu	$v0,$v0,-1
     398:	0441ffff 	bgez	$v0,0x398
     39c:	2442ffff 	addiu	$v0,$v0,-1
     3a0:	3c022000 	lui	$v0,0x2000
     3a4:	344200c0 	ori	$v0,$v0,0xc0
     3a8:	03e00008 	jr	$ra
     3ac:	ac400000 	sw	$zero,0($v0)
     3b0:	3c020000 	lui	$v0,0x0
     3b4:	24421314 	addiu	$v0,$v0,4884
     3b8:	00c21021 	addu	$v0,$a2,$v0
     3bc:	90420000 	lbu	$v0,0($v0)
     3c0:	00005025 	move	$t2,$zero
     3c4:	01404025 	move	$t0,$t2
     3c8:	3c032000 	lui	$v1,0x2000
     3cc:	346300c8 	ori	$v1,$v1,0xc8
     3d0:	01403825 	move	$a3,$t2
     3d4:	000528c0 	sll	$a1,$a1,0x3
     3d8:	00c52807 	srav	$a1,$a1,$a2
     3dc:	ac620000 	sw	$v0,0($v1)
     3e0:	18a00028 	blez	$a1,0x484
     3e4:	3c020000 	lui	$v0,0x0
     3e8:	24421318 	addiu	$v0,$v0,4888
     3ec:	00c26821 	addu	$t5,$a2,$v0
     3f0:	3c0c2000 	lui	$t4,0x2000
     3f4:	358c00c4 	ori	$t4,$t4,0xc4
     3f8:	3c020000 	lui	$v0,0x0
     3fc:	2442131c 	addiu	$v0,$v0,4892
     400:	00c25821 	addu	$t3,$a2,$v0
     404:	3c092000 	lui	$t1,0x2000
     408:	352900c0 	ori	$t1,$t1,0xc0
     40c:	240e0001 	li	$t6,1
     410:	3c020000 	lui	$v0,0x0
     414:	24421310 	addiu	$v0,$v0,4880
     418:	00c23021 	addu	$a2,$a2,$v0
     41c:	91a20000 	lbu	$v0,0($t5)
     420:	00000000 	nop
     424:	00e21024 	and	$v0,$a3,$v0
     428:	14400003 	bnez	$v0,0x438
     42c:	008a1021 	addu	$v0,$a0,$t2
     430:	90480000 	lbu	$t0,0($v0)
     434:	254a0001 	addiu	$t2,$t2,1
     438:	91620000 	lbu	$v0,0($t3)
     43c:	00000000 	nop
     440:	00481007 	srav	$v0,$t0,$v0
     444:	ad820000 	sw	$v0,0($t4)
     448:	ad2e0000 	sw	$t6,0($t1)
     44c:	90c20000 	lbu	$v0,0($a2)
     450:	24030001 	li	$v1,1
     454:	00481004 	sllv	$v0,$t0,$v0
     458:	304200ff 	andi	$v0,$v0,0xff
     45c:	00404025 	move	$t0,$v0
     460:	2463ffff 	addiu	$v1,$v1,-1
     464:	0461ffff 	bgez	$v1,0x464
     468:	2463ffff 	addiu	$v1,$v1,-1
     46c:	24630001 	addiu	$v1,$v1,1
     470:	ad200000 	sw	$zero,0($t1)
     474:	24e70001 	addiu	$a3,$a3,1
     478:	00e5102a 	slt	$v0,$a3,$a1
     47c:	1440ffe7 	bnez	$v0,0x41c
     480:	00000000 	nop
     484:	03e00008 	jr	$ra
     488:	00000000 	nop
     48c:	27bdffe0 	addiu	$sp,$sp,-32
     490:	afbf0018 	sw	$ra,24($sp)
     494:	a3a40010 	sb	$a0,16($sp)
     498:	00a03025 	move	$a2,$a1
     49c:	27a40010 	addiu	$a0,$sp,16
     4a0:	0c0000ec 	jal	0x3b0
     4a4:	24050001 	li	$a1,1
     4a8:	8fbf0018 	lw	$ra,24($sp)
     4ac:	00000000 	nop
     4b0:	03e00008 	jr	$ra
     4b4:	27bd0020 	addiu	$sp,$sp,32
     4b8:	27bdffe0 	addiu	$sp,$sp,-32
     4bc:	afbf0018 	sw	$ra,24($sp)
     4c0:	00041403 	sra	$v0,$a0,0x10
     4c4:	a3a20010 	sb	$v0,16($sp)
     4c8:	00041203 	sra	$v0,$a0,0x8
     4cc:	a3a20011 	sb	$v0,17($sp)
     4d0:	a3a40012 	sb	$a0,18($sp)
     4d4:	00a03025 	move	$a2,$a1
     4d8:	27a40010 	addiu	$a0,$sp,16
     4dc:	0c0000ec 	jal	0x3b0
     4e0:	24050003 	li	$a1,3
     4e4:	8fbf0018 	lw	$ra,24($sp)
     4e8:	00000000 	nop
     4ec:	03e00008 	jr	$ra
     4f0:	27bd0020 	addiu	$sp,$sp,32
     4f4:	00001825 	move	$v1,$zero
     4f8:	000528c0 	sll	$a1,$a1,0x3
     4fc:	18a00021 	blez	$a1,0x584
     500:	00603025 	move	$a2,$v1
     504:	3c092000 	lui	$t1,0x2000
     508:	352900c8 	ori	$t1,$t1,0xc8
     50c:	240c000f 	li	$t4,15
     510:	3c072000 	lui	$a3,0x2000
     514:	34e700c0 	ori	$a3,$a3,0xc0
     518:	240b0001 	li	$t3,1
     51c:	3c082000 	lui	$t0,0x2000
     520:	350800c4 	ori	$t0,$t0,0xc4
     524:	240a0007 	li	$t2,7
     528:	24020001 	li	$v0,1
     52c:	ad2c0000 	sw	$t4,0($t1)
     530:	aceb0000 	sw	$t3,0($a3)
     534:	2442ffff 	addiu	$v0,$v0,-1
     538:	0441ffff 	bgez	$v0,0x538
     53c:	2442ffff 	addiu	$v0,$v0,-1
     540:	8d020000 	lw	$v0,0($t0)
     544:	ace00000 	sw	$zero,0($a3)
     548:	00031840 	sll	$v1,$v1,0x1
     54c:	00021042 	srl	$v0,$v0,0x1
     550:	30420001 	andi	$v0,$v0,0x1
     554:	00431021 	addu	$v0,$v0,$v1
     558:	304300ff 	andi	$v1,$v0,0xff
     55c:	30c20007 	andi	$v0,$a2,0x7
     560:	144a0004 	bne	$v0,$t2,0x574
     564:	000610c3 	sra	$v0,$a2,0x3
     568:	00821021 	addu	$v0,$a0,$v0
     56c:	a0430000 	sb	$v1,0($v0)
     570:	00001825 	move	$v1,$zero
     574:	24c60001 	addiu	$a2,$a2,1
     578:	00c5102a 	slt	$v0,$a2,$a1
     57c:	1440ffeb 	bnez	$v0,0x52c
     580:	24020001 	li	$v0,1
     584:	03e00008 	jr	$ra
     588:	00000000 	nop
     58c:	3c032000 	lui	$v1,0x2000
     590:	346300c0 	ori	$v1,$v1,0xc0
     594:	24020002 	li	$v0,2
     598:	03e00008 	jr	$ra
     59c:	ac620000 	sw	$v0,0($v1)
     5a0:	27bdffc8 	addiu	$sp,$sp,-56
     5a4:	afb20018 	sw	$s2,24($sp)
     5a8:	8fb20054 	lw	$s2,84($sp)
     5ac:	afb60028 	sw	$s6,40($sp)
     5b0:	8fb60048 	lw	$s6,72($sp)
     5b4:	afb7002c 	sw	$s7,44($sp)
     5b8:	8fb70050 	lw	$s7,80($sp)
     5bc:	afbf0030 	sw	$ra,48($sp)
     5c0:	afb50024 	sw	$s5,36($sp)
     5c4:	afb40020 	sw	$s4,32($sp)
     5c8:	afb3001c 	sw	$s3,28($sp)
     5cc:	afb10014 	sw	$s1,20($sp)
     5d0:	afb00010 	sw	$s0,16($sp)
     5d4:	00808025 	move	$s0,$a0
     5d8:	00a0a025 	move	$s4,$a1
     5dc:	00c08825 	move	$s1,$a2
     5e0:	00e0a825 	move	$s5,$a3
     5e4:	321000ff 	andi	$s0,$s0,0xff
     5e8:	325300ff 	andi	$s3,$s2,0xff
     5ec:	0c0000e0 	jal	0x380
     5f0:	02602025 	move	$a0,$s3
     5f4:	02002025 	move	$a0,$s0
     5f8:	0c000123 	jal	0x48c
     5fc:	02402825 	move	$a1,$s2
     600:	1a200003 	blez	$s1,0x610
     604:	02802025 	move	$a0,$s4
     608:	0c00012e 	jal	0x4b8
     60c:	02402825 	move	$a1,$s2
     610:	1ac00004 	blez	$s6,0x624
     614:	02a02025 	move	$a0,$s5
     618:	02c02825 	move	$a1,$s6
     61c:	0c0000ec 	jal	0x3b0
     620:	02403025 	move	$a2,$s2
     624:	1ae00004 	blez	$s7,0x638
     628:	02e02825 	move	$a1,$s7
     62c:	8fa4004c 	lw	$a0,76($sp)
     630:	0c00013d 	jal	0x4f4
     634:	02603025 	move	$a2,$s3
     638:	0c000163 	jal	0x58c
     63c:	00000000 	nop
     640:	8fbf0030 	lw	$ra,48($sp)
     644:	8fb7002c 	lw	$s7,44($sp)
     648:	8fb60028 	lw	$s6,40($sp)
     64c:	8fb50024 	lw	$s5,36($sp)
     650:	8fb40020 	lw	$s4,32($sp)
     654:	8fb3001c 	lw	$s3,28($sp)
     658:	8fb20018 	lw	$s2,24($sp)
     65c:	8fb10014 	lw	$s1,20($sp)
     660:	8fb00010 	lw	$s0,16($sp)
     664:	03e00008 	jr	$ra
     668:	27bd0038 	addiu	$sp,$sp,56
     66c:	27bdffd8 	addiu	$sp,$sp,-40
     670:	8fa20038 	lw	$v0,56($sp)
     674:	afbf0020 	sw	$ra,32($sp)
     678:	afa00010 	sw	$zero,16($sp)
     67c:	afa70014 	sw	$a3,20($sp)
     680:	afa0001c 	sw	$zero,28($sp)
     684:	308400ff 	andi	$a0,$a0,0xff
     688:	00003825 	move	$a3,$zero
     68c:	0c000168 	jal	0x5a0
     690:	afa20018 	sw	$v0,24($sp)
     694:	8fbf0020 	lw	$ra,32($sp)
     698:	00000000 	nop
     69c:	03e00008 	jr	$ra
     6a0:	27bd0028 	addiu	$sp,$sp,40
     6a4:	27bdffd8 	addiu	$sp,$sp,-40
     6a8:	8fa20038 	lw	$v0,56($sp)
     6ac:	308400ff 	andi	$a0,$a0,0xff
     6b0:	afbf0020 	sw	$ra,32($sp)
     6b4:	afa00014 	sw	$zero,20($sp)
     6b8:	afa00018 	sw	$zero,24($sp)
     6bc:	afa0001c 	sw	$zero,28($sp)
     6c0:	0c000168 	jal	0x5a0
     6c4:	afa20010 	sw	$v0,16($sp)
     6c8:	8fbf0020 	lw	$ra,32($sp)
     6cc:	00000000 	nop
     6d0:	03e00008 	jr	$ra
     6d4:	27bd0028 	addiu	$sp,$sp,40
     6d8:	27bdffe0 	addiu	$sp,$sp,-32
     6dc:	afbf0018 	sw	$ra,24($sp)
     6e0:	afa60010 	sw	$a2,16($sp)
     6e4:	00801025 	move	$v0,$a0
     6e8:	00a03825 	move	$a3,$a1
     6ec:	24040003 	li	$a0,3
     6f0:	00402825 	move	$a1,$v0
     6f4:	0c00019b 	jal	0x66c
     6f8:	00803025 	move	$a2,$a0
     6fc:	8fbf0018 	lw	$ra,24($sp)
     700:	00000000 	nop
     704:	03e00008 	jr	$ra
     708:	27bd0020 	addiu	$sp,$sp,32
     70c:	27bdffe0 	addiu	$sp,$sp,-32
     710:	afbf0018 	sw	$ra,24($sp)
     714:	afa00010 	sw	$zero,16($sp)
     718:	24040006 	li	$a0,6
     71c:	00002825 	move	$a1,$zero
     720:	00a03025 	move	$a2,$a1
     724:	0c0001a9 	jal	0x6a4
     728:	00a03825 	move	$a3,$a1
     72c:	8fbf0018 	lw	$ra,24($sp)
     730:	00000000 	nop
     734:	03e00008 	jr	$ra
     738:	27bd0020 	addiu	$sp,$sp,32
     73c:	27bdffe0 	addiu	$sp,$sp,-32
     740:	afbf0018 	sw	$ra,24($sp)
     744:	afa00010 	sw	$zero,16($sp)
     748:	24040004 	li	$a0,4
     74c:	00002825 	move	$a1,$zero
     750:	00a03025 	move	$a2,$a1
     754:	0c0001a9 	jal	0x6a4
     758:	00a03825 	move	$a3,$a1
     75c:	8fbf0018 	lw	$ra,24($sp)
     760:	00000000 	nop
     764:	03e00008 	jr	$ra
     768:	27bd0020 	addiu	$sp,$sp,32
     76c:	27bdffd8 	addiu	$sp,$sp,-40
     770:	afbf0024 	sw	$ra,36($sp)
     774:	afb00020 	sw	$s0,32($sp)
     778:	24100002 	li	$s0,2
     77c:	afb00010 	sw	$s0,16($sp)
     780:	24040085 	li	$a0,133
     784:	00002825 	move	$a1,$zero
     788:	00a03025 	move	$a2,$a1
     78c:	0c00019b 	jal	0x66c
     790:	27a70018 	addiu	$a3,$sp,24
     794:	afb00010 	sw	$s0,16($sp)
     798:	24040065 	li	$a0,101
     79c:	00002825 	move	$a1,$zero
     7a0:	00a03025 	move	$a2,$a1
     7a4:	0c00019b 	jal	0x66c
     7a8:	27a7001a 	addiu	$a3,$sp,26
     7ac:	93a20018 	lbu	$v0,24($sp)
     7b0:	93a30019 	lbu	$v1,25($sp)
     7b4:	93a4001a 	lbu	$a0,26($sp)
     7b8:	93a5001b 	lbu	$a1,27($sp)
     7bc:	8fbf0024 	lw	$ra,36($sp)
     7c0:	8fb00020 	lw	$s0,32($sp)
     7c4:	00021600 	sll	$v0,$v0,0x18
     7c8:	00031c00 	sll	$v1,$v1,0x10
     7cc:	00431021 	addu	$v0,$v0,$v1
     7d0:	00042200 	sll	$a0,$a0,0x8
     7d4:	00441021 	addu	$v0,$v0,$a0
     7d8:	00451025 	or	$v0,$v0,$a1
     7dc:	03e00008 	jr	$ra
     7e0:	27bd0028 	addiu	$sp,$sp,40
     7e4:	27bdffd8 	addiu	$sp,$sp,-40
     7e8:	afbf0020 	sw	$ra,32($sp)
     7ec:	24020002 	li	$v0,2
     7f0:	afa20010 	sw	$v0,16($sp)
     7f4:	240400b5 	li	$a0,181
     7f8:	00002825 	move	$a1,$zero
     7fc:	00a03025 	move	$a2,$a1
     800:	0c00019b 	jal	0x66c
     804:	27a70018 	addiu	$a3,$sp,24
     808:	93a20018 	lbu	$v0,24($sp)
     80c:	93a30019 	lbu	$v1,25($sp)
     810:	8fbf0020 	lw	$ra,32($sp)
     814:	00021200 	sll	$v0,$v0,0x8
     818:	00431025 	or	$v0,$v0,$v1
     81c:	03e00008 	jr	$ra
     820:	27bd0028 	addiu	$sp,$sp,40
     824:	27bdffe0 	addiu	$sp,$sp,-32
     828:	afbf001c 	sw	$ra,28($sp)
     82c:	afb00018 	sw	$s0,24($sp)
     830:	3c100000 	lui	$s0,0x0
     834:	261012fc 	addiu	$s0,$s0,4860
     838:	92040007 	lbu	$a0,7($s0)
     83c:	0c0000e0 	jal	0x380
     840:	00000000 	nop
     844:	8e050004 	lw	$a1,4($s0)
     848:	0c000123 	jal	0x48c
     84c:	24040065 	li	$a0,101
     850:	92060007 	lbu	$a2,7($s0)
     854:	27a40010 	addiu	$a0,$sp,16
     858:	0c00013d 	jal	0x4f4
     85c:	24050001 	li	$a1,1
     860:	0c000163 	jal	0x58c
     864:	00000000 	nop
     868:	93a20010 	lbu	$v0,16($sp)
     86c:	8fbf001c 	lw	$ra,28($sp)
     870:	8fb00018 	lw	$s0,24($sp)
     874:	03e00008 	jr	$ra
     878:	27bd0020 	addiu	$sp,$sp,32
     87c:	27bdffe0 	addiu	$sp,$sp,-32
     880:	afbf001c 	sw	$ra,28($sp)
     884:	afb00018 	sw	$s0,24($sp)
     888:	3c100000 	lui	$s0,0x0
     88c:	261012fc 	addiu	$s0,$s0,4860
     890:	9204000b 	lbu	$a0,11($s0)
     894:	0c0000e0 	jal	0x380
     898:	00000000 	nop
     89c:	8e050008 	lw	$a1,8($s0)
     8a0:	0c000123 	jal	0x48c
     8a4:	24040065 	li	$a0,101
     8a8:	9206000b 	lbu	$a2,11($s0)
     8ac:	27a40010 	addiu	$a0,$sp,16
     8b0:	0c00013d 	jal	0x4f4
     8b4:	24050001 	li	$a1,1
     8b8:	0c000163 	jal	0x58c
     8bc:	00000000 	nop
     8c0:	93a20010 	lbu	$v0,16($sp)
     8c4:	8fbf001c 	lw	$ra,28($sp)
     8c8:	8fb00018 	lw	$s0,24($sp)
     8cc:	03e00008 	jr	$ra
     8d0:	27bd0020 	addiu	$sp,$sp,32
     8d4:	27bdffe0 	addiu	$sp,$sp,-32
     8d8:	afbf001c 	sw	$ra,28($sp)
     8dc:	afb00018 	sw	$s0,24($sp)
     8e0:	3c100000 	lui	$s0,0x0
     8e4:	261012fc 	addiu	$s0,$s0,4860
     8e8:	92040013 	lbu	$a0,19($s0)
     8ec:	0c0000e0 	jal	0x380
     8f0:	00000000 	nop
     8f4:	8e050010 	lw	$a1,16($s0)
     8f8:	0c000123 	jal	0x48c
     8fc:	24040065 	li	$a0,101
     900:	92060013 	lbu	$a2,19($s0)
     904:	27a40010 	addiu	$a0,$sp,16
     908:	0c00013d 	jal	0x4f4
     90c:	24050001 	li	$a1,1
     910:	0c000163 	jal	0x58c
     914:	00000000 	nop
     918:	93a20010 	lbu	$v0,16($sp)
     91c:	8fbf001c 	lw	$ra,28($sp)
     920:	8fb00018 	lw	$s0,24($sp)
     924:	03e00008 	jr	$ra
     928:	27bd0020 	addiu	$sp,$sp,32
     92c:	27bdffe8 	addiu	$sp,$sp,-24
     930:	afbf0010 	sw	$ra,16($sp)
     934:	0c000209 	jal	0x824
     938:	00000000 	nop
     93c:	00402025 	move	$a0,$v0
     940:	308300c0 	andi	$v1,$a0,0xc0
     944:	240200c0 	li	$v0,192
     948:	1062000a 	beq	$v1,$v0,0x974
     94c:	00801025 	move	$v0,$a0
     950:	0c00021f 	jal	0x87c
     954:	00000000 	nop
     958:	00402025 	move	$a0,$v0
     95c:	304300c0 	andi	$v1,$v0,0xc0
     960:	24020080 	li	$v0,128
     964:	10620003 	beq	$v1,$v0,0x974
     968:	00801025 	move	$v0,$a0
     96c:	0c000209 	jal	0x824
     970:	00000000 	nop
     974:	8fbf0010 	lw	$ra,16($sp)
     978:	00000000 	nop
     97c:	03e00008 	jr	$ra
     980:	27bd0018 	addiu	$sp,$sp,24
     984:	27bdffc8 	addiu	$sp,$sp,-56
     988:	afbf0030 	sw	$ra,48($sp)
     98c:	afb1002c 	sw	$s1,44($sp)
     990:	0c00024b 	jal	0x92c
     994:	afb00028 	sw	$s0,40($sp)
     998:	a3828011 	sb	$v0,-32751($gp)
     99c:	304400e0 	andi	$a0,$v0,0xe0
     9a0:	38820040 	xori	$v0,$a0,0x40
     9a4:	2c420001 	sltiu	$v0,$v0,1
     9a8:	2c830001 	sltiu	$v1,$a0,1
     9ac:	00431025 	or	$v0,$v0,$v1
     9b0:	14400005 	bnez	$v0,0x9c8
     9b4:	24020004 	li	$v0,4
     9b8:	24020080 	li	$v0,128
     9bc:	14820002 	bne	$a0,$v0,0x9c8
     9c0:	24020001 	li	$v0,1
     9c4:	24020002 	li	$v0,2
     9c8:	a3828013 	sb	$v0,-32749($gp)
     9cc:	240200ff 	li	$v0,255
     9d0:	a3a20020 	sb	$v0,32($sp)
     9d4:	93828013 	lbu	$v0,-32749($gp)
     9d8:	afa00010 	sw	$zero,16($sp)
     9dc:	afa00014 	sw	$zero,20($sp)
     9e0:	afa00018 	sw	$zero,24($sp)
     9e4:	24040006 	li	$a0,6
     9e8:	00002825 	move	$a1,$zero
     9ec:	00a03025 	move	$a2,$a1
     9f0:	3c100000 	lui	$s0,0x0
     9f4:	261012fc 	addiu	$s0,$s0,4860
     9f8:	00021080 	sll	$v0,$v0,0x2
     9fc:	00501021 	addu	$v0,$v0,$s0
     a00:	8c420000 	lw	$v0,0($v0)
     a04:	00a03825 	move	$a3,$a1
     a08:	0c000168 	jal	0x5a0
     a0c:	afa2001c 	sw	$v0,28($sp)
     a10:	93828013 	lbu	$v0,-32749($gp)
     a14:	24110001 	li	$s1,1
     a18:	afb10010 	sw	$s1,16($sp)
     a1c:	afa00014 	sw	$zero,20($sp)
     a20:	afa00018 	sw	$zero,24($sp)
     a24:	24040061 	li	$a0,97
     a28:	00002825 	move	$a1,$zero
     a2c:	00a03025 	move	$a2,$a1
     a30:	00021080 	sll	$v0,$v0,0x2
     a34:	00501021 	addu	$v0,$v0,$s0
     a38:	8c420000 	lw	$v0,0($v0)
     a3c:	27a70020 	addiu	$a3,$sp,32
     a40:	0c000168 	jal	0x5a0
     a44:	afa2001c 	sw	$v0,28($sp)
     a48:	0c00024b 	jal	0x92c
     a4c:	00000000 	nop
     a50:	a3828011 	sb	$v0,-32751($gp)
     a54:	304400e0 	andi	$a0,$v0,0xe0
     a58:	38820040 	xori	$v0,$a0,0x40
     a5c:	2c420001 	sltiu	$v0,$v0,1
     a60:	2c830001 	sltiu	$v1,$a0,1
     a64:	00431025 	or	$v0,$v0,$v1
     a68:	10400004 	beqz	$v0,0xa7c
     a6c:	24020004 	li	$v0,4
     a70:	a3828013 	sb	$v0,-32749($gp)
     a74:	10000008 	b	0xa98
     a78:	00000000 	nop
     a7c:	24020080 	li	$v0,128
     a80:	14820004 	bne	$a0,$v0,0xa94
     a84:	24020002 	li	$v0,2
     a88:	a3828013 	sb	$v0,-32749($gp)
     a8c:	10000002 	b	0xa98
     a90:	00000000 	nop
     a94:	a3918013 	sb	$s1,-32749($gp)
     a98:	8fbf0030 	lw	$ra,48($sp)
     a9c:	8fb1002c 	lw	$s1,44($sp)
     aa0:	8fb00028 	lw	$s0,40($sp)
     aa4:	03e00008 	jr	$ra
     aa8:	27bd0038 	addiu	$sp,$sp,56
     aac:	af848015 	sw	$a0,-32747($gp)
     ab0:	03e00008 	jr	$ra
     ab4:	00000000 	nop
     ab8:	90820018 	lbu	$v0,24($a0)
     abc:	90830019 	lbu	$v1,25($a0)
     ac0:	9086001a 	lbu	$a2,26($a0)
     ac4:	9087001b 	lbu	$a3,27($a0)
     ac8:	00021600 	sll	$v0,$v0,0x18
     acc:	00031c00 	sll	$v1,$v1,0x10
     ad0:	00431021 	addu	$v0,$v0,$v1
     ad4:	00063200 	sll	$a2,$a2,0x8
     ad8:	00461021 	addu	$v0,$v0,$a2
     adc:	00471021 	addu	$v0,$v0,$a3
     ae0:	aca20000 	sw	$v0,0($a1)
     ae4:	9082001c 	lbu	$v0,28($a0)
     ae8:	9083001d 	lbu	$v1,29($a0)
     aec:	9086001e 	lbu	$a2,30($a0)
     af0:	9087001f 	lbu	$a3,31($a0)
     af4:	00021600 	sll	$v0,$v0,0x18
     af8:	00031c00 	sll	$v1,$v1,0x10
     afc:	00431021 	addu	$v0,$v0,$v1
     b00:	00063200 	sll	$a2,$a2,0x8
     b04:	00461021 	addu	$v0,$v0,$a2
     b08:	00471021 	addu	$v0,$v0,$a3
     b0c:	aca20004 	sw	$v0,4($a1)
     b10:	90820020 	lbu	$v0,32($a0)
     b14:	90830021 	lbu	$v1,33($a0)
     b18:	90860022 	lbu	$a2,34($a0)
     b1c:	90870023 	lbu	$a3,35($a0)
     b20:	00021600 	sll	$v0,$v0,0x18
     b24:	00031c00 	sll	$v1,$v1,0x10
     b28:	00431021 	addu	$v0,$v0,$v1
     b2c:	00063200 	sll	$a2,$a2,0x8
     b30:	00461021 	addu	$v0,$v0,$a2
     b34:	00471021 	addu	$v0,$v0,$a3
     b38:	aca20008 	sw	$v0,8($a1)
     b3c:	9082002a 	lbu	$v0,42($a0)
     b40:	9083002b 	lbu	$v1,43($a0)
     b44:	00021200 	sll	$v0,$v0,0x8
     b48:	00621821 	addu	$v1,$v1,$v0
     b4c:	a4a3000c 	sh	$v1,12($a1)
     b50:	9082002c 	lbu	$v0,44($a0)
     b54:	9083002d 	lbu	$v1,45($a0)
     b58:	00021200 	sll	$v0,$v0,0x8
     b5c:	00621821 	addu	$v1,$v1,$v0
     b60:	a4a3000e 	sh	$v1,14($a1)
     b64:	9082002e 	lbu	$v0,46($a0)
     b68:	9083002f 	lbu	$v1,47($a0)
     b6c:	00021200 	sll	$v0,$v0,0x8
     b70:	00621821 	addu	$v1,$v1,$v0
     b74:	a4a30010 	sh	$v1,16($a1)
     b78:	90820030 	lbu	$v0,48($a0)
     b7c:	90830031 	lbu	$v1,49($a0)
     b80:	00021200 	sll	$v0,$v0,0x8
     b84:	00621821 	addu	$v1,$v1,$v0
     b88:	03e00008 	jr	$ra
     b8c:	a4a30012 	sh	$v1,18($a1)
     b90:	90830000 	lbu	$v1,0($a0)
     b94:	90820001 	lbu	$v0,1($a0)
     b98:	90850002 	lbu	$a1,2($a0)
     b9c:	90860003 	lbu	$a2,3($a0)
     ba0:	90870004 	lbu	$a3,4($a0)
     ba4:	90880005 	lbu	$t0,5($a0)
     ba8:	27bdfff8 	addiu	$sp,$sp,-8
     bac:	00031e00 	sll	$v1,$v1,0x18
     bb0:	00021400 	sll	$v0,$v0,0x10
     bb4:	00621821 	addu	$v1,$v1,$v0
     bb8:	00052a00 	sll	$a1,$a1,0x8
     bbc:	00651821 	addu	$v1,$v1,$a1
     bc0:	00661821 	addu	$v1,$v1,$a2
     bc4:	afa30000 	sw	$v1,0($sp)
     bc8:	a3a70004 	sb	$a3,4($sp)
     bcc:	a3a80005 	sb	$t0,5($sp)
     bd0:	90820012 	lbu	$v0,18($a0)
     bd4:	90840013 	lbu	$a0,19($a0)
     bd8:	8f858019 	lw	$a1,-32743($gp)
     bdc:	00021200 	sll	$v0,$v0,0x8
     be0:	00822021 	addu	$a0,$a0,$v0
     be4:	10650003 	beq	$v1,$a1,0xbf4
     be8:	a7a40006 	sh	$a0,6($sp)
     bec:	10000010 	b	0xc30
     bf0:	24020001 	li	$v0,1
     bf4:	9383801d 	lbu	$v1,-32739($gp)
     bf8:	30e200ff 	andi	$v0,$a3,0xff
     bfc:	1443000c 	bne	$v0,$v1,0xc30
     c00:	24020002 	li	$v0,2
     c04:	9383801e 	lbu	$v1,-32738($gp)
     c08:	310200ff 	andi	$v0,$t0,0xff
     c0c:	14430007 	bne	$v0,$v1,0xc2c
     c10:	3082ffff 	andi	$v0,$a0,0xffff
     c14:	9783801f 	lhu	$v1,-32737($gp)
     c18:	00000000 	nop
     c1c:	00431026 	xor	$v0,$v0,$v1
     c20:	0002102b 	sltu	$v0,$zero,$v0
     c24:	10000002 	b	0xc30
     c28:	00021080 	sll	$v0,$v0,0x2
     c2c:	24020003 	li	$v0,3
     c30:	03e00008 	jr	$ra
     c34:	27bd0008 	addiu	$sp,$sp,8
     c38:	27bdffd0 	addiu	$sp,$sp,-48
     c3c:	00003025 	move	$a2,$zero
     c40:	afbe0028 	sw	$s8,40($sp)
     c44:	afb70024 	sw	$s7,36($sp)
     c48:	afb60020 	sw	$s6,32($sp)
     c4c:	afb5001c 	sw	$s5,28($sp)
     c50:	afb40018 	sw	$s4,24($sp)
     c54:	afb30014 	sw	$s3,20($sp)
     c58:	afb20010 	sw	$s2,16($sp)
     c5c:	afb1000c 	sw	$s1,12($sp)
     c60:	afb00008 	sw	$s0,8($sp)
     c64:	18a0005e 	blez	$a1,0xde0
     c68:	afa50034 	sw	$a1,52($sp)
     c6c:	afa40000 	sw	$a0,0($sp)
     c70:	3c020000 	lui	$v0,0x0
     c74:	24421540 	addiu	$v0,$v0,5440
     c78:	245e000c 	addiu	$s8,$v0,12
     c7c:	24970013 	addiu	$s7,$a0,19
     c80:	24960012 	addiu	$s6,$a0,18
     c84:	24950011 	addiu	$s5,$a0,17
     c88:	24940010 	addiu	$s4,$a0,16
     c8c:	24530008 	addiu	$s3,$v0,8
     c90:	2492000b 	addiu	$s2,$a0,11
     c94:	2491000a 	addiu	$s1,$a0,10
     c98:	24900009 	addiu	$s0,$a0,9
     c9c:	24990008 	addiu	$t9,$a0,8
     ca0:	24580004 	addiu	$t8,$v0,4
     ca4:	248f0007 	addiu	$t7,$a0,7
     ca8:	248e0006 	addiu	$t6,$a0,6
     cac:	248d0005 	addiu	$t5,$a0,5
     cb0:	248c0004 	addiu	$t4,$a0,4
     cb4:	00405825 	move	$t3,$v0
     cb8:	248a0003 	addiu	$t2,$a0,3
     cbc:	24890002 	addiu	$t1,$a0,2
     cc0:	24880001 	addiu	$t0,$a0,1
     cc4:	91450000 	lbu	$a1,0($t2)
     cc8:	91240000 	lbu	$a0,0($t1)
     ccc:	91030000 	lbu	$v1,0($t0)
     cd0:	8fa70000 	lw	$a3,0($sp)
     cd4:	254a0020 	addiu	$t2,$t2,32
     cd8:	25290020 	addiu	$t1,$t1,32
     cdc:	25080020 	addiu	$t0,$t0,32
     ce0:	24c60001 	addiu	$a2,$a2,1
     ce4:	90e20000 	lbu	$v0,0($a3)
     ce8:	24e70020 	addiu	$a3,$a3,32
     cec:	afa70000 	sw	$a3,0($sp)
     cf0:	00031c00 	sll	$v1,$v1,0x10
     cf4:	00042200 	sll	$a0,$a0,0x8
     cf8:	00021600 	sll	$v0,$v0,0x18
     cfc:	00431021 	addu	$v0,$v0,$v1
     d00:	00441021 	addu	$v0,$v0,$a0
     d04:	00451021 	addu	$v0,$v0,$a1
     d08:	ad620000 	sw	$v0,0($t3)
     d0c:	91e50000 	lbu	$a1,0($t7)
     d10:	91c40000 	lbu	$a0,0($t6)
     d14:	91a30000 	lbu	$v1,0($t5)
     d18:	91820000 	lbu	$v0,0($t4)
     d1c:	25ef0020 	addiu	$t7,$t7,32
     d20:	25ce0020 	addiu	$t6,$t6,32
     d24:	25ad0020 	addiu	$t5,$t5,32
     d28:	258c0020 	addiu	$t4,$t4,32
     d2c:	256b0010 	addiu	$t3,$t3,16
     d30:	00021600 	sll	$v0,$v0,0x18
     d34:	00031c00 	sll	$v1,$v1,0x10
     d38:	00431021 	addu	$v0,$v0,$v1
     d3c:	00042200 	sll	$a0,$a0,0x8
     d40:	00441021 	addu	$v0,$v0,$a0
     d44:	00451021 	addu	$v0,$v0,$a1
     d48:	af020000 	sw	$v0,0($t8)
     d4c:	92450000 	lbu	$a1,0($s2)
     d50:	92240000 	lbu	$a0,0($s1)
     d54:	92030000 	lbu	$v1,0($s0)
     d58:	93220000 	lbu	$v0,0($t9)
     d5c:	26520020 	addiu	$s2,$s2,32
     d60:	26310020 	addiu	$s1,$s1,32
     d64:	26100020 	addiu	$s0,$s0,32
     d68:	27390020 	addiu	$t9,$t9,32
     d6c:	27180010 	addiu	$t8,$t8,16
     d70:	00021600 	sll	$v0,$v0,0x18
     d74:	00031c00 	sll	$v1,$v1,0x10
     d78:	00431021 	addu	$v0,$v0,$v1
     d7c:	00042200 	sll	$a0,$a0,0x8
     d80:	00441021 	addu	$v0,$v0,$a0
     d84:	00451021 	addu	$v0,$v0,$a1
     d88:	ae620000 	sw	$v0,0($s3)
     d8c:	92e50000 	lbu	$a1,0($s7)
     d90:	92c40000 	lbu	$a0,0($s6)
     d94:	92a30000 	lbu	$v1,0($s5)
     d98:	92820000 	lbu	$v0,0($s4)
     d9c:	26f70020 	addiu	$s7,$s7,32
     da0:	26d60020 	addiu	$s6,$s6,32
     da4:	26b50020 	addiu	$s5,$s5,32
     da8:	26940020 	addiu	$s4,$s4,32
     dac:	26730010 	addiu	$s3,$s3,16
     db0:	00021600 	sll	$v0,$v0,0x18
     db4:	00031c00 	sll	$v1,$v1,0x10
     db8:	00431021 	addu	$v0,$v0,$v1
     dbc:	00042200 	sll	$a0,$a0,0x8
     dc0:	00441021 	addu	$v0,$v0,$a0
     dc4:	00451021 	addu	$v0,$v0,$a1
     dc8:	afc20000 	sw	$v0,0($s8)
     dcc:	8fa70034 	lw	$a3,52($sp)
     dd0:	00000000 	nop
     dd4:	00c7102a 	slt	$v0,$a2,$a3
     dd8:	1440ffba 	bnez	$v0,0xcc4
     ddc:	27de0010 	addiu	$s8,$s8,16
     de0:	8fbe0028 	lw	$s8,40($sp)
     de4:	8fb70024 	lw	$s7,36($sp)
     de8:	8fb60020 	lw	$s6,32($sp)
     dec:	8fb5001c 	lw	$s5,28($sp)
     df0:	8fb40018 	lw	$s4,24($sp)
     df4:	8fb30014 	lw	$s3,20($sp)
     df8:	8fb20010 	lw	$s2,16($sp)
     dfc:	8fb1000c 	lw	$s1,12($sp)
     e00:	8fb00008 	lw	$s0,8($sp)
     e04:	03e00008 	jr	$ra
     e08:	27bd0030 	addiu	$sp,$sp,48
     e0c:	27bdffd8 	addiu	$sp,$sp,-40
     e10:	afbf0020 	sw	$ra,32($sp)
     e14:	afb3001c 	sw	$s3,28($sp)
     e18:	afb20018 	sw	$s2,24($sp)
     e1c:	afb10014 	sw	$s1,20($sp)
     e20:	afb00010 	sw	$s0,16($sp)
     e24:	00a08825 	move	$s1,$a1
     e28:	00c09025 	move	$s2,$a2
     e2c:	0232102a 	slt	$v0,$s1,$s2
     e30:	1040000e 	beqz	$v0,0xe6c
     e34:	00809825 	move	$s3,$a0
     e38:	02518023 	subu	$s0,$s2,$s1
     e3c:	2a020401 	slti	$v0,$s0,1025
     e40:	14400002 	bnez	$v0,0xe4c
     e44:	00000000 	nop
     e48:	24100400 	li	$s0,1024
     e4c:	8f828015 	lw	$v0,-32747($gp)
     e50:	02602025 	move	$a0,$s3
     e54:	0040f809 	jalr	$v0
     e58:	02002825 	move	$a1,$s0
     e5c:	02308821 	addu	$s1,$s1,$s0
     e60:	0232102a 	slt	$v0,$s1,$s2
     e64:	1440fff5 	bnez	$v0,0xe3c
     e68:	02518023 	subu	$s0,$s2,$s1
     e6c:	02201025 	move	$v0,$s1
     e70:	8fbf0020 	lw	$ra,32($sp)
     e74:	8fb3001c 	lw	$s3,28($sp)
     e78:	8fb20018 	lw	$s2,24($sp)
     e7c:	8fb10014 	lw	$s1,20($sp)
     e80:	8fb00010 	lw	$s0,16($sp)
     e84:	03e00008 	jr	$ra
     e88:	27bd0028 	addiu	$sp,$sp,40
     e8c:	8f828015 	lw	$v0,-32747($gp)
     e90:	27bdffb0 	addiu	$sp,$sp,-80
     e94:	afbf004c 	sw	$ra,76($sp)
     e98:	afbe0048 	sw	$s8,72($sp)
     e9c:	afb70044 	sw	$s7,68($sp)
     ea0:	afb60040 	sw	$s6,64($sp)
     ea4:	afb5003c 	sw	$s5,60($sp)
     ea8:	afb40038 	sw	$s4,56($sp)
     eac:	afb30034 	sw	$s3,52($sp)
     eb0:	afb20030 	sw	$s2,48($sp)
     eb4:	afb1002c 	sw	$s1,44($sp)
     eb8:	afb00028 	sw	$s0,40($sp)
     ebc:	3c110000 	lui	$s1,0x0
     ec0:	26301740 	addiu	$s0,$s1,5952
     ec4:	02002025 	move	$a0,$s0
     ec8:	0040f809 	jalr	$v0
     ecc:	24050034 	li	$a1,52
     ed0:	0c0002e4 	jal	0xb90
     ed4:	02002025 	move	$a0,$s0
     ed8:	1440007c 	bnez	$v0,0x10cc
     edc:	02002025 	move	$a0,$s0
     ee0:	0c0002ae 	jal	0xab8
     ee4:	27a50010 	addiu	$a1,$sp,16
     ee8:	97a3001c 	lhu	$v1,28($sp)
     eec:	24020020 	li	$v0,32
     ef0:	14620076 	bne	$v1,$v0,0x10cc
     ef4:	2402000a 	li	$v0,10
     ef8:	97a2001e 	lhu	$v0,30($sp)
     efc:	00000000 	nop
     f00:	2c420021 	sltiu	$v0,$v0,33
     f04:	14400003 	bnez	$v0,0xf14
     f08:	24020028 	li	$v0,40
     f0c:	1000006f 	b	0x10cc
     f10:	2402000b 	li	$v0,11
     f14:	97a30020 	lhu	$v1,32($sp)
     f18:	00000000 	nop
     f1c:	1462006b 	bne	$v1,$v0,0x10cc
     f20:	2402000c 	li	$v0,12
     f24:	8fa20010 	lw	$v0,16($sp)
     f28:	00000000 	nop
     f2c:	2c422000 	sltiu	$v0,$v0,8192
     f30:	14400066 	bnez	$v0,0x10cc
     f34:	2402000d 	li	$v0,13
     f38:	8fa60014 	lw	$a2,20($sp)
     f3c:	02002025 	move	$a0,$s0
     f40:	0c000383 	jal	0xe0c
     f44:	24050034 	li	$a1,52
     f48:	00409025 	move	$s2,$v0
     f4c:	97a2001e 	lhu	$v0,30($sp)
     f50:	02002025 	move	$a0,$s0
     f54:	0002a940 	sll	$s5,$v0,0x5
     f58:	8f828015 	lw	$v0,-32747($gp)
     f5c:	00000000 	nop
     f60:	0040f809 	jalr	$v0
     f64:	02a02825 	move	$a1,$s5
     f68:	97a5001e 	lhu	$a1,30($sp)
     f6c:	02559021 	addu	$s2,$s2,$s5
     f70:	0c00030e 	jal	0xc38
     f74:	02002025 	move	$a0,$s0
     f78:	97a2001e 	lhu	$v0,30($sp)
     f7c:	00000000 	nop
     f80:	10400040 	beqz	$v0,0x1084
     f84:	0000a825 	move	$s5,$zero
     f88:	0220f025 	move	$s8,$s1
     f8c:	3c020000 	lui	$v0,0x0
     f90:	24561540 	addiu	$s6,$v0,5440
     f94:	26d7000c 	addiu	$s7,$s6,12
     f98:	26d40004 	addiu	$s4,$s6,4
     f9c:	8e860000 	lw	$a2,0($s4)
     fa0:	27c41740 	addiu	$a0,$s8,5952
     fa4:	02402825 	move	$a1,$s2
     fa8:	0c000383 	jal	0xe0c
     fac:	00009825 	move	$s3,$zero
     fb0:	8e830000 	lw	$v1,0($s4)
     fb4:	8ee40000 	lw	$a0,0($s7)
     fb8:	00409025 	move	$s2,$v0
     fbc:	00641821 	addu	$v1,$v1,$a0
     fc0:	0243182b 	sltu	$v1,$s2,$v1
     fc4:	10600028 	beqz	$v1,0x1068
     fc8:	00000000 	nop
     fcc:	02c08825 	move	$s1,$s6
     fd0:	8e220004 	lw	$v0,4($s1)
     fd4:	8e23000c 	lw	$v1,12($s1)
     fd8:	00000000 	nop
     fdc:	00431021 	addu	$v0,$v0,$v1
     fe0:	00528023 	subu	$s0,$v0,$s2
     fe4:	2a020401 	slti	$v0,$s0,1025
     fe8:	14400002 	bnez	$v0,0xff4
     fec:	00000000 	nop
     ff0:	24100400 	li	$s0,1024
     ff4:	8f828015 	lw	$v0,-32747($gp)
     ff8:	27c41740 	addiu	$a0,$s8,5952
     ffc:	0040f809 	jalr	$v0
    1000:	02002825 	move	$a1,$s0
    1004:	8e220000 	lw	$v0,0($s1)
    1008:	24070001 	li	$a3,1
    100c:	1447000f 	bne	$v0,$a3,0x104c
    1010:	02509021 	addu	$s2,$s2,$s0
    1014:	1a00000d 	blez	$s0,0x104c
    1018:	00002825 	move	$a1,$zero
    101c:	8e220008 	lw	$v0,8($s1)
    1020:	3c070000 	lui	$a3,0x0
    1024:	24e71740 	addiu	$a3,$a3,5952
    1028:	00a71821 	addu	$v1,$a1,$a3
    102c:	8c630000 	lw	$v1,0($v1)
    1030:	02652021 	addu	$a0,$s3,$a1
    1034:	24a50004 	addiu	$a1,$a1,4
    1038:	00822021 	addu	$a0,$a0,$v0
    103c:	ac830000 	sw	$v1,0($a0)
    1040:	00b0102a 	slt	$v0,$a1,$s0
    1044:	1440fff5 	bnez	$v0,0x101c
    1048:	00000000 	nop
    104c:	8e220004 	lw	$v0,4($s1)
    1050:	8e23000c 	lw	$v1,12($s1)
    1054:	00000000 	nop
    1058:	00431021 	addu	$v0,$v0,$v1
    105c:	0242102b 	sltu	$v0,$s2,$v0
    1060:	1440ffdb 	bnez	$v0,0xfd0
    1064:	02709821 	addu	$s3,$s3,$s0
    1068:	97a2001e 	lhu	$v0,30($sp)
    106c:	26d60010 	addiu	$s6,$s6,16
    1070:	26f70010 	addiu	$s7,$s7,16
    1074:	26b50001 	addiu	$s5,$s5,1
    1078:	02a2102a 	slt	$v0,$s5,$v0
    107c:	1440ffc7 	bnez	$v0,0xf9c
    1080:	26940010 	addiu	$s4,$s4,16
    1084:	8fa60018 	lw	$a2,24($sp)
    1088:	3c100000 	lui	$s0,0x0
    108c:	26101740 	addiu	$s0,$s0,5952
    1090:	02002025 	move	$a0,$s0
    1094:	0c000383 	jal	0xe0c
    1098:	02402825 	move	$a1,$s2
    109c:	00409025 	move	$s2,$v0
    10a0:	97a20022 	lhu	$v0,34($sp)
    10a4:	02002025 	move	$a0,$s0
    10a8:	02402825 	move	$a1,$s2
    10ac:	00023080 	sll	$a2,$v0,0x2
    10b0:	00c23021 	addu	$a2,$a2,$v0
    10b4:	000630c0 	sll	$a2,$a2,0x3
    10b8:	0c000383 	jal	0xe0c
    10bc:	00a63021 	addu	$a2,$a1,$a2
    10c0:	8fa30010 	lw	$v1,16($sp)
    10c4:	00001025 	move	$v0,$zero
    10c8:	af838021 	sw	$v1,-32735($gp)
    10cc:	8fbf004c 	lw	$ra,76($sp)
    10d0:	8fbe0048 	lw	$s8,72($sp)
    10d4:	8fb70044 	lw	$s7,68($sp)
    10d8:	8fb60040 	lw	$s6,64($sp)
    10dc:	8fb5003c 	lw	$s5,60($sp)
    10e0:	8fb40038 	lw	$s4,56($sp)
    10e4:	8fb30034 	lw	$s3,52($sp)
    10e8:	8fb20030 	lw	$s2,48($sp)
    10ec:	8fb1002c 	lw	$s1,44($sp)
    10f0:	8fb00028 	lw	$s0,40($sp)
    10f4:	03e00008 	jr	$ra
    10f8:	27bd0050 	addiu	$sp,$sp,80
    10fc:	8f828021 	lw	$v0,-32735($gp)
    1100:	27bdffe8 	addiu	$sp,$sp,-24
    1104:	afbf0010 	sw	$ra,16($sp)
    1108:	0040f809 	jalr	$v0
    110c:	00000000 	nop
    1110:	8fbf0010 	lw	$ra,16($sp)
    1114:	00000000 	nop
    1118:	03e00008 	jr	$ra
    111c:	27bd0018 	addiu	$sp,$sp,24
    1120:	27bdffe8 	addiu	$sp,$sp,-24
    1124:	afbf0010 	sw	$ra,16($sp)
    1128:	3c020018 	lui	$v0,0x18
    112c:	af828025 	sw	$v0,-32731($gp)
    1130:	0c000261 	jal	0x984
    1134:	00000000 	nop
    1138:	8fbf0010 	lw	$ra,16($sp)
    113c:	00000000 	nop
    1140:	03e00008 	jr	$ra
    1144:	27bd0018 	addiu	$sp,$sp,24
    1148:	00801025 	move	$v0,$a0
    114c:	8f848025 	lw	$a0,-32731($gp)
    1150:	27bdffe8 	addiu	$sp,$sp,-24
    1154:	afbf0014 	sw	$ra,20($sp)
    1158:	afb00010 	sw	$s0,16($sp)
    115c:	00a08025 	move	$s0,$a1
    1160:	00402825 	move	$a1,$v0
    1164:	0c0001b6 	jal	0x6d8
    1168:	02003025 	move	$a2,$s0
    116c:	8f828025 	lw	$v0,-32731($gp)
    1170:	8fbf0014 	lw	$ra,20($sp)
    1174:	00501021 	addu	$v0,$v0,$s0
    1178:	8fb00010 	lw	$s0,16($sp)
    117c:	af828025 	sw	$v0,-32731($gp)
    1180:	03e00008 	jr	$ra
    1184:	27bd0018 	addiu	$sp,$sp,24
    1188:	27bdffd8 	addiu	$sp,$sp,-40
    118c:	afbf0020 	sw	$ra,32($sp)
    1190:	afb3001c 	sw	$s3,28($sp)
    1194:	afb20018 	sw	$s2,24($sp)
    1198:	afb10014 	sw	$s1,20($sp)
    119c:	afb00010 	sw	$s0,16($sp)
    11a0:	00008025 	move	$s0,$zero
    11a4:	00a08825 	move	$s1,$a1
    11a8:	1a20000c 	blez	$s1,0x11dc
    11ac:	00809825 	move	$s3,$a0
    11b0:	3c122000 	lui	$s2,0x2000
    11b4:	0c0000bd 	jal	0x2f4
    11b8:	00000000 	nop
    11bc:	02701821 	addu	$v1,$s3,$s0
    11c0:	a0620000 	sb	$v0,0($v1)
    11c4:	304200ff 	andi	$v0,$v0,0xff
    11c8:	ae420000 	sw	$v0,0($s2)
    11cc:	26100001 	addiu	$s0,$s0,1
    11d0:	0211102a 	slt	$v0,$s0,$s1
    11d4:	1440fff7 	bnez	$v0,0x11b4
    11d8:	00000000 	nop
    11dc:	8fbf0020 	lw	$ra,32($sp)
    11e0:	8fb3001c 	lw	$s3,28($sp)
    11e4:	8fb20018 	lw	$s2,24($sp)
    11e8:	8fb10014 	lw	$s1,20($sp)
    11ec:	8fb00010 	lw	$s0,16($sp)
    11f0:	03e00008 	jr	$ra
    11f4:	27bd0028 	addiu	$sp,$sp,40
    11f8:	27bdffe8 	addiu	$sp,$sp,-24
    11fc:	afbf0010 	sw	$ra,16($sp)
    1200:	3c032000 	lui	$v1,0x2000
    1204:	34630010 	ori	$v1,$v1,0x10
    1208:	24020001 	li	$v0,1
    120c:	ac620000 	sw	$v0,0($v1)
    1210:	3c032000 	lui	$v1,0x2000
    1214:	34630060 	ori	$v1,$v1,0x60
    1218:	24020054 	li	$v0,84
    121c:	ac620000 	sw	$v0,0($v1)
    1220:	3c022000 	lui	$v0,0x2000
    1224:	34420074 	ori	$v0,$v0,0x74
    1228:	8c420000 	lw	$v0,0($v0)
    122c:	00000000 	nop
    1230:	30420008 	andi	$v0,$v0,0x8
    1234:	10400005 	beqz	$v0,0x124c
    1238:	24020066 	li	$v0,102
    123c:	ac620000 	sw	$v0,0($v1)
    1240:	3c040000 	lui	$a0,0x0
    1244:	10000005 	b	0x125c
    1248:	24841188 	addiu	$a0,$a0,4488
    124c:	0c000448 	jal	0x1120
    1250:	00000000 	nop
    1254:	3c040000 	lui	$a0,0x0
    1258:	24841148 	addiu	$a0,$a0,4424
    125c:	0c0002ab 	jal	0xaac
    1260:	00000000 	nop
    1264:	0c0003a3 	jal	0xe8c
    1268:	00000000 	nop
    126c:	00403825 	move	$a3,$v0
    1270:	14e00008 	bnez	$a3,0x1294
    1274:	3c052000 	lui	$a1,0x2000
    1278:	3c032000 	lui	$v1,0x2000
    127c:	34630060 	ori	$v1,$v1,0x60
    1280:	240200ff 	li	$v0,255
    1284:	0c00043f 	jal	0x10fc
    1288:	ac620000 	sw	$v0,0($v1)
    128c:	00403825 	move	$a3,$v0
    1290:	3c052000 	lui	$a1,0x2000
    1294:	34a50060 	ori	$a1,$a1,0x60
    1298:	3c06001e 	lui	$a2,0x1e
    129c:	34c6847f 	ori	$a2,$a2,0x847f
    12a0:	aca70000 	sw	$a3,0($a1)
    12a4:	00001825 	move	$v1,$zero
    12a8:	24630001 	addiu	$v1,$v1,1
    12ac:	00c3102a 	slt	$v0,$a2,$v1
    12b0:	1040fffe 	beqz	$v0,0x12ac
    12b4:	24630001 	addiu	$v1,$v1,1
    12b8:	aca00000 	sw	$zero,0($a1)
    12bc:	00001825 	move	$v1,$zero
    12c0:	3c04001e 	lui	$a0,0x1e
    12c4:	3484847f 	ori	$a0,$a0,0x847f
    12c8:	24630001 	addiu	$v1,$v1,1
    12cc:	0083102a 	slt	$v0,$a0,$v1
    12d0:	1040fffe 	beqz	$v0,0x12cc
    12d4:	24630001 	addiu	$v1,$v1,1
    12d8:	1000fff1 	b	0x12a0
    12dc:	00000000 	nop
Disassembly of section .rodata:

000012f8 <.rodata>:
    12f8:	Disassembly of section .data:

000012fb <.data>:
	...
    1307:	01000000 	0x1000000
    130b:	00000000 	nop
    130f:	02010204 	0x2010204
    1313:	000e0c00 	sll	$at,$t6,0x10
    1317:	00070301 	0x70301
    131b:	00070604 	0x70604
    131f:	00080402 	srl	$zero,$t0,0x10
Disassembly of section .sdata:

00001324 <.sdata>:
    1324:	ffff0100 	0xffff0100
    1328:	00000000 	nop
    132c:	7f454c46 	0x7f454c46
    1330:	01020008 	0x1020008
	...
