
PlasmaBootLoader.axf:     file format elf32-bigmips
PlasmaBootLoader.axf
architecture: mips1, flags 0x00000002:
EXEC_P
start address 0x40000000

Program Header:
    LOAD off    0x00000094 vaddr 0x40000000 paddr 0x40000000 align 2**2
         filesz 0x00001184 memsz 0x00001184 flags rwx
    LOAD off    0x00001218 vaddr 0x4000119c paddr 0x4000119c align 2**2
         filesz 0x00000003 memsz 0x00000003 flags r--
    LOAD off    0x0000121f vaddr 0x4000119f paddr 0x4000119f align 2**4
         filesz 0x00000041 memsz 0x00000641 flags rw-

Sections:
Idx Name          Size      VMA       LMA       File off  Algn
  0 .text         00001184  40000000  40000000  00000094  2**2
                  CONTENTS, ALLOC, LOAD, CODE
  1 .reginfo      00000018  40001184  40001184  00001260  2**2
                  CONTENTS, READONLY
  2 .rodata       00000003  4000119c  4000119c  00001218  2**2
                  CONTENTS, ALLOC, LOAD, READONLY, DATA
  3 .data         00000028  4000119f  4000119f  0000121f  2**2
                  CONTENTS, ALLOC, LOAD, DATA
  4 .sdata        00000018  400011c8  400011c8  00001248  2**2
                  CONTENTS, ALLOC, LOAD, DATA
  5 .bss          00000600  400011e0  400011e0  00001260  2**4
                  ALLOC
No symbols in "PlasmaBootLoader.axf".
Contents of section .text:
 40000000 0c000427 00000000 08000002 40026000  ...'........@.`.
 40000010 03e00008 40846000 ac900000 ac910004  ....@.`.........
 40000020 ac920008 ac93000c ac940010 ac950014  ................
 40000030 ac960018 ac97001c ac9e0020 ac9c0024  ........... ...$
 40000040 ac9d0028 ac9f002c 03e00008 34020000  ...(...,....4...
 40000050 8c900000 8c910004 8c920008 8c93000c  ................
 40000060 8c940010 8c950014 8c960018 8c97001c  ................
 40000070 8c9e0020 8c9c0024 8c9d0028 8c9f002c  ... ...$...(...,
 40000080 03e00008 34a20000 90820000 00000000  ....4...........
 40000090 10400009 00000000 3c032000 304200ff  .@......<. .0B..
 400000a0 ac620000 24840001 90820000 00000000  .b..$...........
 400000b0 1440fffa 00000000 03e00008 00000000  .@..............
 400000c0 27bdffe8 afbf0010 0c000022 00000000  '.........."....
 400000d0 3c044000 0c000022 2484119c 8fbf0010  <.@...."$.......
 400000e0 00000000 03e00008 27bd0018 27bdffe0  ........'...'...
 400000f0 afbf001c afb20018 afb10014 afb00010  ................
 40000100 00008025 00a08825 1a200008 00809025  ...%...%. .....%
 40000110 02501021 90440000 0c000078 26100001  .P.!.D.....x&...
 40000120 0211102a 1440fffb 02501021 02201025  ...*.@...P.!. .%
 40000130 8fbf001c 8fb20018 8fb10014 8fb00010  ................
 40000140 03e00008 27bd0020 18a00011 00003025  ....'.. ......0%
 40000150 3c082000 35080008 3c072000 34e70004  <. .5...<. .4...
 40000160 8d020000 00000000 30420008 10400008  ........0B...@..
 40000170 00000000 8ce30000 00861021 24c60001  ...........!$...
 40000180 a0430000 00c5102a 1440fff5 00000000  .C.....*.@......
 40000190 03e00008 00c01025 3c022000 34420008  .......%<. .4B..
 400001a0 8c420000 00000000 30420008 14400008  .B......0B...@..
 400001b0 3c022000 3c032000 34630008 8c620000  <. .<. .4c...b..
 400001c0 00000000 30420008 1040fffc 3c022000  ....0B...@..<. .
 400001d0 34420004 8c420000 03e00008 304200ff  4B...B......0B..
 400001e0 3c022000 34420008 8c420000 00000000  <. .4B...B......
 400001f0 30420001 10400008 308400ff 3c032000  0B...@..0...<. .
 40000200 34630008 8c620000 00000000 30420001  4c...b......0B..
 40000210 1440fffc 00000000 3c022000 03e00008  .@......<. .....
 40000220 ac440000 3c032000 346300c0 24020002  .D..<. .4c..$...
 40000230 ac620000 24020001 2442ffff 0441ffff  .b..$...$B...A..
 40000240 2442ffff 3c022000 344200c0 03e00008  $B..<. .4B......
 40000250 ac400000 3c024000 244211b8 00c21021  .@..<.@.$B.....!
 40000260 90420000 00005025 01404025 3c032000  .B....P%.@@%<. .
 40000270 346300c8 01403825 000528c0 00c52807  4c...@8%..(...(.
 40000280 ac620000 18a00028 3c024000 244211bc  .b.....(<.@.$B..
 40000290 00c26821 3c0c2000 358c00c4 3c024000  ..h!<. .5...<.@.
 400002a0 244211c0 00c25821 3c092000 352900c0  $B....X!<. .5)..
 400002b0 240e0001 3c024000 244211b4 00c23021  $...<.@.$B....0!
 400002c0 91a20000 00000000 00e21024 14400003  ...........$.@..
 400002d0 008a1021 90480000 254a0001 91620000  ...!.H..%J...b..
 400002e0 00000000 00481007 ad820000 ad2e0000  .....H..........
 400002f0 90c20000 24030001 00481004 304200ff  ....$....H..0B..
 40000300 00404025 2463ffff 0461ffff 2463ffff  .@@%$c...a..$c..
 40000310 24630001 ad200000 24e70001 00e5102a  $c... ..$......*
 40000320 1440ffe7 00000000 03e00008 00000000  .@..............
 40000330 27bdffe0 afbf0018 a3a40010 00a03025  '.............0%
 40000340 27a40010 0c000095 24050001 8fbf0018  '.......$.......
 40000350 00000000 03e00008 27bd0020 27bdffe0  ........'.. '...
 40000360 afbf0018 00041403 a3a20010 00041203  ................
 40000370 a3a20011 a3a40012 00a03025 27a40010  ..........0%'...
 40000380 0c000095 24050003 8fbf0018 00000000  ....$...........
 40000390 03e00008 27bd0020 00001825 000528c0  ....'.. ...%..(.
 400003a0 18a00021 00603025 3c092000 352900c8  ...!.`0%<. .5)..
 400003b0 240c000f 3c072000 34e700c0 240b0001  $...<. .4...$...
 400003c0 3c082000 350800c4 240a0007 24020001  <. .5...$...$...
 400003d0 ad2c0000 aceb0000 2442ffff 0441ffff  .,......$B...A..
 400003e0 2442ffff 8d020000 ace00000 00031840  $B.............@
 400003f0 00021042 30420001 00431021 304300ff  ...B0B...C.!0C..
 40000400 30c20007 144a0004 000610c3 00821021  0....J.........!
 40000410 a0430000 00001825 24c60001 00c5102a  .C.....%$......*
 40000420 1440ffeb 24020001 03e00008 00000000  .@..$...........
 40000430 3c032000 346300c0 24020002 03e00008  <. .4c..$.......
 40000440 ac620000 27bdffc8 afb20018 8fb20054  .b..'..........T
 40000450 afb60028 8fb60048 afb7002c 8fb70050  ...(...H...,...P
 40000460 afbf0030 afb50024 afb40020 afb3001c  ...0...$... ....
 40000470 afb10014 afb00010 00808025 00a0a025  ...........%...%
 40000480 00c08825 00e0a825 321000ff 325300ff  ...%...%2...2S..
 40000490 0c000089 02602025 02002025 0c0000cc  .....` %.. %....
 400004a0 02402825 1a200003 02802025 0c0000d7  .@(%. .... %....
 400004b0 02402825 1ac00004 02a02025 02c02825  .@(%...... %..(%
 400004c0 0c000095 02403025 1ae00004 02e02825  .....@0%......(%
 400004d0 8fa4004c 0c0000e6 02603025 0c00010c  ...L.....`0%....
 400004e0 00000000 8fbf0030 8fb7002c 8fb60028  .......0...,...(
 400004f0 8fb50024 8fb40020 8fb3001c 8fb20018  ...$... ........
 40000500 8fb10014 8fb00010 03e00008 27bd0038  ............'..8
 40000510 27bdffd8 8fa20038 afbf0020 afa00010  '......8... ....
 40000520 afa70014 afa0001c 308400ff 00003825  ........0.....8%
 40000530 0c000111 afa20018 8fbf0020 00000000  ........... ....
 40000540 03e00008 27bd0028 27bdffd8 8fa20038  ....'..('......8
 40000550 308400ff afbf0020 afa00014 afa00018  0...... ........
 40000560 afa0001c 0c000111 afa20010 8fbf0020  ............... 
 40000570 00000000 03e00008 27bd0028 27bdffe0  ........'..('...
 40000580 afbf0018 afa60010 00801025 00a03825  ...........%..8%
 40000590 24040003 00402825 0c000144 00803025  $....@(%...D..0%
 400005a0 8fbf0018 00000000 03e00008 27bd0020  ............'.. 
 400005b0 27bdffe0 afbf0018 afa00010 24040006  '...........$...
 400005c0 00002825 00a03025 0c000152 00a03825  ..(%..0%...R..8%
 400005d0 8fbf0018 00000000 03e00008 27bd0020  ............'.. 
 400005e0 27bdffe0 afbf0018 afa00010 24040004  '...........$...
 400005f0 00002825 00a03025 0c000152 00a03825  ..(%..0%...R..8%
 40000600 8fbf0018 00000000 03e00008 27bd0020  ............'.. 
 40000610 27bdffd8 afbf0024 afb00020 24100002  '......$... $...
 40000620 afb00010 24040085 00002825 00a03025  ....$.....(%..0%
 40000630 0c000144 27a70018 afb00010 24040065  ...D'.......$..e
 40000640 00002825 00a03025 0c000144 27a7001a  ..(%..0%...D'...
 40000650 93a20018 93a30019 93a4001a 93a5001b  ................
 40000660 8fbf0024 8fb00020 00021600 00031c00  ...$... ........
 40000670 00431021 00042200 00441021 00451025  .C.!.."..D.!.E.%
 40000680 03e00008 27bd0028 27bdffd8 afbf0020  ....'..('...... 
 40000690 24020002 afa20010 240400b5 00002825  $.......$.....(%
 400006a0 00a03025 0c000144 27a70018 93a20018  ..0%...D'.......
 400006b0 93a30019 8fbf0020 00021200 00431025  ....... .....C.%
 400006c0 03e00008 27bd0028 27bdffe0 afbf001c  ....'..('.......
 400006d0 afb00018 3c104000 261011a0 92040007  ....<.@.&.......
 400006e0 0c000089 00000000 8e050004 0c0000cc  ................
 400006f0 24040065 92060007 27a40010 0c0000e6  $..e....'.......
 40000700 24050001 0c00010c 00000000 93a20010  $...............
 40000710 8fbf001c 8fb00018 03e00008 27bd0020  ............'.. 
 40000720 27bdffe0 afbf001c afb00018 3c104000  '...........<.@.
 40000730 261011a0 9204000b 0c000089 00000000  &...............
 40000740 8e050008 0c0000cc 24040065 9206000b  ........$..e....
 40000750 27a40010 0c0000e6 24050001 0c00010c  '.......$.......
 40000760 00000000 93a20010 8fbf001c 8fb00018  ................
 40000770 03e00008 27bd0020 27bdffe0 afbf001c  ....'.. '.......
 40000780 afb00018 3c104000 261011a0 92040013  ....<.@.&.......
 40000790 0c000089 00000000 8e050010 0c0000cc  ................
 400007a0 24040065 92060013 27a40010 0c0000e6  $..e....'.......
 400007b0 24050001 0c00010c 00000000 93a20010  $...............
 400007c0 8fbf001c 8fb00018 03e00008 27bd0020  ............'.. 
 400007d0 27bdffe8 afbf0010 0c0001b2 00000000  '...............
 400007e0 00402025 308300c0 240200c0 1062000a  .@ %0...$....b..
 400007f0 00801025 0c0001c8 00000000 00402025  ...%.........@ %
 40000800 304300c0 24020080 10620003 00801025  0C..$....b.....%
 40000810 0c0001b2 00000000 8fbf0010 00000000  ................
 40000820 03e00008 27bd0018 27bdffc8 afbf0030  ....'...'......0
 40000830 afb1002c 0c0001f4 afb00028 a3828011  ...,.......(....
 40000840 304400e0 38820040 2c420001 2c830001  0D..8..@,B..,...
 40000850 00431025 14400005 24020004 24020080  .C.%.@..$...$...
 40000860 14820002 24020001 24020002 a3828013  ....$...$.......
 40000870 240200ff a3a20020 93828013 afa00010  $...... ........
 40000880 afa00014 afa00018 24040006 00002825  ........$.....(%
 40000890 00a03025 3c104000 261011a0 00021080  ..0%<.@.&.......
 400008a0 00501021 8c420000 00a03825 0c000111  .P.!.B....8%....
 400008b0 afa2001c 93828013 24110001 afb10010  ........$.......
 400008c0 afa00014 afa00018 24040061 00002825  ........$..a..(%
 400008d0 00a03025 00021080 00501021 8c420000  ..0%.....P.!.B..
 400008e0 27a70020 0c000111 afa2001c 0c0001f4  '.. ............
 400008f0 00000000 a3828011 304400e0 38820040  ........0D..8..@
 40000900 2c420001 2c830001 00431025 10400004  ,B..,....C.%.@..
 40000910 24020004 a3828013 10000008 00000000  $...............
 40000920 24020080 14820004 24020002 a3828013  $.......$.......
 40000930 10000002 00000000 a3918013 8fbf0030  ...............0
 40000940 8fb1002c 8fb00028 03e00008 27bd0038  ...,...(....'..8
 40000950 af848015 03e00008 00000000 90820018  ................
 40000960 90830019 9086001a 9087001b 00021600  ................
 40000970 00031c00 00431021 00063200 00461021  .....C.!..2..F.!
 40000980 00471021 aca20000 9082001c 9083001d  .G.!............
 40000990 9086001e 9087001f 00021600 00031c00  ................
 400009a0 00431021 00063200 00461021 00471021  .C.!..2..F.!.G.!
 400009b0 aca20004 90820020 90830021 90860022  ....... ...!..."
 400009c0 90870023 00021600 00031c00 00431021  ...#.........C.!
 400009d0 00063200 00461021 00471021 aca20008  ..2..F.!.G.!....
 400009e0 9082002a 9083002b 00021200 00621821  ...*...+.....b.!
 400009f0 a4a3000c 9082002c 9083002d 00021200  .......,...-....
 40000a00 00621821 a4a3000e 9082002e 9083002f  .b.!.........../
 40000a10 00021200 00621821 a4a30010 90820030  .....b.!.......0
 40000a20 90830031 00021200 00621821 03e00008  ...1.....b.!....
 40000a30 a4a30012 90830000 90820001 90850002  ................
 40000a40 90860003 90870004 90880005 27bdfff8  ............'...
 40000a50 00031e00 00021400 00621821 00052a00  .........b.!..*.
 40000a60 00651821 00661821 afa30000 a3a70004  .e.!.f.!........
 40000a70 a3a80005 90820012 90840013 8f858019  ................
 40000a80 00021200 00822021 10650003 a7a40006  ...... !.e......
 40000a90 10000010 24020001 9383801d 30e200ff  ....$.......0...
 40000aa0 1443000c 24020002 9383801e 310200ff  .C..$.......1...
 40000ab0 14430007 3082ffff 9783801f 00000000  .C..0...........
 40000ac0 00431026 0002102b 10000002 00021080  .C.&...+........
 40000ad0 24020003 03e00008 27bd0008 27bdffd0  $.......'...'...
 40000ae0 00003025 afbe0028 afb70024 afb60020  ..0%...(...$... 
 40000af0 afb5001c afb40018 afb30014 afb20010  ................
 40000b00 afb1000c afb00008 18a0005e afa50034  ...........^...4
 40000b10 afa40000 3c024000 244211e0 245e000c  ....<.@.$B..$^..
 40000b20 24970013 24960012 24950011 24940010  $...$...$...$...
 40000b30 24530008 2492000b 2491000a 24900009  $S..$...$...$...
 40000b40 24990008 24580004 248f0007 248e0006  $...$X..$...$...
 40000b50 248d0005 248c0004 00405825 248a0003  $...$....@X%$...
 40000b60 24890002 24880001 91450000 91240000  $...$....E...$..
 40000b70 91030000 8fa70000 254a0020 25290020  ........%J. %). 
 40000b80 25080020 24c60001 90e20000 24e70020  %.. $.......$.. 
 40000b90 afa70000 00031c00 00042200 00021600  ..........".....
 40000ba0 00431021 00441021 00451021 ad620000  .C.!.D.!.E.!.b..
 40000bb0 91e50000 91c40000 91a30000 91820000  ................
 40000bc0 25ef0020 25ce0020 25ad0020 258c0020  %.. %.. %.. %.. 
 40000bd0 256b0010 00021600 00031c00 00431021  %k...........C.!
 40000be0 00042200 00441021 00451021 af020000  .."..D.!.E.!....
 40000bf0 92450000 92240000 92030000 93220000  .E...$......."..
 40000c00 26520020 26310020 26100020 27390020  &R. &1. &.. '9. 
 40000c10 27180010 00021600 00031c00 00431021  '............C.!
 40000c20 00042200 00441021 00451021 ae620000  .."..D.!.E.!.b..
 40000c30 92e50000 92c40000 92a30000 92820000  ................
 40000c40 26f70020 26d60020 26b50020 26940020  &.. &.. &.. &.. 
 40000c50 26730010 00021600 00031c00 00431021  &s...........C.!
 40000c60 00042200 00441021 00451021 afc20000  .."..D.!.E.!....
 40000c70 8fa70034 00000000 00c7102a 1440ffba  ...4.......*.@..
 40000c80 27de0010 8fbe0028 8fb70024 8fb60020  '......(...$... 
 40000c90 8fb5001c 8fb40018 8fb30014 8fb20010  ................
 40000ca0 8fb1000c 8fb00008 03e00008 27bd0030  ............'..0
 40000cb0 27bdffd8 afbf0020 afb3001c afb20018  '...... ........
 40000cc0 afb10014 afb00010 00a08825 00c09025  ...........%...%
 40000cd0 0232102a 1040000e 00809825 02518023  .2.*.@.....%.Q.#
 40000ce0 2a020401 14400002 00000000 24100400  *....@......$...
 40000cf0 8f828015 02602025 0040f809 02002825  .....` %.@....(%
 40000d00 02308821 0232102a 1440fff5 02518023  .0.!.2.*.@...Q.#
 40000d10 02201025 8fbf0020 8fb3001c 8fb20018  . .%... ........
 40000d20 8fb10014 8fb00010 03e00008 27bd0028  ............'..(
 40000d30 8f828015 27bdffb0 afbf004c afbe0048  ....'......L...H
 40000d40 afb70044 afb60040 afb5003c afb40038  ...D...@...<...8
 40000d50 afb30034 afb20030 afb1002c afb00028  ...4...0...,...(
 40000d60 3c114000 263013e0 02002025 0040f809  <.@.&0.... %.@..
 40000d70 24050034 0c00028d 02002025 1440007c  $..4...... %.@.|
 40000d80 02002025 0c000257 27a50010 97a3001c  .. %...W'.......
 40000d90 24020020 14620076 2402000a 97a2001e  $.. .b.v$.......
 40000da0 00000000 2c420021 14400003 24020028  ....,B.!.@..$..(
 40000db0 1000006f 2402000b 97a30020 00000000  ...o$...... ....
 40000dc0 1462006b 2402000c 8fa20010 00000000  .b.k$...........
 40000dd0 2c422000 14400066 2402000d 8fa60014  ,B ..@.f$.......
 40000de0 02002025 0c00032c 24050034 00409025  .. %...,$..4.@.%
 40000df0 97a2001e 02002025 0002a940 8f828015  ...... %...@....
 40000e00 00000000 0040f809 02a02825 97a5001e  .....@....(%....
 40000e10 02559021 0c0002b7 02002025 97a2001e  .U.!...... %....
 40000e20 00000000 10400040 0000a825 0220f025  .....@.@...%. .%
 40000e30 3c024000 245611e0 26d7000c 26d40004  <.@.$V..&...&...
 40000e40 8e860000 27c413e0 02402825 0c00032c  ....'....@(%...,
 40000e50 00009825 8e830000 8ee40000 00409025  ...%.........@.%
 40000e60 00641821 0243182b 10600028 00000000  .d.!.C.+.`.(....
 40000e70 02c08825 8e220004 8e23000c 00000000  ...%."...#......
 40000e80 00431021 00528023 2a020401 14400002  .C.!.R.#*....@..
 40000e90 00000000 24100400 8f828015 27c413e0  ....$.......'...
 40000ea0 0040f809 02002825 8e220000 24070001  .@....(%."..$...
 40000eb0 1447000f 02509021 1a00000d 00002825  .G...P.!......(%
 40000ec0 8e220008 3c074000 24e713e0 00a71821  ."..<.@.$......!
 40000ed0 8c630000 02652021 24a50004 00822021  .c...e !$..... !
 40000ee0 ac830000 00b0102a 1440fff5 00000000  .......*.@......
 40000ef0 8e220004 8e23000c 00000000 00431021  ."...#.......C.!
 40000f00 0242102b 1440ffdb 02709821 97a2001e  .B.+.@...p.!....
 40000f10 26d60010 26f70010 26b50001 02a2102a  &...&...&......*
 40000f20 1440ffc7 26940010 8fa60018 3c104000  .@..&.......<.@.
 40000f30 261013e0 02002025 0c00032c 02402825  &..... %...,.@(%
 40000f40 00409025 97a20022 02002025 02402825  .@.%...".. %.@(%
 40000f50 00023080 00c23021 000630c0 0c00032c  ..0...0!..0....,
 40000f60 00a63021 8fa30010 00001025 af838021  ..0!.......%...!
 40000f70 8fbf004c 8fbe0048 8fb70044 8fb60040  ...L...H...D...@
 40000f80 8fb5003c 8fb40038 8fb30034 8fb20030  ...<...8...4...0
 40000f90 8fb1002c 8fb00028 03e00008 27bd0050  ...,...(....'..P
 40000fa0 8f828021 27bdffe8 afbf0010 0040f809  ...!'........@..
 40000fb0 00000000 8fbf0010 00000000 03e00008  ................
 40000fc0 27bd0018 27bdffe8 afbf0010 3c020018  '...'.......<...
 40000fd0 af828025 0c00020a 00000000 8fbf0010  ...%............
 40000fe0 00000000 03e00008 27bd0018 00801025  ........'......%
 40000ff0 8f848025 27bdffe8 afbf0014 afb00010  ...%'...........
 40001000 00a08025 00402825 0c00015f 02003025  ...%.@(%..._..0%
 40001010 8f828025 8fbf0014 00501021 8fb00010  ...%.....P.!....
 40001020 af828025 03e00008 27bd0018 27bdffd8  ...%....'...'...
 40001030 afbf0020 afb3001c afb20018 afb10014  ... ............
 40001040 afb00010 00008025 00a08825 1a20000c  .......%...%. ..
 40001050 00809825 3c122000 0c000066 00000000  ...%<. ....f....
 40001060 02701821 a0620000 304200ff ae420000  .p.!.b..0B...B..
 40001070 26100001 0211102a 1440fff7 00000000  &......*.@......
 40001080 8fbf0020 8fb3001c 8fb20018 8fb10014  ... ............
 40001090 8fb00010 03e00008 27bd0028 27bdffe8  ........'..('...
 400010a0 afbf0010 3c032000 34630010 24020001  ....<. .4c..$...
 400010b0 ac620000 3c032000 34630060 24020054  .b..<. .4c.`$..T
 400010c0 ac620000 3c022000 34420074 8c420000  .b..<. .4B.t.B..
 400010d0 00000000 30420008 10400005 24020066  ....0B...@..$..f
 400010e0 ac620000 3c044000 10000005 2484102c  .b..<.@.....$..,
 400010f0 0c0003f1 00000000 3c044000 24840fec  ........<.@.$...
 40001100 0c000254 00000000 0c00034c 00000000  ...T.......L....
 40001110 00403825 14e00008 3c052000 3c032000  .@8%....<. .<. .
 40001120 34630060 240200ff 0c0003e8 ac620000  4c.`$........b..
 40001130 00403825 3c052000 34a50060 3c06001e  .@8%<. .4..`<...
 40001140 34c6847f aca70000 00001825 24630001  4..........%$c..
 40001150 00c3102a 1040fffe 24630001 aca00000  ...*.@..$c......
 40001160 00001825 3c04001e 3484847f 24630001  ...%<...4...$c..
 40001170 0083102a 1040fffe 24630001 1000fff1  ...*.@..$c......
 40001180 00000000                             ....            
Contents of section .reginfo:
 40001184 f3fffffe 00000000 00000000 00000000  ................
 40001194 00000000 400091b7                    ....@...        
Contents of section .rodata:
 4000119c 0a0d00                               ...             
Contents of section .data:
 4000119f 00000000 00000000 00000000 01000000  ................
 400011af 00000000 02010204 000e0c00 00070301  ................
 400011bf 00070604 00080402                    ........        
Contents of section .sdata:
 400011c8 ffff0100 00000000 7f454c46 01020008  .........ELF....
 400011d8 00000000 00000000                    ........        
Disassembly of section .text:

40000000 <.text>:
40000000:	0c000427 	jal	0x4000109c
40000004:	00000000 	nop
40000008:	08000002 	j	0x40000008
4000000c:	40026000 	mfc0	$v0,$status
40000010:	03e00008 	jr	$ra
40000014:	40846000 	mtc0	$a0,$status
40000018:	ac900000 	sw	$s0,0($a0)
4000001c:	ac910004 	sw	$s1,4($a0)
40000020:	ac920008 	sw	$s2,8($a0)
40000024:	ac93000c 	sw	$s3,12($a0)
40000028:	ac940010 	sw	$s4,16($a0)
4000002c:	ac950014 	sw	$s5,20($a0)
40000030:	ac960018 	sw	$s6,24($a0)
40000034:	ac97001c 	sw	$s7,28($a0)
40000038:	ac9e0020 	sw	$s8,32($a0)
4000003c:	ac9c0024 	sw	$gp,36($a0)
40000040:	ac9d0028 	sw	$sp,40($a0)
40000044:	ac9f002c 	sw	$ra,44($a0)
40000048:	03e00008 	jr	$ra
4000004c:	34020000 	li	$v0,0x0
40000050:	8c900000 	lw	$s0,0($a0)
40000054:	8c910004 	lw	$s1,4($a0)
40000058:	8c920008 	lw	$s2,8($a0)
4000005c:	8c93000c 	lw	$s3,12($a0)
40000060:	8c940010 	lw	$s4,16($a0)
40000064:	8c950014 	lw	$s5,20($a0)
40000068:	8c960018 	lw	$s6,24($a0)
4000006c:	8c97001c 	lw	$s7,28($a0)
40000070:	8c9e0020 	lw	$s8,32($a0)
40000074:	8c9c0024 	lw	$gp,36($a0)
40000078:	8c9d0028 	lw	$sp,40($a0)
4000007c:	8c9f002c 	lw	$ra,44($a0)
40000080:	03e00008 	jr	$ra
40000084:	34a20000 	ori	$v0,$a1,0x0
40000088:	90820000 	lbu	$v0,0($a0)
4000008c:	00000000 	nop
40000090:	10400009 	beqz	$v0,0x400000b8
40000094:	00000000 	nop
40000098:	3c032000 	lui	$v1,0x2000
4000009c:	304200ff 	andi	$v0,$v0,0xff
400000a0:	ac620000 	sw	$v0,0($v1)
400000a4:	24840001 	addiu	$a0,$a0,1
400000a8:	90820000 	lbu	$v0,0($a0)
400000ac:	00000000 	nop
400000b0:	1440fffa 	bnez	$v0,0x4000009c
400000b4:	00000000 	nop
400000b8:	03e00008 	jr	$ra
400000bc:	00000000 	nop
400000c0:	27bdffe8 	addiu	$sp,$sp,-24
400000c4:	afbf0010 	sw	$ra,16($sp)
400000c8:	0c000022 	jal	0x40000088
400000cc:	00000000 	nop
400000d0:	3c044000 	lui	$a0,0x4000
400000d4:	0c000022 	jal	0x40000088
400000d8:	2484119c 	addiu	$a0,$a0,4508
400000dc:	8fbf0010 	lw	$ra,16($sp)
400000e0:	00000000 	nop
400000e4:	03e00008 	jr	$ra
400000e8:	27bd0018 	addiu	$sp,$sp,24
400000ec:	27bdffe0 	addiu	$sp,$sp,-32
400000f0:	afbf001c 	sw	$ra,28($sp)
400000f4:	afb20018 	sw	$s2,24($sp)
400000f8:	afb10014 	sw	$s1,20($sp)
400000fc:	afb00010 	sw	$s0,16($sp)
40000100:	00008025 	move	$s0,$zero
40000104:	00a08825 	move	$s1,$a1
40000108:	1a200008 	blez	$s1,0x4000012c
4000010c:	00809025 	move	$s2,$a0
40000110:	02501021 	addu	$v0,$s2,$s0
40000114:	90440000 	lbu	$a0,0($v0)
40000118:	0c000078 	jal	0x400001e0
4000011c:	26100001 	addiu	$s0,$s0,1
40000120:	0211102a 	slt	$v0,$s0,$s1
40000124:	1440fffb 	bnez	$v0,0x40000114
40000128:	02501021 	addu	$v0,$s2,$s0
4000012c:	02201025 	move	$v0,$s1
40000130:	8fbf001c 	lw	$ra,28($sp)
40000134:	8fb20018 	lw	$s2,24($sp)
40000138:	8fb10014 	lw	$s1,20($sp)
4000013c:	8fb00010 	lw	$s0,16($sp)
40000140:	03e00008 	jr	$ra
40000144:	27bd0020 	addiu	$sp,$sp,32
40000148:	18a00011 	blez	$a1,0x40000190
4000014c:	00003025 	move	$a2,$zero
40000150:	3c082000 	lui	$t0,0x2000
40000154:	35080008 	ori	$t0,$t0,0x8
40000158:	3c072000 	lui	$a3,0x2000
4000015c:	34e70004 	ori	$a3,$a3,0x4
40000160:	8d020000 	lw	$v0,0($t0)
40000164:	00000000 	nop
40000168:	30420008 	andi	$v0,$v0,0x8
4000016c:	10400008 	beqz	$v0,0x40000190
40000170:	00000000 	nop
40000174:	8ce30000 	lw	$v1,0($a3)
40000178:	00861021 	addu	$v0,$a0,$a2
4000017c:	24c60001 	addiu	$a2,$a2,1
40000180:	a0430000 	sb	$v1,0($v0)
40000184:	00c5102a 	slt	$v0,$a2,$a1
40000188:	1440fff5 	bnez	$v0,0x40000160
4000018c:	00000000 	nop
40000190:	03e00008 	jr	$ra
40000194:	00c01025 	move	$v0,$a2
40000198:	3c022000 	lui	$v0,0x2000
4000019c:	34420008 	ori	$v0,$v0,0x8
400001a0:	8c420000 	lw	$v0,0($v0)
400001a4:	00000000 	nop
400001a8:	30420008 	andi	$v0,$v0,0x8
400001ac:	14400008 	bnez	$v0,0x400001d0
400001b0:	3c022000 	lui	$v0,0x2000
400001b4:	3c032000 	lui	$v1,0x2000
400001b8:	34630008 	ori	$v1,$v1,0x8
400001bc:	8c620000 	lw	$v0,0($v1)
400001c0:	00000000 	nop
400001c4:	30420008 	andi	$v0,$v0,0x8
400001c8:	1040fffc 	beqz	$v0,0x400001bc
400001cc:	3c022000 	lui	$v0,0x2000
400001d0:	34420004 	ori	$v0,$v0,0x4
400001d4:	8c420000 	lw	$v0,0($v0)
400001d8:	03e00008 	jr	$ra
400001dc:	304200ff 	andi	$v0,$v0,0xff
400001e0:	3c022000 	lui	$v0,0x2000
400001e4:	34420008 	ori	$v0,$v0,0x8
400001e8:	8c420000 	lw	$v0,0($v0)
400001ec:	00000000 	nop
400001f0:	30420001 	andi	$v0,$v0,0x1
400001f4:	10400008 	beqz	$v0,0x40000218
400001f8:	308400ff 	andi	$a0,$a0,0xff
400001fc:	3c032000 	lui	$v1,0x2000
40000200:	34630008 	ori	$v1,$v1,0x8
40000204:	8c620000 	lw	$v0,0($v1)
40000208:	00000000 	nop
4000020c:	30420001 	andi	$v0,$v0,0x1
40000210:	1440fffc 	bnez	$v0,0x40000204
40000214:	00000000 	nop
40000218:	3c022000 	lui	$v0,0x2000
4000021c:	03e00008 	jr	$ra
40000220:	ac440000 	sw	$a0,0($v0)
40000224:	3c032000 	lui	$v1,0x2000
40000228:	346300c0 	ori	$v1,$v1,0xc0
4000022c:	24020002 	li	$v0,2
40000230:	ac620000 	sw	$v0,0($v1)
40000234:	24020001 	li	$v0,1
40000238:	2442ffff 	addiu	$v0,$v0,-1
4000023c:	0441ffff 	bgez	$v0,0x4000023c
40000240:	2442ffff 	addiu	$v0,$v0,-1
40000244:	3c022000 	lui	$v0,0x2000
40000248:	344200c0 	ori	$v0,$v0,0xc0
4000024c:	03e00008 	jr	$ra
40000250:	ac400000 	sw	$zero,0($v0)
40000254:	3c024000 	lui	$v0,0x4000
40000258:	244211b8 	addiu	$v0,$v0,4536
4000025c:	00c21021 	addu	$v0,$a2,$v0
40000260:	90420000 	lbu	$v0,0($v0)
40000264:	00005025 	move	$t2,$zero
40000268:	01404025 	move	$t0,$t2
4000026c:	3c032000 	lui	$v1,0x2000
40000270:	346300c8 	ori	$v1,$v1,0xc8
40000274:	01403825 	move	$a3,$t2
40000278:	000528c0 	sll	$a1,$a1,0x3
4000027c:	00c52807 	srav	$a1,$a1,$a2
40000280:	ac620000 	sw	$v0,0($v1)
40000284:	18a00028 	blez	$a1,0x40000328
40000288:	3c024000 	lui	$v0,0x4000
4000028c:	244211bc 	addiu	$v0,$v0,4540
40000290:	00c26821 	addu	$t5,$a2,$v0
40000294:	3c0c2000 	lui	$t4,0x2000
40000298:	358c00c4 	ori	$t4,$t4,0xc4
4000029c:	3c024000 	lui	$v0,0x4000
400002a0:	244211c0 	addiu	$v0,$v0,4544
400002a4:	00c25821 	addu	$t3,$a2,$v0
400002a8:	3c092000 	lui	$t1,0x2000
400002ac:	352900c0 	ori	$t1,$t1,0xc0
400002b0:	240e0001 	li	$t6,1
400002b4:	3c024000 	lui	$v0,0x4000
400002b8:	244211b4 	addiu	$v0,$v0,4532
400002bc:	00c23021 	addu	$a2,$a2,$v0
400002c0:	91a20000 	lbu	$v0,0($t5)
400002c4:	00000000 	nop
400002c8:	00e21024 	and	$v0,$a3,$v0
400002cc:	14400003 	bnez	$v0,0x400002dc
400002d0:	008a1021 	addu	$v0,$a0,$t2
400002d4:	90480000 	lbu	$t0,0($v0)
400002d8:	254a0001 	addiu	$t2,$t2,1
400002dc:	91620000 	lbu	$v0,0($t3)
400002e0:	00000000 	nop
400002e4:	00481007 	srav	$v0,$t0,$v0
400002e8:	ad820000 	sw	$v0,0($t4)
400002ec:	ad2e0000 	sw	$t6,0($t1)
400002f0:	90c20000 	lbu	$v0,0($a2)
400002f4:	24030001 	li	$v1,1
400002f8:	00481004 	sllv	$v0,$t0,$v0
400002fc:	304200ff 	andi	$v0,$v0,0xff
40000300:	00404025 	move	$t0,$v0
40000304:	2463ffff 	addiu	$v1,$v1,-1
40000308:	0461ffff 	bgez	$v1,0x40000308
4000030c:	2463ffff 	addiu	$v1,$v1,-1
40000310:	24630001 	addiu	$v1,$v1,1
40000314:	ad200000 	sw	$zero,0($t1)
40000318:	24e70001 	addiu	$a3,$a3,1
4000031c:	00e5102a 	slt	$v0,$a3,$a1
40000320:	1440ffe7 	bnez	$v0,0x400002c0
40000324:	00000000 	nop
40000328:	03e00008 	jr	$ra
4000032c:	00000000 	nop
40000330:	27bdffe0 	addiu	$sp,$sp,-32
40000334:	afbf0018 	sw	$ra,24($sp)
40000338:	a3a40010 	sb	$a0,16($sp)
4000033c:	00a03025 	move	$a2,$a1
40000340:	27a40010 	addiu	$a0,$sp,16
40000344:	0c000095 	jal	0x40000254
40000348:	24050001 	li	$a1,1
4000034c:	8fbf0018 	lw	$ra,24($sp)
40000350:	00000000 	nop
40000354:	03e00008 	jr	$ra
40000358:	27bd0020 	addiu	$sp,$sp,32
4000035c:	27bdffe0 	addiu	$sp,$sp,-32
40000360:	afbf0018 	sw	$ra,24($sp)
40000364:	00041403 	sra	$v0,$a0,0x10
40000368:	a3a20010 	sb	$v0,16($sp)
4000036c:	00041203 	sra	$v0,$a0,0x8
40000370:	a3a20011 	sb	$v0,17($sp)
40000374:	a3a40012 	sb	$a0,18($sp)
40000378:	00a03025 	move	$a2,$a1
4000037c:	27a40010 	addiu	$a0,$sp,16
40000380:	0c000095 	jal	0x40000254
40000384:	24050003 	li	$a1,3
40000388:	8fbf0018 	lw	$ra,24($sp)
4000038c:	00000000 	nop
40000390:	03e00008 	jr	$ra
40000394:	27bd0020 	addiu	$sp,$sp,32
40000398:	00001825 	move	$v1,$zero
4000039c:	000528c0 	sll	$a1,$a1,0x3
400003a0:	18a00021 	blez	$a1,0x40000428
400003a4:	00603025 	move	$a2,$v1
400003a8:	3c092000 	lui	$t1,0x2000
400003ac:	352900c8 	ori	$t1,$t1,0xc8
400003b0:	240c000f 	li	$t4,15
400003b4:	3c072000 	lui	$a3,0x2000
400003b8:	34e700c0 	ori	$a3,$a3,0xc0
400003bc:	240b0001 	li	$t3,1
400003c0:	3c082000 	lui	$t0,0x2000
400003c4:	350800c4 	ori	$t0,$t0,0xc4
400003c8:	240a0007 	li	$t2,7
400003cc:	24020001 	li	$v0,1
400003d0:	ad2c0000 	sw	$t4,0($t1)
400003d4:	aceb0000 	sw	$t3,0($a3)
400003d8:	2442ffff 	addiu	$v0,$v0,-1
400003dc:	0441ffff 	bgez	$v0,0x400003dc
400003e0:	2442ffff 	addiu	$v0,$v0,-1
400003e4:	8d020000 	lw	$v0,0($t0)
400003e8:	ace00000 	sw	$zero,0($a3)
400003ec:	00031840 	sll	$v1,$v1,0x1
400003f0:	00021042 	srl	$v0,$v0,0x1
400003f4:	30420001 	andi	$v0,$v0,0x1
400003f8:	00431021 	addu	$v0,$v0,$v1
400003fc:	304300ff 	andi	$v1,$v0,0xff
40000400:	30c20007 	andi	$v0,$a2,0x7
40000404:	144a0004 	bne	$v0,$t2,0x40000418
40000408:	000610c3 	sra	$v0,$a2,0x3
4000040c:	00821021 	addu	$v0,$a0,$v0
40000410:	a0430000 	sb	$v1,0($v0)
40000414:	00001825 	move	$v1,$zero
40000418:	24c60001 	addiu	$a2,$a2,1
4000041c:	00c5102a 	slt	$v0,$a2,$a1
40000420:	1440ffeb 	bnez	$v0,0x400003d0
40000424:	24020001 	li	$v0,1
40000428:	03e00008 	jr	$ra
4000042c:	00000000 	nop
40000430:	3c032000 	lui	$v1,0x2000
40000434:	346300c0 	ori	$v1,$v1,0xc0
40000438:	24020002 	li	$v0,2
4000043c:	03e00008 	jr	$ra
40000440:	ac620000 	sw	$v0,0($v1)
40000444:	27bdffc8 	addiu	$sp,$sp,-56
40000448:	afb20018 	sw	$s2,24($sp)
4000044c:	8fb20054 	lw	$s2,84($sp)
40000450:	afb60028 	sw	$s6,40($sp)
40000454:	8fb60048 	lw	$s6,72($sp)
40000458:	afb7002c 	sw	$s7,44($sp)
4000045c:	8fb70050 	lw	$s7,80($sp)
40000460:	afbf0030 	sw	$ra,48($sp)
40000464:	afb50024 	sw	$s5,36($sp)
40000468:	afb40020 	sw	$s4,32($sp)
4000046c:	afb3001c 	sw	$s3,28($sp)
40000470:	afb10014 	sw	$s1,20($sp)
40000474:	afb00010 	sw	$s0,16($sp)
40000478:	00808025 	move	$s0,$a0
4000047c:	00a0a025 	move	$s4,$a1
40000480:	00c08825 	move	$s1,$a2
40000484:	00e0a825 	move	$s5,$a3
40000488:	321000ff 	andi	$s0,$s0,0xff
4000048c:	325300ff 	andi	$s3,$s2,0xff
40000490:	0c000089 	jal	0x40000224
40000494:	02602025 	move	$a0,$s3
40000498:	02002025 	move	$a0,$s0
4000049c:	0c0000cc 	jal	0x40000330
400004a0:	02402825 	move	$a1,$s2
400004a4:	1a200003 	blez	$s1,0x400004b4
400004a8:	02802025 	move	$a0,$s4
400004ac:	0c0000d7 	jal	0x4000035c
400004b0:	02402825 	move	$a1,$s2
400004b4:	1ac00004 	blez	$s6,0x400004c8
400004b8:	02a02025 	move	$a0,$s5
400004bc:	02c02825 	move	$a1,$s6
400004c0:	0c000095 	jal	0x40000254
400004c4:	02403025 	move	$a2,$s2
400004c8:	1ae00004 	blez	$s7,0x400004dc
400004cc:	02e02825 	move	$a1,$s7
400004d0:	8fa4004c 	lw	$a0,76($sp)
400004d4:	0c0000e6 	jal	0x40000398
400004d8:	02603025 	move	$a2,$s3
400004dc:	0c00010c 	jal	0x40000430
400004e0:	00000000 	nop
400004e4:	8fbf0030 	lw	$ra,48($sp)
400004e8:	8fb7002c 	lw	$s7,44($sp)
400004ec:	8fb60028 	lw	$s6,40($sp)
400004f0:	8fb50024 	lw	$s5,36($sp)
400004f4:	8fb40020 	lw	$s4,32($sp)
400004f8:	8fb3001c 	lw	$s3,28($sp)
400004fc:	8fb20018 	lw	$s2,24($sp)
40000500:	8fb10014 	lw	$s1,20($sp)
40000504:	8fb00010 	lw	$s0,16($sp)
40000508:	03e00008 	jr	$ra
4000050c:	27bd0038 	addiu	$sp,$sp,56
40000510:	27bdffd8 	addiu	$sp,$sp,-40
40000514:	8fa20038 	lw	$v0,56($sp)
40000518:	afbf0020 	sw	$ra,32($sp)
4000051c:	afa00010 	sw	$zero,16($sp)
40000520:	afa70014 	sw	$a3,20($sp)
40000524:	afa0001c 	sw	$zero,28($sp)
40000528:	308400ff 	andi	$a0,$a0,0xff
4000052c:	00003825 	move	$a3,$zero
40000530:	0c000111 	jal	0x40000444
40000534:	afa20018 	sw	$v0,24($sp)
40000538:	8fbf0020 	lw	$ra,32($sp)
4000053c:	00000000 	nop
40000540:	03e00008 	jr	$ra
40000544:	27bd0028 	addiu	$sp,$sp,40
40000548:	27bdffd8 	addiu	$sp,$sp,-40
4000054c:	8fa20038 	lw	$v0,56($sp)
40000550:	308400ff 	andi	$a0,$a0,0xff
40000554:	afbf0020 	sw	$ra,32($sp)
40000558:	afa00014 	sw	$zero,20($sp)
4000055c:	afa00018 	sw	$zero,24($sp)
40000560:	afa0001c 	sw	$zero,28($sp)
40000564:	0c000111 	jal	0x40000444
40000568:	afa20010 	sw	$v0,16($sp)
4000056c:	8fbf0020 	lw	$ra,32($sp)
40000570:	00000000 	nop
40000574:	03e00008 	jr	$ra
40000578:	27bd0028 	addiu	$sp,$sp,40
4000057c:	27bdffe0 	addiu	$sp,$sp,-32
40000580:	afbf0018 	sw	$ra,24($sp)
40000584:	afa60010 	sw	$a2,16($sp)
40000588:	00801025 	move	$v0,$a0
4000058c:	00a03825 	move	$a3,$a1
40000590:	24040003 	li	$a0,3
40000594:	00402825 	move	$a1,$v0
40000598:	0c000144 	jal	0x40000510
4000059c:	00803025 	move	$a2,$a0
400005a0:	8fbf0018 	lw	$ra,24($sp)
400005a4:	00000000 	nop
400005a8:	03e00008 	jr	$ra
400005ac:	27bd0020 	addiu	$sp,$sp,32
400005b0:	27bdffe0 	addiu	$sp,$sp,-32
400005b4:	afbf0018 	sw	$ra,24($sp)
400005b8:	afa00010 	sw	$zero,16($sp)
400005bc:	24040006 	li	$a0,6
400005c0:	00002825 	move	$a1,$zero
400005c4:	00a03025 	move	$a2,$a1
400005c8:	0c000152 	jal	0x40000548
400005cc:	00a03825 	move	$a3,$a1
400005d0:	8fbf0018 	lw	$ra,24($sp)
400005d4:	00000000 	nop
400005d8:	03e00008 	jr	$ra
400005dc:	27bd0020 	addiu	$sp,$sp,32
400005e0:	27bdffe0 	addiu	$sp,$sp,-32
400005e4:	afbf0018 	sw	$ra,24($sp)
400005e8:	afa00010 	sw	$zero,16($sp)
400005ec:	24040004 	li	$a0,4
400005f0:	00002825 	move	$a1,$zero
400005f4:	00a03025 	move	$a2,$a1
400005f8:	0c000152 	jal	0x40000548
400005fc:	00a03825 	move	$a3,$a1
40000600:	8fbf0018 	lw	$ra,24($sp)
40000604:	00000000 	nop
40000608:	03e00008 	jr	$ra
4000060c:	27bd0020 	addiu	$sp,$sp,32
40000610:	27bdffd8 	addiu	$sp,$sp,-40
40000614:	afbf0024 	sw	$ra,36($sp)
40000618:	afb00020 	sw	$s0,32($sp)
4000061c:	24100002 	li	$s0,2
40000620:	afb00010 	sw	$s0,16($sp)
40000624:	24040085 	li	$a0,133
40000628:	00002825 	move	$a1,$zero
4000062c:	00a03025 	move	$a2,$a1
40000630:	0c000144 	jal	0x40000510
40000634:	27a70018 	addiu	$a3,$sp,24
40000638:	afb00010 	sw	$s0,16($sp)
4000063c:	24040065 	li	$a0,101
40000640:	00002825 	move	$a1,$zero
40000644:	00a03025 	move	$a2,$a1
40000648:	0c000144 	jal	0x40000510
4000064c:	27a7001a 	addiu	$a3,$sp,26
40000650:	93a20018 	lbu	$v0,24($sp)
40000654:	93a30019 	lbu	$v1,25($sp)
40000658:	93a4001a 	lbu	$a0,26($sp)
4000065c:	93a5001b 	lbu	$a1,27($sp)
40000660:	8fbf0024 	lw	$ra,36($sp)
40000664:	8fb00020 	lw	$s0,32($sp)
40000668:	00021600 	sll	$v0,$v0,0x18
4000066c:	00031c00 	sll	$v1,$v1,0x10
40000670:	00431021 	addu	$v0,$v0,$v1
40000674:	00042200 	sll	$a0,$a0,0x8
40000678:	00441021 	addu	$v0,$v0,$a0
4000067c:	00451025 	or	$v0,$v0,$a1
40000680:	03e00008 	jr	$ra
40000684:	27bd0028 	addiu	$sp,$sp,40
40000688:	27bdffd8 	addiu	$sp,$sp,-40
4000068c:	afbf0020 	sw	$ra,32($sp)
40000690:	24020002 	li	$v0,2
40000694:	afa20010 	sw	$v0,16($sp)
40000698:	240400b5 	li	$a0,181
4000069c:	00002825 	move	$a1,$zero
400006a0:	00a03025 	move	$a2,$a1
400006a4:	0c000144 	jal	0x40000510
400006a8:	27a70018 	addiu	$a3,$sp,24
400006ac:	93a20018 	lbu	$v0,24($sp)
400006b0:	93a30019 	lbu	$v1,25($sp)
400006b4:	8fbf0020 	lw	$ra,32($sp)
400006b8:	00021200 	sll	$v0,$v0,0x8
400006bc:	00431025 	or	$v0,$v0,$v1
400006c0:	03e00008 	jr	$ra
400006c4:	27bd0028 	addiu	$sp,$sp,40
400006c8:	27bdffe0 	addiu	$sp,$sp,-32
400006cc:	afbf001c 	sw	$ra,28($sp)
400006d0:	afb00018 	sw	$s0,24($sp)
400006d4:	3c104000 	lui	$s0,0x4000
400006d8:	261011a0 	addiu	$s0,$s0,4512
400006dc:	92040007 	lbu	$a0,7($s0)
400006e0:	0c000089 	jal	0x40000224
400006e4:	00000000 	nop
400006e8:	8e050004 	lw	$a1,4($s0)
400006ec:	0c0000cc 	jal	0x40000330
400006f0:	24040065 	li	$a0,101
400006f4:	92060007 	lbu	$a2,7($s0)
400006f8:	27a40010 	addiu	$a0,$sp,16
400006fc:	0c0000e6 	jal	0x40000398
40000700:	24050001 	li	$a1,1
40000704:	0c00010c 	jal	0x40000430
40000708:	00000000 	nop
4000070c:	93a20010 	lbu	$v0,16($sp)
40000710:	8fbf001c 	lw	$ra,28($sp)
40000714:	8fb00018 	lw	$s0,24($sp)
40000718:	03e00008 	jr	$ra
4000071c:	27bd0020 	addiu	$sp,$sp,32
40000720:	27bdffe0 	addiu	$sp,$sp,-32
40000724:	afbf001c 	sw	$ra,28($sp)
40000728:	afb00018 	sw	$s0,24($sp)
4000072c:	3c104000 	lui	$s0,0x4000
40000730:	261011a0 	addiu	$s0,$s0,4512
40000734:	9204000b 	lbu	$a0,11($s0)
40000738:	0c000089 	jal	0x40000224
4000073c:	00000000 	nop
40000740:	8e050008 	lw	$a1,8($s0)
40000744:	0c0000cc 	jal	0x40000330
40000748:	24040065 	li	$a0,101
4000074c:	9206000b 	lbu	$a2,11($s0)
40000750:	27a40010 	addiu	$a0,$sp,16
40000754:	0c0000e6 	jal	0x40000398
40000758:	24050001 	li	$a1,1
4000075c:	0c00010c 	jal	0x40000430
40000760:	00000000 	nop
40000764:	93a20010 	lbu	$v0,16($sp)
40000768:	8fbf001c 	lw	$ra,28($sp)
4000076c:	8fb00018 	lw	$s0,24($sp)
40000770:	03e00008 	jr	$ra
40000774:	27bd0020 	addiu	$sp,$sp,32
40000778:	27bdffe0 	addiu	$sp,$sp,-32
4000077c:	afbf001c 	sw	$ra,28($sp)
40000780:	afb00018 	sw	$s0,24($sp)
40000784:	3c104000 	lui	$s0,0x4000
40000788:	261011a0 	addiu	$s0,$s0,4512
4000078c:	92040013 	lbu	$a0,19($s0)
40000790:	0c000089 	jal	0x40000224
40000794:	00000000 	nop
40000798:	8e050010 	lw	$a1,16($s0)
4000079c:	0c0000cc 	jal	0x40000330
400007a0:	24040065 	li	$a0,101
400007a4:	92060013 	lbu	$a2,19($s0)
400007a8:	27a40010 	addiu	$a0,$sp,16
400007ac:	0c0000e6 	jal	0x40000398
400007b0:	24050001 	li	$a1,1
400007b4:	0c00010c 	jal	0x40000430
400007b8:	00000000 	nop
400007bc:	93a20010 	lbu	$v0,16($sp)
400007c0:	8fbf001c 	lw	$ra,28($sp)
400007c4:	8fb00018 	lw	$s0,24($sp)
400007c8:	03e00008 	jr	$ra
400007cc:	27bd0020 	addiu	$sp,$sp,32
400007d0:	27bdffe8 	addiu	$sp,$sp,-24
400007d4:	afbf0010 	sw	$ra,16($sp)
400007d8:	0c0001b2 	jal	0x400006c8
400007dc:	00000000 	nop
400007e0:	00402025 	move	$a0,$v0
400007e4:	308300c0 	andi	$v1,$a0,0xc0
400007e8:	240200c0 	li	$v0,192
400007ec:	1062000a 	beq	$v1,$v0,0x40000818
400007f0:	00801025 	move	$v0,$a0
400007f4:	0c0001c8 	jal	0x40000720
400007f8:	00000000 	nop
400007fc:	00402025 	move	$a0,$v0
40000800:	304300c0 	andi	$v1,$v0,0xc0
40000804:	24020080 	li	$v0,128
40000808:	10620003 	beq	$v1,$v0,0x40000818
4000080c:	00801025 	move	$v0,$a0
40000810:	0c0001b2 	jal	0x400006c8
40000814:	00000000 	nop
40000818:	8fbf0010 	lw	$ra,16($sp)
4000081c:	00000000 	nop
40000820:	03e00008 	jr	$ra
40000824:	27bd0018 	addiu	$sp,$sp,24
40000828:	27bdffc8 	addiu	$sp,$sp,-56
4000082c:	afbf0030 	sw	$ra,48($sp)
40000830:	afb1002c 	sw	$s1,44($sp)
40000834:	0c0001f4 	jal	0x400007d0
40000838:	afb00028 	sw	$s0,40($sp)
4000083c:	a3828011 	sb	$v0,-32751($gp)
40000840:	304400e0 	andi	$a0,$v0,0xe0
40000844:	38820040 	xori	$v0,$a0,0x40
40000848:	2c420001 	sltiu	$v0,$v0,1
4000084c:	2c830001 	sltiu	$v1,$a0,1
40000850:	00431025 	or	$v0,$v0,$v1
40000854:	14400005 	bnez	$v0,0x4000086c
40000858:	24020004 	li	$v0,4
4000085c:	24020080 	li	$v0,128
40000860:	14820002 	bne	$a0,$v0,0x4000086c
40000864:	24020001 	li	$v0,1
40000868:	24020002 	li	$v0,2
4000086c:	a3828013 	sb	$v0,-32749($gp)
40000870:	240200ff 	li	$v0,255
40000874:	a3a20020 	sb	$v0,32($sp)
40000878:	93828013 	lbu	$v0,-32749($gp)
4000087c:	afa00010 	sw	$zero,16($sp)
40000880:	afa00014 	sw	$zero,20($sp)
40000884:	afa00018 	sw	$zero,24($sp)
40000888:	24040006 	li	$a0,6
4000088c:	00002825 	move	$a1,$zero
40000890:	00a03025 	move	$a2,$a1
40000894:	3c104000 	lui	$s0,0x4000
40000898:	261011a0 	addiu	$s0,$s0,4512
4000089c:	00021080 	sll	$v0,$v0,0x2
400008a0:	00501021 	addu	$v0,$v0,$s0
400008a4:	8c420000 	lw	$v0,0($v0)
400008a8:	00a03825 	move	$a3,$a1
400008ac:	0c000111 	jal	0x40000444
400008b0:	afa2001c 	sw	$v0,28($sp)
400008b4:	93828013 	lbu	$v0,-32749($gp)
400008b8:	24110001 	li	$s1,1
400008bc:	afb10010 	sw	$s1,16($sp)
400008c0:	afa00014 	sw	$zero,20($sp)
400008c4:	afa00018 	sw	$zero,24($sp)
400008c8:	24040061 	li	$a0,97
400008cc:	00002825 	move	$a1,$zero
400008d0:	00a03025 	move	$a2,$a1
400008d4:	00021080 	sll	$v0,$v0,0x2
400008d8:	00501021 	addu	$v0,$v0,$s0
400008dc:	8c420000 	lw	$v0,0($v0)
400008e0:	27a70020 	addiu	$a3,$sp,32
400008e4:	0c000111 	jal	0x40000444
400008e8:	afa2001c 	sw	$v0,28($sp)
400008ec:	0c0001f4 	jal	0x400007d0
400008f0:	00000000 	nop
400008f4:	a3828011 	sb	$v0,-32751($gp)
400008f8:	304400e0 	andi	$a0,$v0,0xe0
400008fc:	38820040 	xori	$v0,$a0,0x40
40000900:	2c420001 	sltiu	$v0,$v0,1
40000904:	2c830001 	sltiu	$v1,$a0,1
40000908:	00431025 	or	$v0,$v0,$v1
4000090c:	10400004 	beqz	$v0,0x40000920
40000910:	24020004 	li	$v0,4
40000914:	a3828013 	sb	$v0,-32749($gp)
40000918:	10000008 	b	0x4000093c
4000091c:	00000000 	nop
40000920:	24020080 	li	$v0,128
40000924:	14820004 	bne	$a0,$v0,0x40000938
40000928:	24020002 	li	$v0,2
4000092c:	a3828013 	sb	$v0,-32749($gp)
40000930:	10000002 	b	0x4000093c
40000934:	00000000 	nop
40000938:	a3918013 	sb	$s1,-32749($gp)
4000093c:	8fbf0030 	lw	$ra,48($sp)
40000940:	8fb1002c 	lw	$s1,44($sp)
40000944:	8fb00028 	lw	$s0,40($sp)
40000948:	03e00008 	jr	$ra
4000094c:	27bd0038 	addiu	$sp,$sp,56
40000950:	af848015 	sw	$a0,-32747($gp)
40000954:	03e00008 	jr	$ra
40000958:	00000000 	nop
4000095c:	90820018 	lbu	$v0,24($a0)
40000960:	90830019 	lbu	$v1,25($a0)
40000964:	9086001a 	lbu	$a2,26($a0)
40000968:	9087001b 	lbu	$a3,27($a0)
4000096c:	00021600 	sll	$v0,$v0,0x18
40000970:	00031c00 	sll	$v1,$v1,0x10
40000974:	00431021 	addu	$v0,$v0,$v1
40000978:	00063200 	sll	$a2,$a2,0x8
4000097c:	00461021 	addu	$v0,$v0,$a2
40000980:	00471021 	addu	$v0,$v0,$a3
40000984:	aca20000 	sw	$v0,0($a1)
40000988:	9082001c 	lbu	$v0,28($a0)
4000098c:	9083001d 	lbu	$v1,29($a0)
40000990:	9086001e 	lbu	$a2,30($a0)
40000994:	9087001f 	lbu	$a3,31($a0)
40000998:	00021600 	sll	$v0,$v0,0x18
4000099c:	00031c00 	sll	$v1,$v1,0x10
400009a0:	00431021 	addu	$v0,$v0,$v1
400009a4:	00063200 	sll	$a2,$a2,0x8
400009a8:	00461021 	addu	$v0,$v0,$a2
400009ac:	00471021 	addu	$v0,$v0,$a3
400009b0:	aca20004 	sw	$v0,4($a1)
400009b4:	90820020 	lbu	$v0,32($a0)
400009b8:	90830021 	lbu	$v1,33($a0)
400009bc:	90860022 	lbu	$a2,34($a0)
400009c0:	90870023 	lbu	$a3,35($a0)
400009c4:	00021600 	sll	$v0,$v0,0x18
400009c8:	00031c00 	sll	$v1,$v1,0x10
400009cc:	00431021 	addu	$v0,$v0,$v1
400009d0:	00063200 	sll	$a2,$a2,0x8
400009d4:	00461021 	addu	$v0,$v0,$a2
400009d8:	00471021 	addu	$v0,$v0,$a3
400009dc:	aca20008 	sw	$v0,8($a1)
400009e0:	9082002a 	lbu	$v0,42($a0)
400009e4:	9083002b 	lbu	$v1,43($a0)
400009e8:	00021200 	sll	$v0,$v0,0x8
400009ec:	00621821 	addu	$v1,$v1,$v0
400009f0:	a4a3000c 	sh	$v1,12($a1)
400009f4:	9082002c 	lbu	$v0,44($a0)
400009f8:	9083002d 	lbu	$v1,45($a0)
400009fc:	00021200 	sll	$v0,$v0,0x8
40000a00:	00621821 	addu	$v1,$v1,$v0
40000a04:	a4a3000e 	sh	$v1,14($a1)
40000a08:	9082002e 	lbu	$v0,46($a0)
40000a0c:	9083002f 	lbu	$v1,47($a0)
40000a10:	00021200 	sll	$v0,$v0,0x8
40000a14:	00621821 	addu	$v1,$v1,$v0
40000a18:	a4a30010 	sh	$v1,16($a1)
40000a1c:	90820030 	lbu	$v0,48($a0)
40000a20:	90830031 	lbu	$v1,49($a0)
40000a24:	00021200 	sll	$v0,$v0,0x8
40000a28:	00621821 	addu	$v1,$v1,$v0
40000a2c:	03e00008 	jr	$ra
40000a30:	a4a30012 	sh	$v1,18($a1)
40000a34:	90830000 	lbu	$v1,0($a0)
40000a38:	90820001 	lbu	$v0,1($a0)
40000a3c:	90850002 	lbu	$a1,2($a0)
40000a40:	90860003 	lbu	$a2,3($a0)
40000a44:	90870004 	lbu	$a3,4($a0)
40000a48:	90880005 	lbu	$t0,5($a0)
40000a4c:	27bdfff8 	addiu	$sp,$sp,-8
40000a50:	00031e00 	sll	$v1,$v1,0x18
40000a54:	00021400 	sll	$v0,$v0,0x10
40000a58:	00621821 	addu	$v1,$v1,$v0
40000a5c:	00052a00 	sll	$a1,$a1,0x8
40000a60:	00651821 	addu	$v1,$v1,$a1
40000a64:	00661821 	addu	$v1,$v1,$a2
40000a68:	afa30000 	sw	$v1,0($sp)
40000a6c:	a3a70004 	sb	$a3,4($sp)
40000a70:	a3a80005 	sb	$t0,5($sp)
40000a74:	90820012 	lbu	$v0,18($a0)
40000a78:	90840013 	lbu	$a0,19($a0)
40000a7c:	8f858019 	lw	$a1,-32743($gp)
40000a80:	00021200 	sll	$v0,$v0,0x8
40000a84:	00822021 	addu	$a0,$a0,$v0
40000a88:	10650003 	beq	$v1,$a1,0x40000a98
40000a8c:	a7a40006 	sh	$a0,6($sp)
40000a90:	10000010 	b	0x40000ad4
40000a94:	24020001 	li	$v0,1
40000a98:	9383801d 	lbu	$v1,-32739($gp)
40000a9c:	30e200ff 	andi	$v0,$a3,0xff
40000aa0:	1443000c 	bne	$v0,$v1,0x40000ad4
40000aa4:	24020002 	li	$v0,2
40000aa8:	9383801e 	lbu	$v1,-32738($gp)
40000aac:	310200ff 	andi	$v0,$t0,0xff
40000ab0:	14430007 	bne	$v0,$v1,0x40000ad0
40000ab4:	3082ffff 	andi	$v0,$a0,0xffff
40000ab8:	9783801f 	lhu	$v1,-32737($gp)
40000abc:	00000000 	nop
40000ac0:	00431026 	xor	$v0,$v0,$v1
40000ac4:	0002102b 	sltu	$v0,$zero,$v0
40000ac8:	10000002 	b	0x40000ad4
40000acc:	00021080 	sll	$v0,$v0,0x2
40000ad0:	24020003 	li	$v0,3
40000ad4:	03e00008 	jr	$ra
40000ad8:	27bd0008 	addiu	$sp,$sp,8
40000adc:	27bdffd0 	addiu	$sp,$sp,-48
40000ae0:	00003025 	move	$a2,$zero
40000ae4:	afbe0028 	sw	$s8,40($sp)
40000ae8:	afb70024 	sw	$s7,36($sp)
40000aec:	afb60020 	sw	$s6,32($sp)
40000af0:	afb5001c 	sw	$s5,28($sp)
40000af4:	afb40018 	sw	$s4,24($sp)
40000af8:	afb30014 	sw	$s3,20($sp)
40000afc:	afb20010 	sw	$s2,16($sp)
40000b00:	afb1000c 	sw	$s1,12($sp)
40000b04:	afb00008 	sw	$s0,8($sp)
40000b08:	18a0005e 	blez	$a1,0x40000c84
40000b0c:	afa50034 	sw	$a1,52($sp)
40000b10:	afa40000 	sw	$a0,0($sp)
40000b14:	3c024000 	lui	$v0,0x4000
40000b18:	244211e0 	addiu	$v0,$v0,4576
40000b1c:	245e000c 	addiu	$s8,$v0,12
40000b20:	24970013 	addiu	$s7,$a0,19
40000b24:	24960012 	addiu	$s6,$a0,18
40000b28:	24950011 	addiu	$s5,$a0,17
40000b2c:	24940010 	addiu	$s4,$a0,16
40000b30:	24530008 	addiu	$s3,$v0,8
40000b34:	2492000b 	addiu	$s2,$a0,11
40000b38:	2491000a 	addiu	$s1,$a0,10
40000b3c:	24900009 	addiu	$s0,$a0,9
40000b40:	24990008 	addiu	$t9,$a0,8
40000b44:	24580004 	addiu	$t8,$v0,4
40000b48:	248f0007 	addiu	$t7,$a0,7
40000b4c:	248e0006 	addiu	$t6,$a0,6
40000b50:	248d0005 	addiu	$t5,$a0,5
40000b54:	248c0004 	addiu	$t4,$a0,4
40000b58:	00405825 	move	$t3,$v0
40000b5c:	248a0003 	addiu	$t2,$a0,3
40000b60:	24890002 	addiu	$t1,$a0,2
40000b64:	24880001 	addiu	$t0,$a0,1
40000b68:	91450000 	lbu	$a1,0($t2)
40000b6c:	91240000 	lbu	$a0,0($t1)
40000b70:	91030000 	lbu	$v1,0($t0)
40000b74:	8fa70000 	lw	$a3,0($sp)
40000b78:	254a0020 	addiu	$t2,$t2,32
40000b7c:	25290020 	addiu	$t1,$t1,32
40000b80:	25080020 	addiu	$t0,$t0,32
40000b84:	24c60001 	addiu	$a2,$a2,1
40000b88:	90e20000 	lbu	$v0,0($a3)
40000b8c:	24e70020 	addiu	$a3,$a3,32
40000b90:	afa70000 	sw	$a3,0($sp)
40000b94:	00031c00 	sll	$v1,$v1,0x10
40000b98:	00042200 	sll	$a0,$a0,0x8
40000b9c:	00021600 	sll	$v0,$v0,0x18
40000ba0:	00431021 	addu	$v0,$v0,$v1
40000ba4:	00441021 	addu	$v0,$v0,$a0
40000ba8:	00451021 	addu	$v0,$v0,$a1
40000bac:	ad620000 	sw	$v0,0($t3)
40000bb0:	91e50000 	lbu	$a1,0($t7)
40000bb4:	91c40000 	lbu	$a0,0($t6)
40000bb8:	91a30000 	lbu	$v1,0($t5)
40000bbc:	91820000 	lbu	$v0,0($t4)
40000bc0:	25ef0020 	addiu	$t7,$t7,32
40000bc4:	25ce0020 	addiu	$t6,$t6,32
40000bc8:	25ad0020 	addiu	$t5,$t5,32
40000bcc:	258c0020 	addiu	$t4,$t4,32
40000bd0:	256b0010 	addiu	$t3,$t3,16
40000bd4:	00021600 	sll	$v0,$v0,0x18
40000bd8:	00031c00 	sll	$v1,$v1,0x10
40000bdc:	00431021 	addu	$v0,$v0,$v1
40000be0:	00042200 	sll	$a0,$a0,0x8
40000be4:	00441021 	addu	$v0,$v0,$a0
40000be8:	00451021 	addu	$v0,$v0,$a1
40000bec:	af020000 	sw	$v0,0($t8)
40000bf0:	92450000 	lbu	$a1,0($s2)
40000bf4:	92240000 	lbu	$a0,0($s1)
40000bf8:	92030000 	lbu	$v1,0($s0)
40000bfc:	93220000 	lbu	$v0,0($t9)
40000c00:	26520020 	addiu	$s2,$s2,32
40000c04:	26310020 	addiu	$s1,$s1,32
40000c08:	26100020 	addiu	$s0,$s0,32
40000c0c:	27390020 	addiu	$t9,$t9,32
40000c10:	27180010 	addiu	$t8,$t8,16
40000c14:	00021600 	sll	$v0,$v0,0x18
40000c18:	00031c00 	sll	$v1,$v1,0x10
40000c1c:	00431021 	addu	$v0,$v0,$v1
40000c20:	00042200 	sll	$a0,$a0,0x8
40000c24:	00441021 	addu	$v0,$v0,$a0
40000c28:	00451021 	addu	$v0,$v0,$a1
40000c2c:	ae620000 	sw	$v0,0($s3)
40000c30:	92e50000 	lbu	$a1,0($s7)
40000c34:	92c40000 	lbu	$a0,0($s6)
40000c38:	92a30000 	lbu	$v1,0($s5)
40000c3c:	92820000 	lbu	$v0,0($s4)
40000c40:	26f70020 	addiu	$s7,$s7,32
40000c44:	26d60020 	addiu	$s6,$s6,32
40000c48:	26b50020 	addiu	$s5,$s5,32
40000c4c:	26940020 	addiu	$s4,$s4,32
40000c50:	26730010 	addiu	$s3,$s3,16
40000c54:	00021600 	sll	$v0,$v0,0x18
40000c58:	00031c00 	sll	$v1,$v1,0x10
40000c5c:	00431021 	addu	$v0,$v0,$v1
40000c60:	00042200 	sll	$a0,$a0,0x8
40000c64:	00441021 	addu	$v0,$v0,$a0
40000c68:	00451021 	addu	$v0,$v0,$a1
40000c6c:	afc20000 	sw	$v0,0($s8)
40000c70:	8fa70034 	lw	$a3,52($sp)
40000c74:	00000000 	nop
40000c78:	00c7102a 	slt	$v0,$a2,$a3
40000c7c:	1440ffba 	bnez	$v0,0x40000b68
40000c80:	27de0010 	addiu	$s8,$s8,16
40000c84:	8fbe0028 	lw	$s8,40($sp)
40000c88:	8fb70024 	lw	$s7,36($sp)
40000c8c:	8fb60020 	lw	$s6,32($sp)
40000c90:	8fb5001c 	lw	$s5,28($sp)
40000c94:	8fb40018 	lw	$s4,24($sp)
40000c98:	8fb30014 	lw	$s3,20($sp)
40000c9c:	8fb20010 	lw	$s2,16($sp)
40000ca0:	8fb1000c 	lw	$s1,12($sp)
40000ca4:	8fb00008 	lw	$s0,8($sp)
40000ca8:	03e00008 	jr	$ra
40000cac:	27bd0030 	addiu	$sp,$sp,48
40000cb0:	27bdffd8 	addiu	$sp,$sp,-40
40000cb4:	afbf0020 	sw	$ra,32($sp)
40000cb8:	afb3001c 	sw	$s3,28($sp)
40000cbc:	afb20018 	sw	$s2,24($sp)
40000cc0:	afb10014 	sw	$s1,20($sp)
40000cc4:	afb00010 	sw	$s0,16($sp)
40000cc8:	00a08825 	move	$s1,$a1
40000ccc:	00c09025 	move	$s2,$a2
40000cd0:	0232102a 	slt	$v0,$s1,$s2
40000cd4:	1040000e 	beqz	$v0,0x40000d10
40000cd8:	00809825 	move	$s3,$a0
40000cdc:	02518023 	subu	$s0,$s2,$s1
40000ce0:	2a020401 	slti	$v0,$s0,1025
40000ce4:	14400002 	bnez	$v0,0x40000cf0
40000ce8:	00000000 	nop
40000cec:	24100400 	li	$s0,1024
40000cf0:	8f828015 	lw	$v0,-32747($gp)
40000cf4:	02602025 	move	$a0,$s3
40000cf8:	0040f809 	jalr	$v0
40000cfc:	02002825 	move	$a1,$s0
40000d00:	02308821 	addu	$s1,$s1,$s0
40000d04:	0232102a 	slt	$v0,$s1,$s2
40000d08:	1440fff5 	bnez	$v0,0x40000ce0
40000d0c:	02518023 	subu	$s0,$s2,$s1
40000d10:	02201025 	move	$v0,$s1
40000d14:	8fbf0020 	lw	$ra,32($sp)
40000d18:	8fb3001c 	lw	$s3,28($sp)
40000d1c:	8fb20018 	lw	$s2,24($sp)
40000d20:	8fb10014 	lw	$s1,20($sp)
40000d24:	8fb00010 	lw	$s0,16($sp)
40000d28:	03e00008 	jr	$ra
40000d2c:	27bd0028 	addiu	$sp,$sp,40
40000d30:	8f828015 	lw	$v0,-32747($gp)
40000d34:	27bdffb0 	addiu	$sp,$sp,-80
40000d38:	afbf004c 	sw	$ra,76($sp)
40000d3c:	afbe0048 	sw	$s8,72($sp)
40000d40:	afb70044 	sw	$s7,68($sp)
40000d44:	afb60040 	sw	$s6,64($sp)
40000d48:	afb5003c 	sw	$s5,60($sp)
40000d4c:	afb40038 	sw	$s4,56($sp)
40000d50:	afb30034 	sw	$s3,52($sp)
40000d54:	afb20030 	sw	$s2,48($sp)
40000d58:	afb1002c 	sw	$s1,44($sp)
40000d5c:	afb00028 	sw	$s0,40($sp)
40000d60:	3c114000 	lui	$s1,0x4000
40000d64:	263013e0 	addiu	$s0,$s1,5088
40000d68:	02002025 	move	$a0,$s0
40000d6c:	0040f809 	jalr	$v0
40000d70:	24050034 	li	$a1,52
40000d74:	0c00028d 	jal	0x40000a34
40000d78:	02002025 	move	$a0,$s0
40000d7c:	1440007c 	bnez	$v0,0x40000f70
40000d80:	02002025 	move	$a0,$s0
40000d84:	0c000257 	jal	0x4000095c
40000d88:	27a50010 	addiu	$a1,$sp,16
40000d8c:	97a3001c 	lhu	$v1,28($sp)
40000d90:	24020020 	li	$v0,32
40000d94:	14620076 	bne	$v1,$v0,0x40000f70
40000d98:	2402000a 	li	$v0,10
40000d9c:	97a2001e 	lhu	$v0,30($sp)
40000da0:	00000000 	nop
40000da4:	2c420021 	sltiu	$v0,$v0,33
40000da8:	14400003 	bnez	$v0,0x40000db8
40000dac:	24020028 	li	$v0,40
40000db0:	1000006f 	b	0x40000f70
40000db4:	2402000b 	li	$v0,11
40000db8:	97a30020 	lhu	$v1,32($sp)
40000dbc:	00000000 	nop
40000dc0:	1462006b 	bne	$v1,$v0,0x40000f70
40000dc4:	2402000c 	li	$v0,12
40000dc8:	8fa20010 	lw	$v0,16($sp)
40000dcc:	00000000 	nop
40000dd0:	2c422000 	sltiu	$v0,$v0,8192
40000dd4:	14400066 	bnez	$v0,0x40000f70
40000dd8:	2402000d 	li	$v0,13
40000ddc:	8fa60014 	lw	$a2,20($sp)
40000de0:	02002025 	move	$a0,$s0
40000de4:	0c00032c 	jal	0x40000cb0
40000de8:	24050034 	li	$a1,52
40000dec:	00409025 	move	$s2,$v0
40000df0:	97a2001e 	lhu	$v0,30($sp)
40000df4:	02002025 	move	$a0,$s0
40000df8:	0002a940 	sll	$s5,$v0,0x5
40000dfc:	8f828015 	lw	$v0,-32747($gp)
40000e00:	00000000 	nop
40000e04:	0040f809 	jalr	$v0
40000e08:	02a02825 	move	$a1,$s5
40000e0c:	97a5001e 	lhu	$a1,30($sp)
40000e10:	02559021 	addu	$s2,$s2,$s5
40000e14:	0c0002b7 	jal	0x40000adc
40000e18:	02002025 	move	$a0,$s0
40000e1c:	97a2001e 	lhu	$v0,30($sp)
40000e20:	00000000 	nop
40000e24:	10400040 	beqz	$v0,0x40000f28
40000e28:	0000a825 	move	$s5,$zero
40000e2c:	0220f025 	move	$s8,$s1
40000e30:	3c024000 	lui	$v0,0x4000
40000e34:	245611e0 	addiu	$s6,$v0,4576
40000e38:	26d7000c 	addiu	$s7,$s6,12
40000e3c:	26d40004 	addiu	$s4,$s6,4
40000e40:	8e860000 	lw	$a2,0($s4)
40000e44:	27c413e0 	addiu	$a0,$s8,5088
40000e48:	02402825 	move	$a1,$s2
40000e4c:	0c00032c 	jal	0x40000cb0
40000e50:	00009825 	move	$s3,$zero
40000e54:	8e830000 	lw	$v1,0($s4)
40000e58:	8ee40000 	lw	$a0,0($s7)
40000e5c:	00409025 	move	$s2,$v0
40000e60:	00641821 	addu	$v1,$v1,$a0
40000e64:	0243182b 	sltu	$v1,$s2,$v1
40000e68:	10600028 	beqz	$v1,0x40000f0c
40000e6c:	00000000 	nop
40000e70:	02c08825 	move	$s1,$s6
40000e74:	8e220004 	lw	$v0,4($s1)
40000e78:	8e23000c 	lw	$v1,12($s1)
40000e7c:	00000000 	nop
40000e80:	00431021 	addu	$v0,$v0,$v1
40000e84:	00528023 	subu	$s0,$v0,$s2
40000e88:	2a020401 	slti	$v0,$s0,1025
40000e8c:	14400002 	bnez	$v0,0x40000e98
40000e90:	00000000 	nop
40000e94:	24100400 	li	$s0,1024
40000e98:	8f828015 	lw	$v0,-32747($gp)
40000e9c:	27c413e0 	addiu	$a0,$s8,5088
40000ea0:	0040f809 	jalr	$v0
40000ea4:	02002825 	move	$a1,$s0
40000ea8:	8e220000 	lw	$v0,0($s1)
40000eac:	24070001 	li	$a3,1
40000eb0:	1447000f 	bne	$v0,$a3,0x40000ef0
40000eb4:	02509021 	addu	$s2,$s2,$s0
40000eb8:	1a00000d 	blez	$s0,0x40000ef0
40000ebc:	00002825 	move	$a1,$zero
40000ec0:	8e220008 	lw	$v0,8($s1)
40000ec4:	3c074000 	lui	$a3,0x4000
40000ec8:	24e713e0 	addiu	$a3,$a3,5088
40000ecc:	00a71821 	addu	$v1,$a1,$a3
40000ed0:	8c630000 	lw	$v1,0($v1)
40000ed4:	02652021 	addu	$a0,$s3,$a1
40000ed8:	24a50004 	addiu	$a1,$a1,4
40000edc:	00822021 	addu	$a0,$a0,$v0
40000ee0:	ac830000 	sw	$v1,0($a0)
40000ee4:	00b0102a 	slt	$v0,$a1,$s0
40000ee8:	1440fff5 	bnez	$v0,0x40000ec0
40000eec:	00000000 	nop
40000ef0:	8e220004 	lw	$v0,4($s1)
40000ef4:	8e23000c 	lw	$v1,12($s1)
40000ef8:	00000000 	nop
40000efc:	00431021 	addu	$v0,$v0,$v1
40000f00:	0242102b 	sltu	$v0,$s2,$v0
40000f04:	1440ffdb 	bnez	$v0,0x40000e74
40000f08:	02709821 	addu	$s3,$s3,$s0
40000f0c:	97a2001e 	lhu	$v0,30($sp)
40000f10:	26d60010 	addiu	$s6,$s6,16
40000f14:	26f70010 	addiu	$s7,$s7,16
40000f18:	26b50001 	addiu	$s5,$s5,1
40000f1c:	02a2102a 	slt	$v0,$s5,$v0
40000f20:	1440ffc7 	bnez	$v0,0x40000e40
40000f24:	26940010 	addiu	$s4,$s4,16
40000f28:	8fa60018 	lw	$a2,24($sp)
40000f2c:	3c104000 	lui	$s0,0x4000
40000f30:	261013e0 	addiu	$s0,$s0,5088
40000f34:	02002025 	move	$a0,$s0
40000f38:	0c00032c 	jal	0x40000cb0
40000f3c:	02402825 	move	$a1,$s2
40000f40:	00409025 	move	$s2,$v0
40000f44:	97a20022 	lhu	$v0,34($sp)
40000f48:	02002025 	move	$a0,$s0
40000f4c:	02402825 	move	$a1,$s2
40000f50:	00023080 	sll	$a2,$v0,0x2
40000f54:	00c23021 	addu	$a2,$a2,$v0
40000f58:	000630c0 	sll	$a2,$a2,0x3
40000f5c:	0c00032c 	jal	0x40000cb0
40000f60:	00a63021 	addu	$a2,$a1,$a2
40000f64:	8fa30010 	lw	$v1,16($sp)
40000f68:	00001025 	move	$v0,$zero
40000f6c:	af838021 	sw	$v1,-32735($gp)
40000f70:	8fbf004c 	lw	$ra,76($sp)
40000f74:	8fbe0048 	lw	$s8,72($sp)
40000f78:	8fb70044 	lw	$s7,68($sp)
40000f7c:	8fb60040 	lw	$s6,64($sp)
40000f80:	8fb5003c 	lw	$s5,60($sp)
40000f84:	8fb40038 	lw	$s4,56($sp)
40000f88:	8fb30034 	lw	$s3,52($sp)
40000f8c:	8fb20030 	lw	$s2,48($sp)
40000f90:	8fb1002c 	lw	$s1,44($sp)
40000f94:	8fb00028 	lw	$s0,40($sp)
40000f98:	03e00008 	jr	$ra
40000f9c:	27bd0050 	addiu	$sp,$sp,80
40000fa0:	8f828021 	lw	$v0,-32735($gp)
40000fa4:	27bdffe8 	addiu	$sp,$sp,-24
40000fa8:	afbf0010 	sw	$ra,16($sp)
40000fac:	0040f809 	jalr	$v0
40000fb0:	00000000 	nop
40000fb4:	8fbf0010 	lw	$ra,16($sp)
40000fb8:	00000000 	nop
40000fbc:	03e00008 	jr	$ra
40000fc0:	27bd0018 	addiu	$sp,$sp,24
40000fc4:	27bdffe8 	addiu	$sp,$sp,-24
40000fc8:	afbf0010 	sw	$ra,16($sp)
40000fcc:	3c020018 	lui	$v0,0x18
40000fd0:	af828025 	sw	$v0,-32731($gp)
40000fd4:	0c00020a 	jal	0x40000828
40000fd8:	00000000 	nop
40000fdc:	8fbf0010 	lw	$ra,16($sp)
40000fe0:	00000000 	nop
40000fe4:	03e00008 	jr	$ra
40000fe8:	27bd0018 	addiu	$sp,$sp,24
40000fec:	00801025 	move	$v0,$a0
40000ff0:	8f848025 	lw	$a0,-32731($gp)
40000ff4:	27bdffe8 	addiu	$sp,$sp,-24
40000ff8:	afbf0014 	sw	$ra,20($sp)
40000ffc:	afb00010 	sw	$s0,16($sp)
40001000:	00a08025 	move	$s0,$a1
40001004:	00402825 	move	$a1,$v0
40001008:	0c00015f 	jal	0x4000057c
4000100c:	02003025 	move	$a2,$s0
40001010:	8f828025 	lw	$v0,-32731($gp)
40001014:	8fbf0014 	lw	$ra,20($sp)
40001018:	00501021 	addu	$v0,$v0,$s0
4000101c:	8fb00010 	lw	$s0,16($sp)
40001020:	af828025 	sw	$v0,-32731($gp)
40001024:	03e00008 	jr	$ra
40001028:	27bd0018 	addiu	$sp,$sp,24
4000102c:	27bdffd8 	addiu	$sp,$sp,-40
40001030:	afbf0020 	sw	$ra,32($sp)
40001034:	afb3001c 	sw	$s3,28($sp)
40001038:	afb20018 	sw	$s2,24($sp)
4000103c:	afb10014 	sw	$s1,20($sp)
40001040:	afb00010 	sw	$s0,16($sp)
40001044:	00008025 	move	$s0,$zero
40001048:	00a08825 	move	$s1,$a1
4000104c:	1a20000c 	blez	$s1,0x40001080
40001050:	00809825 	move	$s3,$a0
40001054:	3c122000 	lui	$s2,0x2000
40001058:	0c000066 	jal	0x40000198
4000105c:	00000000 	nop
40001060:	02701821 	addu	$v1,$s3,$s0
40001064:	a0620000 	sb	$v0,0($v1)
40001068:	304200ff 	andi	$v0,$v0,0xff
4000106c:	ae420000 	sw	$v0,0($s2)
40001070:	26100001 	addiu	$s0,$s0,1
40001074:	0211102a 	slt	$v0,$s0,$s1
40001078:	1440fff7 	bnez	$v0,0x40001058
4000107c:	00000000 	nop
40001080:	8fbf0020 	lw	$ra,32($sp)
40001084:	8fb3001c 	lw	$s3,28($sp)
40001088:	8fb20018 	lw	$s2,24($sp)
4000108c:	8fb10014 	lw	$s1,20($sp)
40001090:	8fb00010 	lw	$s0,16($sp)
40001094:	03e00008 	jr	$ra
40001098:	27bd0028 	addiu	$sp,$sp,40
4000109c:	27bdffe8 	addiu	$sp,$sp,-24
400010a0:	afbf0010 	sw	$ra,16($sp)
400010a4:	3c032000 	lui	$v1,0x2000
400010a8:	34630010 	ori	$v1,$v1,0x10
400010ac:	24020001 	li	$v0,1
400010b0:	ac620000 	sw	$v0,0($v1)
400010b4:	3c032000 	lui	$v1,0x2000
400010b8:	34630060 	ori	$v1,$v1,0x60
400010bc:	24020054 	li	$v0,84
400010c0:	ac620000 	sw	$v0,0($v1)
400010c4:	3c022000 	lui	$v0,0x2000
400010c8:	34420074 	ori	$v0,$v0,0x74
400010cc:	8c420000 	lw	$v0,0($v0)
400010d0:	00000000 	nop
400010d4:	30420008 	andi	$v0,$v0,0x8
400010d8:	10400005 	beqz	$v0,0x400010f0
400010dc:	24020066 	li	$v0,102
400010e0:	ac620000 	sw	$v0,0($v1)
400010e4:	3c044000 	lui	$a0,0x4000
400010e8:	10000005 	b	0x40001100
400010ec:	2484102c 	addiu	$a0,$a0,4140
400010f0:	0c0003f1 	jal	0x40000fc4
400010f4:	00000000 	nop
400010f8:	3c044000 	lui	$a0,0x4000
400010fc:	24840fec 	addiu	$a0,$a0,4076
40001100:	0c000254 	jal	0x40000950
40001104:	00000000 	nop
40001108:	0c00034c 	jal	0x40000d30
4000110c:	00000000 	nop
40001110:	00403825 	move	$a3,$v0
40001114:	14e00008 	bnez	$a3,0x40001138
40001118:	3c052000 	lui	$a1,0x2000
4000111c:	3c032000 	lui	$v1,0x2000
40001120:	34630060 	ori	$v1,$v1,0x60
40001124:	240200ff 	li	$v0,255
40001128:	0c0003e8 	jal	0x40000fa0
4000112c:	ac620000 	sw	$v0,0($v1)
40001130:	00403825 	move	$a3,$v0
40001134:	3c052000 	lui	$a1,0x2000
40001138:	34a50060 	ori	$a1,$a1,0x60
4000113c:	3c06001e 	lui	$a2,0x1e
40001140:	34c6847f 	ori	$a2,$a2,0x847f
40001144:	aca70000 	sw	$a3,0($a1)
40001148:	00001825 	move	$v1,$zero
4000114c:	24630001 	addiu	$v1,$v1,1
40001150:	00c3102a 	slt	$v0,$a2,$v1
40001154:	1040fffe 	beqz	$v0,0x40001150
40001158:	24630001 	addiu	$v1,$v1,1
4000115c:	aca00000 	sw	$zero,0($a1)
40001160:	00001825 	move	$v1,$zero
40001164:	3c04001e 	lui	$a0,0x1e
40001168:	3484847f 	ori	$a0,$a0,0x847f
4000116c:	24630001 	addiu	$v1,$v1,1
40001170:	0083102a 	slt	$v0,$a0,$v1
40001174:	1040fffe 	beqz	$v0,0x40001170
40001178:	24630001 	addiu	$v1,$v1,1
4000117c:	1000fff1 	b	0x40001144
40001180:	00000000 	nop
Disassembly of section .rodata:

4000119c <.rodata>:
4000119c:	Disassembly of section .data:

4000119f <.data>:
	...
400011ab:	01000000 	0x1000000
400011af:	00000000 	nop
400011b3:	02010204 	0x2010204
400011b7:	000e0c00 	sll	$at,$t6,0x10
400011bb:	00070301 	0x70301
400011bf:	00070604 	0x70604
400011c3:	00080402 	srl	$zero,$t0,0x10
Disassembly of section .sdata:

400011c8 <.sdata>:
400011c8:	ffff0100 	0xffff0100
400011cc:	00000000 	nop
400011d0:	7f454c46 	0x7f454c46
400011d4:	01020008 	0x1020008
	...
