Release 13.3 Map O.76xd (nt64)
Xilinx Mapping Report File for Design 'PlasmaAtlysDDR'

Design Information
------------------
Command Line   : map -intstyle ise -p xc6slx45-csg324-2 -w -logic_opt off -ol
high -t 1 -xt 0 -register_duplication off -r 4 -global_opt off -mt off -ir off
-pr off -lc off -power off -o PlasmaAtlysDDR_map.ncd PlasmaAtlysDDR.ngd
PlasmaAtlysDDR.pcf 
Target Device  : xc6slx45
Target Package : csg324
Target Speed   : -2
Mapper Version : spartan6 -- $Revision: 1.55 $
Mapped Date    : Tue Oct 01 15:59:55 2013

Design Summary
--------------
Number of errors:      0
Number of warnings:    1
Slice Logic Utilization:
  Number of Slice Registers:                 2,369 out of  54,576    4%
    Number used as Flip Flops:               2,369
    Number used as Latches:                      0
    Number used as Latch-thrus:                  0
    Number used as AND/OR logics:                0
  Number of Slice LUTs:                      4,272 out of  27,288   15%
    Number used as logic:                    3,970 out of  27,288   14%
      Number using O6 output only:           3,356
      Number using O5 output only:             179
      Number using O5 and O6:                  435
      Number used as ROM:                        0
    Number used as Memory:                     198 out of   6,408    3%
      Number used as Dual Port RAM:            196
        Number using O6 output only:           120
        Number using O5 output only:            16
        Number using O5 and O6:                 60
      Number used as Single Port RAM:            0
      Number used as Shift Register:             2
        Number using O6 output only:             2
        Number using O5 output only:             0
        Number using O5 and O6:                  0
    Number used exclusively as route-thrus:    104
      Number with same-slice register load:     94
      Number with same-slice carry load:        10
      Number with other load:                    0

Slice Logic Distribution:
  Number of occupied Slices:                 1,497 out of   6,822   21%
  Nummber of MUXCYs used:                      708 out of  13,644    5%
  Number of LUT Flip Flop pairs used:        4,931
    Number with an unused Flip Flop:         2,745 out of   4,931   55%
    Number with an unused LUT:                 659 out of   4,931   13%
    Number of fully used LUT-FF pairs:       1,527 out of   4,931   30%
    Number of unique control sets:             136
    Number of slice register sites lost
      to control set restrictions:             477 out of  54,576    1%

  A LUT Flip Flop pair for this architecture represents one LUT paired with
  one Flip Flop within a slice.  A control set is a unique combination of
  clock, reset, set, and enable signals for a registered element.
  The Slice Logic Distribution report is not meaningful if the design is
  over-mapped for a non-slice resource or if Placement fails.

IO Utilization:
  Number of bonded IOBs:                        90 out of     218   41%
    Number of LOCed IOBs:                       86 out of      90   95%

Specific Feature Utilization:
  Number of RAMB16BWERs:                        23 out of     116   19%
  Number of RAMB8BWERs:                          4 out of     232    1%
  Number of BUFIO2/BUFIO2_2CLKs:                 1 out of      32    3%
    Number used as BUFIO2s:                      1
    Number used as BUFIO2_2CLKs:                 0
  Number of BUFIO2FB/BUFIO2FB_2CLKs:             0 out of      32    0%
  Number of BUFG/BUFGMUXs:                       2 out of      16   12%
    Number used as BUFGs:                        1
    Number used as BUFGMUX:                      1
  Number of DCM/DCM_CLKGENs:                     0 out of       8    0%
  Number of ILOGIC2/ISERDES2s:                   0 out of     376    0%
  Number of IODELAY2/IODRP2/IODRP2_MCBs:        24 out of     376    6%
    Number used as IODELAY2s:                    0
    Number used as IODRP2s:                      2
    Number used as IODRP2_MCBs:                 22
  Number of OLOGIC2/OSERDES2s:                  45 out of     376   11%
    Number used as OLOGIC2s:                     0
    Number used as OSERDES2s:                   45
  Number of BSCANs:                              0 out of       4    0%
  Number of BUFHs:                               0 out of     256    0%
  Number of BUFPLLs:                             0 out of       8    0%
  Number of BUFPLL_MCBs:                         1 out of       4   25%
  Number of DSP48A1s:                            0 out of      58    0%
  Number of ICAPs:                               0 out of       1    0%
  Number of MCBs:                                1 out of       2   50%
  Number of PCILOGICSEs:                         0 out of       2    0%
  Number of PLL_ADVs:                            1 out of       4   25%
  Number of PMVs:                                0 out of       1    0%
  Number of STARTUPs:                            0 out of       1    0%
  Number of SUSPEND_SYNCs:                       0 out of       1    0%

Average Fanout of Non-Clock Nets:                4.60

Peak Memory Usage:  551 MB
Total REAL time to MAP completion:  2 mins 36 secs 
Total CPU time to MAP completion:   2 mins 35 secs 

Table of Contents
-----------------
Section 1 - Errors
Section 2 - Warnings
Section 3 - Informational
Section 4 - Removed Logic Summary
Section 5 - Removed Logic
Section 6 - IOB Properties
Section 7 - RPMs
Section 8 - Guide Report
Section 9 - Area Group and Partition Summary
Section 10 - Timing Report
Section 11 - Configuration String Information
Section 12 - Control Set Information
Section 13 - Utilization by Hierarchy

Section 1 - Errors
------------------

Section 2 - Warnings
--------------------
WARNING:PhysDesignRules:2410 - This design is using one or more 9K Block RAMs
   (RAMB8BWER).  9K Block RAM initialization data, both user defined and
   default, may be incorrect and should not be used.  For more information,
   please reference Xilinx Answer Record 39999.

Section 3 - Informational
-------------------------
INFO:LIT:243 - Logical network N1292 has no load.
INFO:LIT:395 - The above info message is repeated 314 more times for the
   following (max. 5 shown):
   N1296,
   Uart_bypassRx<7>,
   Uart_bypassRx<6>,
   Uart_bypassRx<5>,
   Uart_bypassRx<4>
   To see the details of these info messages, please use the -detail switch.
INFO:MapLib:562 - No environment variables are currently set.
INFO:LIT:244 - All of the single ended outputs in this design are using slew
   rate limited output drivers. The delay on speed critical single ended outputs
   can be dramatically reduced by designating them as fast outputs.
INFO:Pack:1716 - Initializing temperature to 85.000 Celsius. (default - Range:
   0.000 to 85.000 Celsius)
INFO:Pack:1720 - Initializing voltage to 1.140 Volts. (default - Range: 1.140 to
   1.260 Volts)
INFO:Map:215 - The Interim Design Summary has been generated in the MAP Report
   (.mrp).
INFO:Place:834 - Only a subset of IOs are locked. Out of 90 IOs, 86 are locked
   and 4 are not locked. If you would like to print the names of these IOs,
   please set the environment variable XIL_PAR_DESIGN_CHECK_VERBOSE to 1. 
INFO:Pack:1650 - Map created a placed design.

Section 4 - Removed Logic Summary
---------------------------------
   8 block(s) optimized away

Section 5 - Removed Logic
-------------------------

Optimized Block(s):
TYPE 		BLOCK
GND 		MCU/FIFO/XST_GND
VCC 		MCU/FIFO/XST_VCC
GND 		MCU/u4_uart/BIDIR_BUFFER/RX_FIFO/XST_GND
VCC 		MCU/u4_uart/BIDIR_BUFFER/RX_FIFO/XST_VCC
GND 		MCU/u4_uart/BIDIR_BUFFER/TX_FIFO/XST_GND
VCC 		MCU/u4_uart/BIDIR_BUFFER/TX_FIFO/XST_VCC
GND 		XST_GND
VCC 		XST_VCC

To enable printing of redundant blocks removed and signals merged, set the
detailed map report option and rerun map.

Section 6 - IOB Properties
--------------------------

+---------------------------------------------------------------------------------------------------------------------------------------------------------+
| IOB Name                           | Type             | Direction | IO Standard          | Diff  | Drive    | Slew | Reg (s)      | Resistor | IOB      |
|                                    |                  |           |                      | Term  | Strength | Rate |              |          | Delay    |
+---------------------------------------------------------------------------------------------------------------------------------------------------------+
| FlashCLK                           | IOB              | OUTPUT    | LVCMOS25             |       | 12       | SLOW |              |          |          |
| FlashCS                            | IOB              | OUTPUT    | LVCMOS25             |       | 12       | SLOW |              |          |          |
| FlashMemDq<0>                      | IOB              | BIDIR     | LVCMOS25             |       | 12       | SLOW |              |          |          |
| FlashMemDq<1>                      | IOB              | BIDIR     | LVCMOS25             |       | 12       | SLOW |              |          |          |
| FlashMemDq<2>                      | IOB              | BIDIR     | LVCMOS25             |       | 12       | SLOW |              |          |          |
| FlashMemDq<3>                      | IOB              | BIDIR     | LVCMOS25             |       | 12       | SLOW |              |          |          |
| FlashTris<0>                       | IOB              | OUTPUT    | LVCMOS25             |       | 12       | SLOW |              |          |          |
| FlashTris<1>                       | IOB              | OUTPUT    | LVCMOS25             |       | 12       | SLOW |              |          |          |
| FlashTris<2>                       | IOB              | OUTPUT    | LVCMOS25             |       | 12       | SLOW |              |          |          |
| FlashTris<3>                       | IOB              | OUTPUT    | LVCMOS25             |       | 12       | SLOW |              |          |          |
| UartRx                             | IOB              | INPUT     | LVCMOS25             |       |          |      |              |          |          |
| UartTx                             | IOB              | OUTPUT    | LVCMOS25             |       | 12       | SLOW |              |          |          |
| buttons<0>                         | IOB              | INPUT     | LVCMOS25             |       |          |      |              |          |          |
| buttons<1>                         | IOB              | INPUT     | LVCMOS25             |       |          |      |              |          |          |
| buttons<2>                         | IOB              | INPUT     | LVCMOS25             |       |          |      |              |          |          |
| buttons<3>                         | IOB              | INPUT     | LVCMOS25             |       |          |      |              |          |          |
| buttons<4>                         | IOB              | INPUT     | LVCMOS25             |       |          |      |              |          |          |
| clk_100                            | IOB              | INPUT     | LVCMOS25             |       |          |      |              |          |          |
| ddr_d_ck                           | IOB              | OUTPUT    | DIFF_SSTL18_II       |       |          |      | OSERDES      |          |          |
| ddr_d_ck_n                         | IOB              | OUTPUT    | DIFF_SSTL18_II       |       |          |      | OSERDES      |          |          |
| ddr_d_dqs                          | IOB              | BIDIR     | DIFF_SSTL18_II       |       |          |      |              | PULLDOWN |          |
| ddr_d_dqs_n                        | IOB              | BIDIR     | DIFF_SSTL18_II       |       |          |      |              | PULLUP   |          |
| ddr_d_udqs                         | IOB              | BIDIR     | DIFF_SSTL18_II       |       |          |      |              | PULLDOWN |          |
| ddr_d_udqs_n                       | IOB              | BIDIR     | DIFF_SSTL18_II       |       |          |      |              | PULLUP   |          |
| ddr_s_a<0>                         | IOB              | OUTPUT    | SSTL18_II            |       |          |      | OSERDES      |          |          |
| ddr_s_a<1>                         | IOB              | OUTPUT    | SSTL18_II            |       |          |      | OSERDES      |          |          |
| ddr_s_a<2>                         | IOB              | OUTPUT    | SSTL18_II            |       |          |      | OSERDES      |          |          |
| ddr_s_a<3>                         | IOB              | OUTPUT    | SSTL18_II            |       |          |      | OSERDES      |          |          |
| ddr_s_a<4>                         | IOB              | OUTPUT    | SSTL18_II            |       |          |      | OSERDES      |          |          |
| ddr_s_a<5>                         | IOB              | OUTPUT    | SSTL18_II            |       |          |      | OSERDES      |          |          |
| ddr_s_a<6>                         | IOB              | OUTPUT    | SSTL18_II            |       |          |      | OSERDES      |          |          |
| ddr_s_a<7>                         | IOB              | OUTPUT    | SSTL18_II            |       |          |      | OSERDES      |          |          |
| ddr_s_a<8>                         | IOB              | OUTPUT    | SSTL18_II            |       |          |      | OSERDES      |          |          |
| ddr_s_a<9>                         | IOB              | OUTPUT    | SSTL18_II            |       |          |      | OSERDES      |          |          |
| ddr_s_a<10>                        | IOB              | OUTPUT    | SSTL18_II            |       |          |      | OSERDES      |          |          |
| ddr_s_a<11>                        | IOB              | OUTPUT    | SSTL18_II            |       |          |      | OSERDES      |          |          |
| ddr_s_a<12>                        | IOB              | OUTPUT    | SSTL18_II            |       |          |      | OSERDES      |          |          |
| ddr_s_ba<0>                        | IOB              | OUTPUT    | SSTL18_II            |       |          |      | OSERDES      |          |          |
| ddr_s_ba<1>                        | IOB              | OUTPUT    | SSTL18_II            |       |          |      | OSERDES      |          |          |
| ddr_s_ba<2>                        | IOB              | OUTPUT    | SSTL18_II            |       |          |      | OSERDES      |          |          |
| ddr_s_cas_n                        | IOB              | OUTPUT    | SSTL18_II            |       |          |      | OSERDES      |          |          |
| ddr_s_cke                          | IOB              | OUTPUT    | SSTL18_II            |       |          |      | OSERDES      |          |          |
| ddr_s_dm                           | IOB              | OUTPUT    | SSTL18_II            |       |          |      |              |          |          |
| ddr_s_dq<0>                        | IOB              | BIDIR     | SSTL18_II            |       |          |      |              |          |          |
| ddr_s_dq<1>                        | IOB              | BIDIR     | SSTL18_II            |       |          |      |              |          |          |
| ddr_s_dq<2>                        | IOB              | BIDIR     | SSTL18_II            |       |          |      |              |          |          |
| ddr_s_dq<3>                        | IOB              | BIDIR     | SSTL18_II            |       |          |      |              |          |          |
| ddr_s_dq<4>                        | IOB              | BIDIR     | SSTL18_II            |       |          |      |              |          |          |
| ddr_s_dq<5>                        | IOB              | BIDIR     | SSTL18_II            |       |          |      |              |          |          |
| ddr_s_dq<6>                        | IOB              | BIDIR     | SSTL18_II            |       |          |      |              |          |          |
| ddr_s_dq<7>                        | IOB              | BIDIR     | SSTL18_II            |       |          |      |              |          |          |
| ddr_s_dq<8>                        | IOB              | BIDIR     | SSTL18_II            |       |          |      |              |          |          |
| ddr_s_dq<9>                        | IOB              | BIDIR     | SSTL18_II            |       |          |      |              |          |          |
| ddr_s_dq<10>                       | IOB              | BIDIR     | SSTL18_II            |       |          |      |              |          |          |
| ddr_s_dq<11>                       | IOB              | BIDIR     | SSTL18_II            |       |          |      |              |          |          |
| ddr_s_dq<12>                       | IOB              | BIDIR     | SSTL18_II            |       |          |      |              |          |          |
| ddr_s_dq<13>                       | IOB              | BIDIR     | SSTL18_II            |       |          |      |              |          |          |
| ddr_s_dq<14>                       | IOB              | BIDIR     | SSTL18_II            |       |          |      |              |          |          |
| ddr_s_dq<15>                       | IOB              | BIDIR     | SSTL18_II            |       |          |      |              |          |          |
| ddr_s_odt                          | IOB              | OUTPUT    | SSTL18_II            |       |          |      | OSERDES      |          |          |
| ddr_s_ras_n                        | IOB              | OUTPUT    | SSTL18_II            |       |          |      | OSERDES      |          |          |
| ddr_s_rzq                          | IOB              | BIDIR     | SSTL18_II            |       |          |      |              |          | DEFAULT  |
| ddr_s_udm                          | IOB              | OUTPUT    | SSTL18_II            |       |          |      |              |          |          |
| ddr_s_we_n                         | IOB              | OUTPUT    | SSTL18_II            |       |          |      | OSERDES      |          |          |
| ddr_s_zio                          | IOB              | BIDIR     | SSTL18_II            |       |          |      |              |          | DEFAULT  |
| leds<0>                            | IOB              | OUTPUT    | LVCMOS25             |       | 12       | SLOW |              |          |          |
| leds<1>                            | IOB              | OUTPUT    | LVCMOS25             |       | 12       | SLOW |              |          |          |
| leds<2>                            | IOB              | OUTPUT    | LVCMOS25             |       | 12       | SLOW |              |          |          |
| leds<3>                            | IOB              | OUTPUT    | LVCMOS25             |       | 12       | SLOW |              |          |          |
| leds<4>                            | IOB              | OUTPUT    | LVCMOS25             |       | 12       | SLOW |              |          |          |
| leds<5>                            | IOB              | OUTPUT    | LVCMOS25             |       | 12       | SLOW |              |          |          |
| leds<6>                            | IOB              | OUTPUT    | LVCMOS25             |       | 12       | SLOW |              |          |          |
| leds<7>                            | IOB              | OUTPUT    | LVCMOS25             |       | 12       | SLOW |              |          |          |
| pmod<0>                            | IOB              | BIDIR     | LVCMOS25             |       | 12       | SLOW |              |          |          |
| pmod<1>                            | IOB              | BIDIR     | LVCMOS25             |       | 12       | SLOW |              |          |          |
| pmod<2>                            | IOB              | BIDIR     | LVCMOS25             |       | 12       | SLOW |              |          |          |
| pmod<3>                            | IOB              | BIDIR     | LVCMOS25             |       | 12       | SLOW |              |          |          |
| pmod<4>                            | IOB              | BIDIR     | LVCMOS25             |       | 12       | SLOW |              |          |          |
| pmod<5>                            | IOB              | BIDIR     | LVCMOS25             |       | 12       | SLOW |              |          |          |
| pmod<6>                            | IOB              | BIDIR     | LVCMOS25             |       | 12       | SLOW |              |          |          |
| pmod<7>                            | IOB              | BIDIR     | LVCMOS25             |       | 12       | SLOW |              |          |          |
| reset_ex_n                         | IOB              | INPUT     | LVCMOS18             |       |          |      |              |          |          |
| switches<0>                        | IOB              | INPUT     | LVCMOS25             |       |          |      |              |          |          |
| switches<1>                        | IOB              | INPUT     | LVCMOS25             |       |          |      |              |          |          |
| switches<2>                        | IOB              | INPUT     | LVCMOS25             |       |          |      |              |          |          |
| switches<3>                        | IOB              | INPUT     | LVCMOS25             |       |          |      |              |          |          |
| switches<4>                        | IOB              | INPUT     | LVCMOS25             |       |          |      |              |          |          |
| switches<5>                        | IOB              | INPUT     | LVCMOS25             |       |          |      |              |          |          |
| switches<6>                        | IOB              | INPUT     | LVCMOS25             |       |          |      |              |          |          |
| switches<7>                        | IOB              | INPUT     | LVCMOS25             |       |          |      |              |          |          |
+---------------------------------------------------------------------------------------------------------------------------------------------------------+

Section 7 - RPMs
----------------

Section 8 - Guide Report
------------------------
Guide not run on this design.

Section 9 - Area Group and Partition Summary
--------------------------------------------

Partition Implementation Status
-------------------------------

  No Partitions were found in this design.

-------------------------------

Area Group Information
----------------------

  No area groups were found in this design.

----------------------

Section 10 - Timing Report
--------------------------
A logic-level (pre-route) timing report can be generated by using Xilinx static
timing analysis tools, Timing Analyzer (GUI) or TRCE (command line), with the
mapped NCD and PCF files. Please note that this timing report will be generated
using estimated delay information. For accurate numbers, please generate a
timing report with the post Place and Route NCD file.

For more information about the Timing Analyzer, consult the Xilinx Timing
Analyzer Reference Manual; for more information about TRCE, consult the Xilinx
Command Line Tools User Guide "TRACE" chapter.

Section 11 - Configuration String Details
-----------------------------------------
Use the "-detail" map option to print out Configuration Strings

Section 12 - Control Set Information
------------------------------------
Use the "-detail" map option to print out Control Set Information.

Section 13 - Utilization by Hierarchy
-------------------------------------
Use the "-detail" map option to print out the Utilization by Hierarchy section.
